2016-05-12 05:44:08 [main] INFO  PropertiesFileLocalPreferences:114 - LOADING LOCAL PROPERTIES FROM C:\Users\Zeeshan\Documents\GitHub\behavior-driven-automation\serenity.properties 
2016-05-12 05:44:08 [main] INFO  PropertiesFileLocalPreferences:114 - LOADING LOCAL PROPERTIES FROM C:\Users\Zeeshan\Documents\GitHub\behavior-driven-automation\serenity.properties 
2016-05-12 05:44:08 [main] INFO  PropertiesFileLocalPreferences:114 - LOADING LOCAL PROPERTIES FROM C:\Users\Zeeshan\Documents\GitHub\behavior-driven-automation\serenity.properties 
2016-05-12 05:44:08 [main] INFO  PropertiesFileLocalPreferences:129 - webdriver.chrome.driver=drivers/chromedriver.exe
2016-05-12 05:44:08 [main] INFO  PropertiesFileLocalPreferences:129 - serenity.keep.unscaled.screenshots=true
2016-05-12 05:44:08 [main] INFO  PropertiesFileLocalPreferences:129 - dashboard.excluded.tag.list=test suite, story
2016-05-12 05:44:08 [main] INFO  PropertiesFileLocalPreferences:129 - serenity.reports.show.step.details=false
2016-05-12 05:44:08 [main] INFO  PropertiesFileLocalPreferences:129 - serenity.report.show.manual.tests=false
2016-05-12 05:44:08 [main] INFO  PropertiesFileLocalPreferences:129 - webdriver.base.url=http://en.wiktionary.org/wiki/Wiktionary
2016-05-12 05:44:08 [main] INFO  PropertiesFileLocalPreferences:129 - serenity.project.name=Behavior Driven Automation Framework
2016-05-12 05:44:08 [main] INFO  PropertiesFileLocalPreferences:129 - webdriver.wait.for.timeout=60000
2016-05-12 05:44:08 [main] INFO  PropertiesFileLocalPreferences:129 - story.timeout.in.secs=3600
2016-05-12 05:44:08 [main] INFO  PropertiesFileLocalPreferences:129 - serenity.requirement.types=test suite, capability, feature, story
2016-05-12 05:44:08 [main] INFO  PropertiesFileLocalPreferences:129 - security.enable_java=true
2016-05-12 05:44:08 [main] INFO  PropertiesFileLocalPreferences:129 - serenity.maintain.session=true
2016-05-12 05:44:08 [main] INFO  PropertiesFileLocalPreferences:129 - serenity.resized.image.width=1920
2016-05-12 05:44:08 [main] INFO  PropertiesFileLocalPreferences:129 - thucycides.step.delay=1000
2016-05-12 05:44:08 [main] INFO  PropertiesFileLocalPreferences:129 - webdriver.timeouts.implicitlywait=10000
2016-05-12 05:44:08 [main] INFO  PropertiesFileLocalPreferences:129 - serenity.take.screenshots=AFTER_EACH_STEP
2016-05-12 05:44:08 [pool-2-thread-1] INFO  SystemPropertiesConfiguration:170 - project.build.directory : null
2016-05-12 05:44:08 [pool-2-thread-1] INFO  SystemPropertiesConfiguration:171 - project.reporting.OutputDirectory : null
2016-05-12 05:44:08 [pool-2-thread-1] INFO  SystemPropertiesConfiguration:144 - OutputDirectory : C:\Users\Zeeshan\Documents\GitHub\behavior-driven-automation\target\site\serenity
2016-05-12 05:44:08 [pool-2-thread-1] INFO  Serenity:193 - 

-------------------------------------------------------------------------------------
     _______. _______ .______       _______ .__   __.  __  .___________.____    ____ 
    /       ||   ____||   _  \     |   ____||  \ |  | |  | |           |\   \  /   / 
   |   (----`|  |__   |  |_)  |    |  |__   |   \|  | |  | `---|  |----` \   \/   /  
    \   \    |   __|  |      /     |   __|  |  . `  | |  |     |  |       \_    _/   
.----)   |   |  |____ |  |\  \----.|  |____ |  |\   | |  |     |  |         |  |     
|_______/    |_______|| _| `._____||_______||__| \__| |__|     |__|         |__|    
-------------------------------------------------------------------------------------

2016-05-12 05:44:08 [pool-2-thread-1] INFO  Serenity:222 - Test Suite Started: Str101- lookup a definition
2016-05-12 05:44:08 [pool-2-thread-1] INFO  Serenity:232 - 
 _____ _____ ____ _____   ____ _____  _    ____ _____ _____ ____  
|_   _| ____/ ___|_   _| / ___|_   _|/ \  |  _ \_   _| ____|  _ \ 
  | | |  _| \___ \ | |   \___ \ | | / _ \ | |_) || | |  _| | | | |
  | | | |___ ___) || |    ___) || |/ ___ \|  _ < | | | |___| |_| |
  |_| |_____|____/ |_|   |____/ |_/_/   \_\_| \_\|_| |_____|____/ 
                                                                  

TEST STARTED: TC101 - Lookup the definition of a word (Single Test Data)
-------------------------------------------------------------------
2016-05-12 05:44:09 [pool-2-thread-1] INFO  SystemPropertiesConfiguration:170 - project.build.directory : null
2016-05-12 05:44:09 [pool-2-thread-1] INFO  SystemPropertiesConfiguration:171 - project.reporting.OutputDirectory : null
2016-05-12 05:44:09 [pool-2-thread-1] INFO  SystemPropertiesConfiguration:144 - OutputDirectory : C:\Users\Zeeshan\Documents\GitHub\behavior-driven-automation\target\site\serenity
2016-05-12 05:44:09 [pool-2-thread-1] INFO  FileSystemRequirementsTagProvider:135 - Loading requirements from isExists=true path:C:\Users\Zeeshan\Documents\GitHub\behavior-driven-automation\target\test-classes\stories
2016-05-12 05:44:09 [pool-2-thread-1] INFO  FileSystemRequirementsTagProvider:135 - Loading requirements from isExists=true path:C:\Users\Zeeshan\Documents\GitHub\behavior-driven-automation\target\test-classes\stories\AcceptanceTestSuite
2016-05-12 05:44:09 [pool-2-thread-1] INFO  FileSystemRequirementsTagProvider:135 - Loading requirements from isExists=true path:C:\Users\Zeeshan\Documents\GitHub\behavior-driven-automation\target\test-classes\stories\AcceptanceTestSuite\Capability
2016-05-12 05:44:09 [pool-2-thread-1] INFO  FileSystemRequirementsTagProvider:135 - Loading requirements from isExists=true path:C:\Users\Zeeshan\Documents\GitHub\behavior-driven-automation\target\test-classes\stories\AcceptanceTestSuite\Capability\Feature
2016-05-12 05:45:31 [pool-2-thread-1] INFO  SystemPropertiesConfiguration:170 - project.build.directory : null
2016-05-12 05:45:31 [pool-2-thread-1] INFO  SystemPropertiesConfiguration:171 - project.reporting.OutputDirectory : null
2016-05-12 05:45:31 [pool-2-thread-1] INFO  SystemPropertiesConfiguration:144 - OutputDirectory : C:\Users\Zeeshan\Documents\GitHub\behavior-driven-automation\target\site\serenity
2016-05-12 05:46:27 [pool-2-thread-1] INFO  BaseElement:40 - Clicked on element located By.name: search
2016-05-12 05:46:28 [pool-2-thread-1] INFO  InputText:66 - Element located By.name: search has value: pear
2016-05-12 05:46:30 [pool-2-thread-1] INFO  BaseElement:40 - Clicked on element located By.name: go
2016-05-12 05:46:32 [pool-2-thread-1] INFO  Serenity:354 - 
        __    _____ _____ ____ _____   ____   _    ____  ____  _____ ____  
  _     \ \  |_   _| ____/ ___|_   _| |  _ \ / \  / ___|/ ___|| ____|  _ \ 
 (_)_____| |   | | |  _| \___ \ | |   | |_) / _ \ \___ \\___ \|  _| | | | |
  _|_____| |   | | | |___ ___) || |   |  __/ ___ \ ___) |___) | |___| |_| |
 (_)     | |   |_| |_____|____/ |_|   |_| /_/   \_\____/|____/|_____|____/ 
        /_/                                                                

TEST PASSED: TC101 - Lookup the definition of a word (Single Test Data)
----------------------------------------------------------------------------
2016-05-12 05:46:32 [pool-2-thread-1] INFO  Serenity:232 - 
 _____ _____ ____ _____   ____ _____  _    ____ _____ _____ ____  
|_   _| ____/ ___|_   _| / ___|_   _|/ \  |  _ \_   _| ____|  _ \ 
  | | |  _| \___ \ | |   \___ \ | | / _ \ | |_) || | |  _| | | | |
  | | | |___ ___) || |    ___) || |/ ___ \|  _ < | | | |___| |_| |
  |_| |_____|____/ |_|   |____/ |_/_/   \_\_| \_\|_| |_____|____/ 
                                                                  

TEST STARTED: TC102 - Looking up abbreviations (Multiple Test Data)
-------------------------------------------------------------------
2016-05-12 05:46:34 [pool-2-thread-1] INFO  BaseElement:40 - Clicked on element located By.name: search
2016-05-12 05:46:34 [pool-2-thread-1] INFO  InputText:66 - Element located By.name: search has value: USA
2016-05-12 05:46:37 [pool-2-thread-1] INFO  BaseElement:40 - Clicked on element located By.name: go
2016-05-12 05:46:40 [pool-2-thread-1] INFO  BaseElement:40 - Clicked on element located By.name: search
2016-05-12 05:46:41 [pool-2-thread-1] INFO  InputText:66 - Element located By.name: search has value: HTML
2016-05-12 05:46:43 [pool-2-thread-1] INFO  BaseElement:40 - Clicked on element located By.name: go
2016-05-12 05:46:46 [pool-2-thread-1] INFO  BaseElement:40 - Clicked on element located By.name: search
2016-05-12 05:46:46 [pool-2-thread-1] INFO  InputText:66 - Element located By.name: search has value: CSS
2016-05-12 05:46:48 [pool-2-thread-1] INFO  BaseElement:40 - Clicked on element located By.name: go
2016-05-12 05:46:49 [pool-2-thread-1] ERROR Serenity:278 - 
           __  _____ _____ ____ _____   _____ _    ___ _     _____ ____  
  _       / / |_   _| ____/ ___|_   _| |  ___/ \  |_ _| |   | ____|  _ \ 
 (_)_____| |    | | |  _| \___ \ | |   | |_ / _ \  | || |   |  _| | | | |
  _|_____| |    | | | |___ ___) || |   |  _/ ___ \ | || |___| |___| |_| |
 (_)     | |    |_| |_____|____/ |_|   |_|/_/   \_\___|_____|_____|____/ 
          \_\                                                            

TEST FAILED: TC102 - Looking up abbreviations (Multiple Test Data)
--------------------------------------------------------------------------
2016-05-12 05:46:50 [pool-2-thread-1] ERROR Serenity:325 - TEST FAILED AT STEP Can view definition of: Hyper Text Markup Language
2016-05-12 05:46:50 [pool-2-thread-1] ERROR Serenity:327 - Expected: a collection containing a string containing "Hyper Text Markup Language" but: was "Initialism of Hypertext Markup Language."
2016-05-12 05:48:14 [main] INFO  PropertiesFileLocalPreferences:114 - LOADING LOCAL PROPERTIES FROM C:\Users\Zeeshan\Documents\GitHub\behavior-driven-automation\serenity.properties 
2016-05-12 05:48:14 [main] INFO  PropertiesFileLocalPreferences:114 - LOADING LOCAL PROPERTIES FROM C:\Users\Zeeshan\Documents\GitHub\behavior-driven-automation\serenity.properties 
2016-05-12 05:48:14 [main] INFO  PropertiesFileLocalPreferences:114 - LOADING LOCAL PROPERTIES FROM C:\Users\Zeeshan\Documents\GitHub\behavior-driven-automation\serenity.properties 
2016-05-12 05:48:14 [main] INFO  PropertiesFileLocalPreferences:129 - webdriver.chrome.driver=drivers/chromedriver.exe
2016-05-12 05:48:14 [main] INFO  PropertiesFileLocalPreferences:129 - serenity.keep.unscaled.screenshots=true
2016-05-12 05:48:14 [main] INFO  PropertiesFileLocalPreferences:129 - dashboard.excluded.tag.list=test suite, story
2016-05-12 05:48:14 [main] INFO  PropertiesFileLocalPreferences:129 - serenity.reports.show.step.details=false
2016-05-12 05:48:14 [main] INFO  PropertiesFileLocalPreferences:129 - serenity.report.show.manual.tests=false
2016-05-12 05:48:14 [main] INFO  PropertiesFileLocalPreferences:129 - webdriver.base.url=http://en.wiktionary.org/wiki/Wiktionary
2016-05-12 05:48:14 [main] INFO  PropertiesFileLocalPreferences:129 - serenity.project.name=Behavior Driven Automation Framework
2016-05-12 05:48:14 [main] INFO  PropertiesFileLocalPreferences:129 - webdriver.wait.for.timeout=60000
2016-05-12 05:48:14 [main] INFO  PropertiesFileLocalPreferences:129 - story.timeout.in.secs=3600
2016-05-12 05:48:14 [main] INFO  PropertiesFileLocalPreferences:129 - serenity.requirement.types=test suite, capability, feature, story
2016-05-12 05:48:14 [main] INFO  PropertiesFileLocalPreferences:129 - security.enable_java=true
2016-05-12 05:48:14 [main] INFO  PropertiesFileLocalPreferences:129 - serenity.maintain.session=true
2016-05-12 05:48:14 [main] INFO  PropertiesFileLocalPreferences:129 - serenity.resized.image.width=1920
2016-05-12 05:48:14 [main] INFO  PropertiesFileLocalPreferences:129 - thucycides.step.delay=1000
2016-05-12 05:48:14 [main] INFO  PropertiesFileLocalPreferences:129 - webdriver.timeouts.implicitlywait=10000
2016-05-12 05:48:14 [main] INFO  PropertiesFileLocalPreferences:129 - serenity.take.screenshots=AFTER_EACH_STEP
2016-05-12 05:48:14 [pool-2-thread-1] INFO  SystemPropertiesConfiguration:170 - project.build.directory : null
2016-05-12 05:48:14 [pool-2-thread-1] INFO  SystemPropertiesConfiguration:171 - project.reporting.OutputDirectory : null
2016-05-12 05:48:14 [pool-2-thread-1] INFO  SystemPropertiesConfiguration:144 - OutputDirectory : C:\Users\Zeeshan\Documents\GitHub\behavior-driven-automation\target\site\serenity
2016-05-12 05:48:14 [pool-2-thread-1] INFO  Serenity:193 - 

-------------------------------------------------------------------------------------
     _______. _______ .______       _______ .__   __.  __  .___________.____    ____ 
    /       ||   ____||   _  \     |   ____||  \ |  | |  | |           |\   \  /   / 
   |   (----`|  |__   |  |_)  |    |  |__   |   \|  | |  | `---|  |----` \   \/   /  
    \   \    |   __|  |      /     |   __|  |  . `  | |  |     |  |       \_    _/   
.----)   |   |  |____ |  |\  \----.|  |____ |  |\   | |  |     |  |         |  |     
|_______/    |_______|| _| `._____||_______||__| \__| |__|     |__|         |__|    
-------------------------------------------------------------------------------------

2016-05-12 05:48:14 [pool-2-thread-1] INFO  Serenity:222 - Test Suite Started: Copy of STR101-LookupADefinition
2016-05-12 05:48:15 [pool-2-thread-1] INFO  Serenity:232 - 
 _____ _____ ____ _____   ____ _____  _    ____ _____ _____ ____  
|_   _| ____/ ___|_   _| / ___|_   _|/ \  |  _ \_   _| ____|  _ \ 
  | | |  _| \___ \ | |   \___ \ | | / _ \ | |_) || | |  _| | | | |
  | | | |___ ___) || |    ___) || |/ ___ \|  _ < | | | |___| |_| |
  |_| |_____|____/ |_|   |____/ |_/_/   \_\_| \_\|_| |_____|____/ 
                                                                  

TEST STARTED: TC101 - Lookup the definition of a word (Single Test Data)
-------------------------------------------------------------------
2016-05-12 05:48:15 [pool-2-thread-1] INFO  SystemPropertiesConfiguration:170 - project.build.directory : null
2016-05-12 05:48:15 [pool-2-thread-1] INFO  SystemPropertiesConfiguration:171 - project.reporting.OutputDirectory : null
2016-05-12 05:48:15 [pool-2-thread-1] INFO  SystemPropertiesConfiguration:144 - OutputDirectory : C:\Users\Zeeshan\Documents\GitHub\behavior-driven-automation\target\site\serenity
2016-05-12 05:48:15 [pool-2-thread-1] INFO  FileSystemRequirementsTagProvider:135 - Loading requirements from isExists=true path:C:\Users\Zeeshan\Documents\GitHub\behavior-driven-automation\target\test-classes\stories
2016-05-12 05:48:15 [pool-2-thread-1] INFO  FileSystemRequirementsTagProvider:135 - Loading requirements from isExists=true path:C:\Users\Zeeshan\Documents\GitHub\behavior-driven-automation\target\test-classes\stories\AcceptanceTestSuite
2016-05-12 05:48:15 [pool-2-thread-1] INFO  FileSystemRequirementsTagProvider:135 - Loading requirements from isExists=true path:C:\Users\Zeeshan\Documents\GitHub\behavior-driven-automation\target\test-classes\stories\AcceptanceTestSuite\Capability
2016-05-12 05:48:15 [pool-2-thread-1] INFO  FileSystemRequirementsTagProvider:135 - Loading requirements from isExists=true path:C:\Users\Zeeshan\Documents\GitHub\behavior-driven-automation\target\test-classes\stories\AcceptanceTestSuite\Capability\Feature
2016-05-12 05:48:44 [pool-2-thread-1] INFO  SystemPropertiesConfiguration:170 - project.build.directory : null
2016-05-12 05:48:44 [pool-2-thread-1] INFO  SystemPropertiesConfiguration:171 - project.reporting.OutputDirectory : null
2016-05-12 05:48:44 [pool-2-thread-1] INFO  SystemPropertiesConfiguration:144 - OutputDirectory : C:\Users\Zeeshan\Documents\GitHub\behavior-driven-automation\target\site\serenity
2016-05-12 05:48:58 [pool-2-thread-1] INFO  BaseElement:40 - Clicked on element located By.name: search
2016-05-12 05:48:59 [pool-2-thread-1] INFO  InputText:66 - Element located By.name: search has value: pear
2016-05-12 05:49:04 [pool-2-thread-1] INFO  BaseElement:40 - Clicked on element located By.name: go
2016-05-12 05:49:06 [pool-2-thread-1] INFO  Serenity:354 - 
        __    _____ _____ ____ _____   ____   _    ____  ____  _____ ____  
  _     \ \  |_   _| ____/ ___|_   _| |  _ \ / \  / ___|/ ___|| ____|  _ \ 
 (_)_____| |   | | |  _| \___ \ | |   | |_) / _ \ \___ \\___ \|  _| | | | |
  _|_____| |   | | | |___ ___) || |   |  __/ ___ \ ___) |___) | |___| |_| |
 (_)     | |   |_| |_____|____/ |_|   |_| /_/   \_\____/|____/|_____|____/ 
        /_/                                                                

TEST PASSED: TC101 - Lookup the definition of a word (Single Test Data)
----------------------------------------------------------------------------
2016-05-12 05:49:06 [pool-2-thread-1] INFO  Serenity:232 - 
 _____ _____ ____ _____   ____ _____  _    ____ _____ _____ ____  
|_   _| ____/ ___|_   _| / ___|_   _|/ \  |  _ \_   _| ____|  _ \ 
  | | |  _| \___ \ | |   \___ \ | | / _ \ | |_) || | |  _| | | | |
  | | | |___ ___) || |    ___) || |/ ___ \|  _ < | | | |___| |_| |
  |_| |_____|____/ |_|   |____/ |_/_/   \_\_| \_\|_| |_____|____/ 
                                                                  

TEST STARTED: TC102 - Looking up abbreviations (Multiple Test Data)
-------------------------------------------------------------------
2016-05-12 05:49:09 [pool-2-thread-1] INFO  BaseElement:40 - Clicked on element located By.name: search
2016-05-12 05:49:10 [pool-2-thread-1] INFO  InputText:66 - Element located By.name: search has value: USA
2016-05-12 05:49:12 [pool-2-thread-1] INFO  BaseElement:40 - Clicked on element located By.name: go
2016-05-12 05:49:16 [pool-2-thread-1] INFO  BaseElement:40 - Clicked on element located By.name: search
2016-05-12 05:49:16 [pool-2-thread-1] INFO  InputText:66 - Element located By.name: search has value: HTML
2016-05-12 05:49:20 [pool-2-thread-1] INFO  BaseElement:40 - Clicked on element located By.name: go
2016-05-12 05:49:22 [pool-2-thread-1] INFO  BaseElement:40 - Clicked on element located By.name: search
2016-05-12 05:49:23 [pool-2-thread-1] INFO  InputText:66 - Element located By.name: search has value: CSS
2016-05-12 05:49:25 [pool-2-thread-1] INFO  BaseElement:40 - Clicked on element located By.name: go
2016-05-12 05:49:27 [pool-2-thread-1] ERROR Serenity:278 - 
           __  _____ _____ ____ _____   _____ _    ___ _     _____ ____  
  _       / / |_   _| ____/ ___|_   _| |  ___/ \  |_ _| |   | ____|  _ \ 
 (_)_____| |    | | |  _| \___ \ | |   | |_ / _ \  | || |   |  _| | | | |
  _|_____| |    | | | |___ ___) || |   |  _/ ___ \ | || |___| |___| |_| |
 (_)     | |    |_| |_____|____/ |_|   |_|/_/   \_\___|_____|_____|____/ 
          \_\                                                            

TEST FAILED: TC102 - Looking up abbreviations (Multiple Test Data)
--------------------------------------------------------------------------
2016-05-12 05:49:27 [pool-2-thread-1] ERROR Serenity:325 - TEST FAILED AT STEP Can view definition of: Hyper Text Markup Language
2016-05-12 05:49:27 [pool-2-thread-1] ERROR Serenity:327 - Expected: a collection containing a string containing "Hyper Text Markup Language" but: was "Initialism of Hypertext Markup Language."
2016-05-12 05:49:28 [pool-2-thread-1] INFO  Serenity:222 - Test Suite Started: Str101- lookup a definition
2016-05-12 05:49:28 [pool-2-thread-1] INFO  Serenity:232 - 
 _____ _____ ____ _____   ____ _____  _    ____ _____ _____ ____  
|_   _| ____/ ___|_   _| / ___|_   _|/ \  |  _ \_   _| ____|  _ \ 
  | | |  _| \___ \ | |   \___ \ | | / _ \ | |_) || | |  _| | | | |
  | | | |___ ___) || |    ___) || |/ ___ \|  _ < | | | |___| |_| |
  |_| |_____|____/ |_|   |____/ |_/_/   \_\_| \_\|_| |_____|____/ 
                                                                  

TEST STARTED: TC101 - Lookup the definition of a word (Single Test Data)
-------------------------------------------------------------------
2016-05-12 05:51:23 [pool-2-thread-1] ERROR Serenity:290 - 
           __  _____ _____ ____ _____   _____ _    ___ _     _____ ____  
  _       / / |_   _| ____/ ___|_   _| |  ___/ \  |_ _| |   | ____|  _ \ 
 (_)_____| |    | | |  _| \___ \ | |   | |_ / _ \  | || |   |  _| | | | |
  _|_____| |    | | | |___ ___) || |   |  _/ ___ \ | || |___| |___| |_| |
 (_)     | |    |_| |_____|____/ |_|   |_|/_/   \_\___|_____|_____|____/ 
          \_\                                                            

TEST FAILED WITH ERROR: TC101 - Lookup the definition of a word (Single Test Data)
---------------------------------------------------------------------
2016-05-12 05:51:23 [pool-2-thread-1] ERROR Serenity:325 - TEST FAILED AT STEP Enters search text as: pear
2016-05-12 05:51:23 [pool-2-thread-1] ERROR Serenity:327 - Timed out after 60 seconds waiting for presence of element located by: By.name: search
2016-05-12 05:51:23 [pool-2-thread-1] INFO  Serenity:232 - 
 _____ _____ ____ _____   ____ _____  _    ____ _____ _____ ____  
|_   _| ____/ ___|_   _| / ___|_   _|/ \  |  _ \_   _| ____|  _ \ 
  | | |  _| \___ \ | |   \___ \ | | / _ \ | |_) || | |  _| | | | |
  | | | |___ ___) || |    ___) || |/ ___ \|  _ < | | | |___| |_| |
  |_| |_____|____/ |_|   |____/ |_/_/   \_\_| \_\|_| |_____|____/ 
                                                                  

TEST STARTED: TC102 - Looking up abbreviations (Multiple Test Data)
-------------------------------------------------------------------
2016-05-12 05:52:45 [pool-2-thread-1] WARN  BasePage:106 - 
org.openqa.selenium.WebDriverException: chrome not reachable
  (Session info: chrome=50.0.2661.94)
  (Driver info: chromedriver=2.21.371459 (36d3d07f660ff2bc1bf28a75d1cdabed0983e7c4),platform=Windows NT 10.0 x86_64) (WARNING: The server did not provide any stacktrace information)
Command duration or timeout: 2.05 seconds
Build info: version: '2.50.1', revision: 'd7fc91b29de65b790abb01f3ac5f7ea2191c88a7', time: '2016-01-29 11:11:26'
System info: host: 'myDell', ip: '192.168.1.2', os.name: 'Windows 10', os.arch: 'amd64', os.version: '10.0', java.version: '1.8.0_91'
Driver info: org.openqa.selenium.chrome.ChromeDriver
Capabilities [{applicationCacheEnabled=false, rotatable=false, mobileEmulationEnabled=false, chrome={chromedriverVersion=2.21.371459 (36d3d07f660ff2bc1bf28a75d1cdabed0983e7c4), userDataDir=C:\Users\Zeeshan\AppData\Local\Temp\scoped_dir3344_1810}, takesHeapSnapshot=true, databaseEnabled=false, handlesAlerts=true, hasTouchScreen=false, version=50.0.2661.94, platform=XP, browserConnectionEnabled=false, nativeEvents=true, acceptSslCerts=true, locationContextEnabled=true, webStorageEnabled=true, browserName=chrome, takesScreenshot=true, javascriptEnabled=true, cssSelectorsEnabled=true}]
Session ID: 7b7f9e9180e00a4f1965347e180084fb
	at sun.reflect.NativeConstructorAccessorImpl.newInstance0(Native Method) ~[?:1.8.0_91]
	at sun.reflect.NativeConstructorAccessorImpl.newInstance(NativeConstructorAccessorImpl.java:62) ~[?:1.8.0_91]
	at sun.reflect.DelegatingConstructorAccessorImpl.newInstance(DelegatingConstructorAccessorImpl.java:45) ~[?:1.8.0_91]
	at java.lang.reflect.Constructor.newInstance(Constructor.java:423) ~[?:1.8.0_91]
	at org.openqa.selenium.remote.ErrorHandler.createThrowable(ErrorHandler.java:206) ~[selenium-remote-driver-2.50.1.jar:?]
	at org.openqa.selenium.remote.ErrorHandler.throwIfResponseFailed(ErrorHandler.java:158) ~[selenium-remote-driver-2.50.1.jar:?]
	at org.openqa.selenium.remote.RemoteWebDriver.execute(RemoteWebDriver.java:678) ~[selenium-remote-driver-2.50.1.jar:?]
	at org.openqa.selenium.remote.RemoteWebDriver.executeScript(RemoteWebDriver.java:577) ~[selenium-remote-driver-2.50.1.jar:?]
	at net.thucydides.core.webdriver.WebDriverFacade.executeScript(WebDriverFacade.java:366) ~[serenity-core-1.1.26-rc.3.jar:1.1.26-rc.3]
	at com.bda.app.pages.BasePage$1.apply(BasePage.java:90) ~[classes/:?]
	at com.bda.app.pages.BasePage$1.apply(BasePage.java:88) ~[classes/:?]
	at org.openqa.selenium.support.ui.FluentWait.until(FluentWait.java:238) ~[selenium-support-2.50.1.jar:?]
	at com.bda.app.pages.BasePage.waitForDocumentReadyStateToComplete(BasePage.java:95) [classes/:?]
	at com.bda.app.html.elements.InputText.setText(InputText.java:75) [classes/:?]
	at com.bda.app.pages.DictionaryPage.setSearchTextAs(DictionaryPage.java:49) [classes/:?]
	at com.bda.app.definitions.steps.DictionarySteps.entersSearchTextAs(DictionarySteps.java:24) [test-classes/:?]
	at com.bda.app.definitions.steps.DictionarySteps$$EnhancerByCGLIB$$5aaedc09.CGLIB$entersSearchTextAs$4(<generated>) [cglib-3.1.jar:?]
	at com.bda.app.definitions.steps.DictionarySteps$$EnhancerByCGLIB$$5aaedc09$$FastClassByCGLIB$$196c9a4b.invoke(<generated>) [cglib-3.1.jar:?]
	at net.sf.cglib.proxy.MethodProxy.invokeSuper(MethodProxy.java:228) [cglib-3.1.jar:?]
	at net.thucydides.core.steps.StepInterceptor.invokeMethod(StepInterceptor.java:348) [serenity-core-1.1.26-rc.3.jar:1.1.26-rc.3]
	at net.thucydides.core.steps.StepInterceptor.executeTestStepMethod(StepInterceptor.java:333) [serenity-core-1.1.26-rc.3.jar:1.1.26-rc.3]
	at net.thucydides.core.steps.StepInterceptor.runTestStep(StepInterceptor.java:308) [serenity-core-1.1.26-rc.3.jar:1.1.26-rc.3]
	at net.thucydides.core.steps.StepInterceptor.testStepResult(StepInterceptor.java:130) [serenity-core-1.1.26-rc.3.jar:1.1.26-rc.3]
	at net.thucydides.core.steps.StepInterceptor.intercept(StepInterceptor.java:57) [serenity-core-1.1.26-rc.3.jar:1.1.26-rc.3]
	at com.bda.app.definitions.steps.DictionarySteps$$EnhancerByCGLIB$$5aaedc09.entersSearchTextAs(<generated>) [cglib-3.1.jar:?]
	at com.bda.app.definitions.steps.DictionarySteps.searchesFor(DictionarySteps.java:58) [test-classes/:?]
	at com.bda.app.definitions.steps.DictionarySteps$$EnhancerByCGLIB$$5aaedc09.CGLIB$searchesFor$0(<generated>) [cglib-3.1.jar:?]
	at com.bda.app.definitions.steps.DictionarySteps$$EnhancerByCGLIB$$5aaedc09$$FastClassByCGLIB$$196c9a4b.invoke(<generated>) [cglib-3.1.jar:?]
	at net.sf.cglib.proxy.MethodProxy.invokeSuper(MethodProxy.java:228) [cglib-3.1.jar:?]
	at net.thucydides.core.steps.StepInterceptor.invokeMethod(StepInterceptor.java:348) [serenity-core-1.1.26-rc.3.jar:1.1.26-rc.3]
	at net.thucydides.core.steps.StepInterceptor.executeTestStepMethod(StepInterceptor.java:333) [serenity-core-1.1.26-rc.3.jar:1.1.26-rc.3]
	at net.thucydides.core.steps.StepInterceptor.runTestStep(StepInterceptor.java:308) [serenity-core-1.1.26-rc.3.jar:1.1.26-rc.3]
	at net.thucydides.core.steps.StepInterceptor.testStepResult(StepInterceptor.java:130) [serenity-core-1.1.26-rc.3.jar:1.1.26-rc.3]
	at net.thucydides.core.steps.StepInterceptor.intercept(StepInterceptor.java:57) [serenity-core-1.1.26-rc.3.jar:1.1.26-rc.3]
	at com.bda.app.definitions.steps.DictionarySteps$$EnhancerByCGLIB$$5aaedc09.searchesFor(<generated>) [cglib-3.1.jar:?]
	at com.bda.app.definitions.DictionaryDefinitions.whenTheUserLooksUpTheDefinitionOf(DictionaryDefinitions.java:30) [test-classes/:?]
	at sun.reflect.NativeMethodAccessorImpl.invoke0(Native Method) ~[?:1.8.0_91]
	at sun.reflect.NativeMethodAccessorImpl.invoke(NativeMethodAccessorImpl.java:62) ~[?:1.8.0_91]
	at sun.reflect.DelegatingMethodAccessorImpl.invoke(DelegatingMethodAccessorImpl.java:43) ~[?:1.8.0_91]
	at java.lang.reflect.Method.invoke(Method.java:498) ~[?:1.8.0_91]
	at org.jbehave.core.steps.StepCreator$ParametrisedStep.perform(StepCreator.java:595) [jbehave-core-3.10.jar:?]
	at org.jbehave.core.embedder.StoryRunner$FineSoFar.run(StoryRunner.java:566) [jbehave-core-3.10.jar:?]
	at org.jbehave.core.embedder.StoryRunner.runStepsWhileKeepingState(StoryRunner.java:546) [jbehave-core-3.10.jar:?]
	at org.jbehave.core.embedder.StoryRunner.runScenarioSteps(StoryRunner.java:510) [jbehave-core-3.10.jar:?]
	at org.jbehave.core.embedder.StoryRunner.runStepsWithLifecycle(StoryRunner.java:476) [jbehave-core-3.10.jar:?]
	at org.jbehave.core.embedder.StoryRunner.runScenariosParametrisedByExamples(StoryRunner.java:465) [jbehave-core-3.10.jar:?]
	at org.jbehave.core.embedder.StoryRunner.runCancellable(StoryRunner.java:334) [jbehave-core-3.10.jar:?]
	at org.jbehave.core.embedder.StoryRunner.run(StoryRunner.java:239) [jbehave-core-3.10.jar:?]
	at org.jbehave.core.embedder.StoryRunner.run(StoryRunner.java:182) [jbehave-core-3.10.jar:?]
	at org.jbehave.core.embedder.StoryManager$EnqueuedStory.call(StoryManager.java:266) [jbehave-core-3.10.jar:?]
	at org.jbehave.core.embedder.StoryManager$EnqueuedStory.call(StoryManager.java:233) [jbehave-core-3.10.jar:?]
	at java.util.concurrent.FutureTask.run(FutureTask.java:266) [?:1.8.0_91]
	at java.util.concurrent.ThreadPoolExecutor.runWorker(ThreadPoolExecutor.java:1142) [?:1.8.0_91]
	at java.util.concurrent.ThreadPoolExecutor$Worker.run(ThreadPoolExecutor.java:617) [?:1.8.0_91]
	at java.lang.Thread.run(Thread.java:745) [?:1.8.0_91]
2016-05-12 05:52:48 [pool-2-thread-1] WARN  WebDriverFacade:152 - Failed to take screenshot - driver closed already? (chrome not reachable
  (Session info: chrome=50.0.2661.94)
  (Driver info: chromedriver=2.21.371459 (36d3d07f660ff2bc1bf28a75d1cdabed0983e7c4),platform=Windows NT 10.0 x86_64) (WARNING: The server did not provide any stacktrace information)
Command duration or timeout: 2.05 seconds
Build info: version: '2.50.1', revision: 'd7fc91b29de65b790abb01f3ac5f7ea2191c88a7', time: '2016-01-29 11:11:26'
System info: host: 'myDell', ip: '192.168.1.2', os.name: 'Windows 10', os.arch: 'amd64', os.version: '10.0', java.version: '1.8.0_91'
Driver info: org.openqa.selenium.chrome.ChromeDriver
Capabilities [{applicationCacheEnabled=false, rotatable=false, mobileEmulationEnabled=false, chrome={chromedriverVersion=2.21.371459 (36d3d07f660ff2bc1bf28a75d1cdabed0983e7c4), userDataDir=C:\Users\Zeeshan\AppData\Local\Temp\scoped_dir3344_1810}, takesHeapSnapshot=true, databaseEnabled=false, handlesAlerts=true, hasTouchScreen=false, version=50.0.2661.94, platform=XP, browserConnectionEnabled=false, nativeEvents=true, acceptSslCerts=true, locationContextEnabled=true, webStorageEnabled=true, browserName=chrome, takesScreenshot=true, javascriptEnabled=true, cssSelectorsEnabled=true}]
Session ID: 7b7f9e9180e00a4f1965347e180084fb)
2016-05-12 05:52:52 [pool-2-thread-1] WARN  WebDriverFacade:152 - Failed to take screenshot - driver closed already? (chrome not reachable
  (Session info: chrome=50.0.2661.94)
  (Driver info: chromedriver=2.21.371459 (36d3d07f660ff2bc1bf28a75d1cdabed0983e7c4),platform=Windows NT 10.0 x86_64) (WARNING: The server did not provide any stacktrace information)
Command duration or timeout: 2.03 seconds
Build info: version: '2.50.1', revision: 'd7fc91b29de65b790abb01f3ac5f7ea2191c88a7', time: '2016-01-29 11:11:26'
System info: host: 'myDell', ip: '192.168.1.2', os.name: 'Windows 10', os.arch: 'amd64', os.version: '10.0', java.version: '1.8.0_91'
Driver info: org.openqa.selenium.chrome.ChromeDriver
Capabilities [{applicationCacheEnabled=false, rotatable=false, mobileEmulationEnabled=false, chrome={chromedriverVersion=2.21.371459 (36d3d07f660ff2bc1bf28a75d1cdabed0983e7c4), userDataDir=C:\Users\Zeeshan\AppData\Local\Temp\scoped_dir3344_1810}, takesHeapSnapshot=true, databaseEnabled=false, handlesAlerts=true, hasTouchScreen=false, version=50.0.2661.94, platform=XP, browserConnectionEnabled=false, nativeEvents=true, acceptSslCerts=true, locationContextEnabled=true, webStorageEnabled=true, browserName=chrome, takesScreenshot=true, javascriptEnabled=true, cssSelectorsEnabled=true}]
Session ID: 7b7f9e9180e00a4f1965347e180084fb)
2016-05-12 05:52:56 [pool-2-thread-1] WARN  WebDriverFacade:152 - Failed to take screenshot - driver closed already? (chrome not reachable
  (Session info: chrome=50.0.2661.94)
  (Driver info: chromedriver=2.21.371459 (36d3d07f660ff2bc1bf28a75d1cdabed0983e7c4),platform=Windows NT 10.0 x86_64) (WARNING: The server did not provide any stacktrace information)
Command duration or timeout: 2.05 seconds
Build info: version: '2.50.1', revision: 'd7fc91b29de65b790abb01f3ac5f7ea2191c88a7', time: '2016-01-29 11:11:26'
System info: host: 'myDell', ip: '192.168.1.2', os.name: 'Windows 10', os.arch: 'amd64', os.version: '10.0', java.version: '1.8.0_91'
Driver info: org.openqa.selenium.chrome.ChromeDriver
Capabilities [{applicationCacheEnabled=false, rotatable=false, mobileEmulationEnabled=false, chrome={chromedriverVersion=2.21.371459 (36d3d07f660ff2bc1bf28a75d1cdabed0983e7c4), userDataDir=C:\Users\Zeeshan\AppData\Local\Temp\scoped_dir3344_1810}, takesHeapSnapshot=true, databaseEnabled=false, handlesAlerts=true, hasTouchScreen=false, version=50.0.2661.94, platform=XP, browserConnectionEnabled=false, nativeEvents=true, acceptSslCerts=true, locationContextEnabled=true, webStorageEnabled=true, browserName=chrome, takesScreenshot=true, javascriptEnabled=true, cssSelectorsEnabled=true}]
Session ID: 7b7f9e9180e00a4f1965347e180084fb)
2016-12-21 03:34:53 [main] INFO  PropertiesFileLocalPreferences:114 - LOADING LOCAL PROPERTIES FROM C:\Users\Zeeshan\Documents\GitHub\behavior-driven-automation\serenity.properties 
2016-12-21 03:34:53 [main] INFO  PropertiesFileLocalPreferences:114 - LOADING LOCAL PROPERTIES FROM C:\Users\Zeeshan\Documents\GitHub\behavior-driven-automation\serenity.properties 
2016-12-21 03:34:53 [main] INFO  PropertiesFileLocalPreferences:114 - LOADING LOCAL PROPERTIES FROM C:\Users\Zeeshan\Documents\GitHub\behavior-driven-automation\serenity.properties 
2016-12-21 03:34:53 [main] INFO  PropertiesFileLocalPreferences:129 - webdriver.chrome.driver=drivers/chromedriver.exe
2016-12-21 03:34:53 [main] INFO  PropertiesFileLocalPreferences:129 - serenity.keep.unscaled.screenshots=true
2016-12-21 03:34:53 [main] INFO  PropertiesFileLocalPreferences:129 - dashboard.excluded.tag.list=test suite, story
2016-12-21 03:34:53 [main] INFO  PropertiesFileLocalPreferences:129 - serenity.reports.show.step.details=false
2016-12-21 03:34:53 [main] INFO  PropertiesFileLocalPreferences:129 - serenity.report.show.manual.tests=false
2016-12-21 03:34:53 [main] INFO  PropertiesFileLocalPreferences:129 - webdriver.base.url=http://en.wiktionary.org/wiki/Wiktionary
2016-12-21 03:34:53 [main] INFO  PropertiesFileLocalPreferences:129 - serenity.project.name=Behavior Driven Automation Framework
2016-12-21 03:34:53 [main] INFO  PropertiesFileLocalPreferences:129 - webdriver.wait.for.timeout=60000
2016-12-21 03:34:53 [main] INFO  PropertiesFileLocalPreferences:129 - story.timeout.in.secs=3600
2016-12-21 03:34:53 [main] INFO  PropertiesFileLocalPreferences:129 - serenity.requirement.types=test suite, capability, feature, story
2016-12-21 03:34:53 [main] INFO  PropertiesFileLocalPreferences:129 - security.enable_java=true
2016-12-21 03:34:53 [main] INFO  PropertiesFileLocalPreferences:129 - serenity.maintain.session=true
2016-12-21 03:34:53 [main] INFO  PropertiesFileLocalPreferences:129 - serenity.resized.image.width=1920
2016-12-21 03:34:53 [main] INFO  PropertiesFileLocalPreferences:129 - thucycides.step.delay=1000
2016-12-21 03:34:53 [main] INFO  PropertiesFileLocalPreferences:129 - webdriver.timeouts.implicitlywait=10000
2016-12-21 03:34:53 [main] INFO  PropertiesFileLocalPreferences:129 - serenity.take.screenshots=AFTER_EACH_STEP
2016-12-21 03:34:56 [pool-2-thread-1] INFO  SystemPropertiesConfiguration:170 - project.build.directory : null
2016-12-21 03:34:56 [pool-2-thread-1] INFO  SystemPropertiesConfiguration:171 - project.reporting.OutputDirectory : null
2016-12-21 03:34:56 [pool-2-thread-1] INFO  SystemPropertiesConfiguration:144 - OutputDirectory : C:\Users\Zeeshan\Documents\GitHub\behavior-driven-automation\target\site\serenity
2016-12-21 03:34:56 [pool-2-thread-1] INFO  Serenity:193 - 

-------------------------------------------------------------------------------------
     _______. _______ .______       _______ .__   __.  __  .___________.____    ____ 
    /       ||   ____||   _  \     |   ____||  \ |  | |  | |           |\   \  /   / 
   |   (----`|  |__   |  |_)  |    |  |__   |   \|  | |  | `---|  |----` \   \/   /  
    \   \    |   __|  |      /     |   __|  |  . `  | |  |     |  |       \_    _/   
.----)   |   |  |____ |  |\  \----.|  |____ |  |\   | |  |     |  |         |  |     
|_______/    |_______|| _| `._____||_______||__| \__| |__|     |__|         |__|    
-------------------------------------------------------------------------------------

2016-12-21 03:34:56 [pool-2-thread-1] INFO  Serenity:222 - Test Suite Started: Str101- lookup a definition
2016-12-21 03:34:56 [pool-2-thread-1] INFO  Serenity:232 - 
 _____ _____ ____ _____   ____ _____  _    ____ _____ _____ ____  
|_   _| ____/ ___|_   _| / ___|_   _|/ \  |  _ \_   _| ____|  _ \ 
  | | |  _| \___ \ | |   \___ \ | | / _ \ | |_) || | |  _| | | | |
  | | | |___ ___) || |    ___) || |/ ___ \|  _ < | | | |___| |_| |
  |_| |_____|____/ |_|   |____/ |_/_/   \_\_| \_\|_| |_____|____/ 
                                                                  

TEST STARTED: TC101 - Lookup the definition of a word (Single Test Data)
-------------------------------------------------------------------
2016-12-21 03:34:56 [pool-2-thread-1] INFO  SystemPropertiesConfiguration:170 - project.build.directory : null
2016-12-21 03:34:56 [pool-2-thread-1] INFO  SystemPropertiesConfiguration:171 - project.reporting.OutputDirectory : null
2016-12-21 03:34:56 [pool-2-thread-1] INFO  SystemPropertiesConfiguration:144 - OutputDirectory : C:\Users\Zeeshan\Documents\GitHub\behavior-driven-automation\target\site\serenity
2016-12-21 03:34:56 [pool-2-thread-1] INFO  FileSystemRequirementsTagProvider:135 - Loading requirements from isExists=true path:C:\Users\Zeeshan\Documents\GitHub\behavior-driven-automation\target\test-classes\stories
2016-12-21 03:34:56 [pool-2-thread-1] INFO  FileSystemRequirementsTagProvider:135 - Loading requirements from isExists=true path:C:\Users\Zeeshan\Documents\GitHub\behavior-driven-automation\target\test-classes\stories\AcceptanceTestSuite
2016-12-21 03:34:56 [pool-2-thread-1] INFO  FileSystemRequirementsTagProvider:135 - Loading requirements from isExists=true path:C:\Users\Zeeshan\Documents\GitHub\behavior-driven-automation\target\test-classes\stories\AcceptanceTestSuite\Capability
2016-12-21 03:34:56 [pool-2-thread-1] INFO  FileSystemRequirementsTagProvider:135 - Loading requirements from isExists=true path:C:\Users\Zeeshan\Documents\GitHub\behavior-driven-automation\target\test-classes\stories\AcceptanceTestSuite\Capability\Feature
2016-12-21 03:37:14 [pool-2-thread-1] ERROR WebDriverFacade:142 - FAILED TO CREATE NEW WEBDRIVER_DRIVER INSTANCE class org.openqa.selenium.chrome.ChromeDriver: Could not instantiate class org.openqa.selenium.chrome.ChromeDriver
net.thucydides.core.webdriver.UnsupportedDriverException: Could not instantiate class org.openqa.selenium.chrome.ChromeDriver
	at net.thucydides.core.webdriver.WebDriverFactory.newWebdriverInstance(WebDriverFactory.java:201) ~[serenity-core-1.1.26-rc.3.jar:1.1.26-rc.3]
	at net.thucydides.core.webdriver.WebDriverFacade.newDriverInstance(WebDriverFacade.java:139) [serenity-core-1.1.26-rc.3.jar:1.1.26-rc.3]
	at net.thucydides.core.webdriver.WebDriverFacade.newProxyDriver(WebDriverFacade.java:130) [serenity-core-1.1.26-rc.3.jar:1.1.26-rc.3]
	at net.thucydides.core.webdriver.WebDriverFacade.getProxiedDriver(WebDriverFacade.java:102) [serenity-core-1.1.26-rc.3.jar:1.1.26-rc.3]
	at net.thucydides.core.webdriver.WebDriverFacade.openIgnoringHtmlUnitScriptErrors(WebDriverFacade.java:175) [serenity-core-1.1.26-rc.3.jar:1.1.26-rc.3]
	at net.thucydides.core.webdriver.WebDriverFacade.get(WebDriverFacade.java:170) [serenity-core-1.1.26-rc.3.jar:1.1.26-rc.3]
	at net.serenitybdd.core.pages.PageObject.openPageAtUrl(PageObject.java:829) [serenity-core-1.1.26-rc.3.jar:1.1.26-rc.3]
	at net.serenitybdd.core.pages.PageObject.open(PageObject.java:739) [serenity-core-1.1.26-rc.3.jar:1.1.26-rc.3]
	at net.serenitybdd.core.pages.PageObject.open(PageObject.java:727) [serenity-core-1.1.26-rc.3.jar:1.1.26-rc.3]
	at com.bda.app.definitions.steps.DictionarySteps.isOnHomepage(DictionarySteps.java:48) [test-classes/:?]
	at com.bda.app.definitions.steps.DictionarySteps$$EnhancerByCGLIB$$c1cc29f7.CGLIB$isOnHomepage$3(<generated>) [cglib-3.1.jar:?]
	at com.bda.app.definitions.steps.DictionarySteps$$EnhancerByCGLIB$$c1cc29f7$$FastClassByCGLIB$$dbedbeb9.invoke(<generated>) [cglib-3.1.jar:?]
	at net.sf.cglib.proxy.MethodProxy.invokeSuper(MethodProxy.java:228) [cglib-3.1.jar:?]
	at net.thucydides.core.steps.StepInterceptor.invokeMethod(StepInterceptor.java:348) [serenity-core-1.1.26-rc.3.jar:1.1.26-rc.3]
	at net.thucydides.core.steps.StepInterceptor.executeTestStepMethod(StepInterceptor.java:333) [serenity-core-1.1.26-rc.3.jar:1.1.26-rc.3]
	at net.thucydides.core.steps.StepInterceptor.runTestStep(StepInterceptor.java:308) [serenity-core-1.1.26-rc.3.jar:1.1.26-rc.3]
	at net.thucydides.core.steps.StepInterceptor.testStepResult(StepInterceptor.java:130) [serenity-core-1.1.26-rc.3.jar:1.1.26-rc.3]
	at net.thucydides.core.steps.StepInterceptor.intercept(StepInterceptor.java:57) [serenity-core-1.1.26-rc.3.jar:1.1.26-rc.3]
	at com.bda.app.definitions.steps.DictionarySteps$$EnhancerByCGLIB$$c1cc29f7.isOnHomepage(<generated>) [cglib-3.1.jar:?]
	at com.bda.app.definitions.DictionaryDefinitions.givenTheUserIsOnTheWiktionaryHomePage(DictionaryDefinitions.java:20) [test-classes/:?]
	at sun.reflect.NativeMethodAccessorImpl.invoke0(Native Method) ~[?:1.7.0_79]
	at sun.reflect.NativeMethodAccessorImpl.invoke(NativeMethodAccessorImpl.java:57) ~[?:1.7.0_79]
	at sun.reflect.DelegatingMethodAccessorImpl.invoke(DelegatingMethodAccessorImpl.java:43) ~[?:1.7.0_79]
	at java.lang.reflect.Method.invoke(Method.java:606) ~[?:1.7.0_79]
	at org.jbehave.core.steps.StepCreator$ParametrisedStep.perform(StepCreator.java:595) [jbehave-core-3.10.jar:?]
	at org.jbehave.core.embedder.StoryRunner$FineSoFar.run(StoryRunner.java:566) [jbehave-core-3.10.jar:?]
	at org.jbehave.core.embedder.StoryRunner.runStepsWhileKeepingState(StoryRunner.java:546) [jbehave-core-3.10.jar:?]
	at org.jbehave.core.embedder.StoryRunner.runScenarioSteps(StoryRunner.java:510) [jbehave-core-3.10.jar:?]
	at org.jbehave.core.embedder.StoryRunner.runStepsWithLifecycle(StoryRunner.java:476) [jbehave-core-3.10.jar:?]
	at org.jbehave.core.embedder.StoryRunner.runCancellable(StoryRunner.java:336) [jbehave-core-3.10.jar:?]
	at org.jbehave.core.embedder.StoryRunner.run(StoryRunner.java:239) [jbehave-core-3.10.jar:?]
	at org.jbehave.core.embedder.StoryRunner.run(StoryRunner.java:182) [jbehave-core-3.10.jar:?]
	at org.jbehave.core.embedder.StoryManager$EnqueuedStory.call(StoryManager.java:266) [jbehave-core-3.10.jar:?]
	at org.jbehave.core.embedder.StoryManager$EnqueuedStory.call(StoryManager.java:233) [jbehave-core-3.10.jar:?]
	at java.util.concurrent.FutureTask.run(FutureTask.java:262) [?:1.7.0_79]
	at java.util.concurrent.ThreadPoolExecutor.runWorker(ThreadPoolExecutor.java:1145) [?:1.7.0_79]
	at java.util.concurrent.ThreadPoolExecutor$Worker.run(ThreadPoolExecutor.java:615) [?:1.7.0_79]
	at java.lang.Thread.run(Thread.java:745) [?:1.7.0_79]
Caused by: org.openqa.selenium.WebDriverException: unknown error: Chrome failed to start: exited normally
  (Driver info: chromedriver=2.21.371459 (36d3d07f660ff2bc1bf28a75d1cdabed0983e7c4),platform=Windows NT 10.0 x86_64) (WARNING: The server did not provide any stacktrace information)
Command duration or timeout: 115.29 seconds
Build info: version: '2.50.1', revision: 'd7fc91b29de65b790abb01f3ac5f7ea2191c88a7', time: '2016-01-29 11:11:26'
System info: host: 'myDell', ip: '192.168.56.1', os.name: 'Windows 8.1', os.arch: 'amd64', os.version: '6.3', java.version: '1.7.0_79'
Driver info: org.openqa.selenium.chrome.ChromeDriver
	at sun.reflect.NativeConstructorAccessorImpl.newInstance0(Native Method) ~[?:1.7.0_79]
	at sun.reflect.NativeConstructorAccessorImpl.newInstance(NativeConstructorAccessorImpl.java:57) ~[?:1.7.0_79]
	at sun.reflect.DelegatingConstructorAccessorImpl.newInstance(DelegatingConstructorAccessorImpl.java:45) ~[?:1.7.0_79]
	at java.lang.reflect.Constructor.newInstance(Constructor.java:526) ~[?:1.7.0_79]
	at org.openqa.selenium.remote.ErrorHandler.createThrowable(ErrorHandler.java:206) ~[selenium-remote-driver-2.50.1.jar:?]
	at org.openqa.selenium.remote.ErrorHandler.throwIfResponseFailed(ErrorHandler.java:158) ~[selenium-remote-driver-2.50.1.jar:?]
	at org.openqa.selenium.remote.RemoteWebDriver.execute(RemoteWebDriver.java:678) ~[selenium-remote-driver-2.50.1.jar:?]
	at org.openqa.selenium.remote.RemoteWebDriver.startSession(RemoteWebDriver.java:249) ~[selenium-remote-driver-2.50.1.jar:?]
	at org.openqa.selenium.remote.RemoteWebDriver.<init>(RemoteWebDriver.java:131) ~[selenium-remote-driver-2.50.1.jar:?]
	at org.openqa.selenium.remote.RemoteWebDriver.<init>(RemoteWebDriver.java:144) ~[selenium-remote-driver-2.50.1.jar:?]
	at org.openqa.selenium.chrome.ChromeDriver.<init>(ChromeDriver.java:170) ~[selenium-chrome-driver-2.50.1.jar:?]
	at org.openqa.selenium.chrome.ChromeDriver.<init>(ChromeDriver.java:138) ~[selenium-chrome-driver-2.50.1.jar:?]
	at net.thucydides.core.webdriver.WebdriverInstanceFactory.newChromeDriver(WebdriverInstanceFactory.java:65) ~[serenity-core-1.1.26-rc.3.jar:1.1.26-rc.3]
	at net.thucydides.core.webdriver.WebDriverFactory.chromeDriver(WebDriverFactory.java:498) ~[serenity-core-1.1.26-rc.3.jar:1.1.26-rc.3]
	at net.thucydides.core.webdriver.WebDriverFactory.newWebdriverInstance(WebDriverFactory.java:183) ~[serenity-core-1.1.26-rc.3.jar:1.1.26-rc.3]
	... 37 more
2016-12-21 03:37:16 [pool-2-thread-1] ERROR Serenity:290 - 
           __  _____ _____ ____ _____   _____ _    ___ _     _____ ____  
  _       / / |_   _| ____/ ___|_   _| |  ___/ \  |_ _| |   | ____|  _ \ 
 (_)_____| |    | | |  _| \___ \ | |   | |_ / _ \  | || |   |  _| | | | |
  _|_____| |    | | | |___ ___) || |   |  _/ ___ \ | || |___| |___| |_| |
 (_)     | |    |_| |_____|____/ |_|   |_|/_/   \_\___|_____|_____|____/ 
          \_\                                                            

TEST FAILED WITH ERROR: TC101 - Lookup the definition of a word (Single Test Data)
---------------------------------------------------------------------
2016-12-21 03:37:18 [pool-2-thread-1] ERROR Serenity:325 - TEST FAILED AT STEP Is on homepage
2016-12-21 03:37:18 [pool-2-thread-1] ERROR Serenity:327 - Could not instantiate class org.openqa.selenium.chrome.ChromeDriver
2016-12-21 03:37:18 [pool-2-thread-1] INFO  Serenity:232 - 
 _____ _____ ____ _____   ____ _____  _    ____ _____ _____ ____  
|_   _| ____/ ___|_   _| / ___|_   _|/ \  |  _ \_   _| ____|  _ \ 
  | | |  _| \___ \ | |   \___ \ | | / _ \ | |_) || | |  _| | | | |
  | | | |___ ___) || |    ___) || |/ ___ \|  _ < | | | |___| |_| |
  |_| |_____|____/ |_|   |____/ |_/_/   \_\_| \_\|_| |_____|____/ 
                                                                  

TEST STARTED: TC102 - Looking up abbreviations (Multiple Test Data)
-------------------------------------------------------------------
2016-12-21 03:39:28 [pool-2-thread-1] ERROR WebDriverFacade:142 - FAILED TO CREATE NEW WEBDRIVER_DRIVER INSTANCE class org.openqa.selenium.chrome.ChromeDriver: Could not instantiate class org.openqa.selenium.chrome.ChromeDriver
net.thucydides.core.webdriver.UnsupportedDriverException: Could not instantiate class org.openqa.selenium.chrome.ChromeDriver
	at net.thucydides.core.webdriver.WebDriverFactory.newWebdriverInstance(WebDriverFactory.java:201) ~[serenity-core-1.1.26-rc.3.jar:1.1.26-rc.3]
	at net.thucydides.core.webdriver.WebDriverFacade.newDriverInstance(WebDriverFacade.java:139) [serenity-core-1.1.26-rc.3.jar:1.1.26-rc.3]
	at net.thucydides.core.webdriver.WebDriverFacade.newProxyDriver(WebDriverFacade.java:130) [serenity-core-1.1.26-rc.3.jar:1.1.26-rc.3]
	at net.thucydides.core.webdriver.WebDriverFacade.getProxiedDriver(WebDriverFacade.java:102) [serenity-core-1.1.26-rc.3.jar:1.1.26-rc.3]
	at net.thucydides.core.webdriver.WebDriverFacade.openIgnoringHtmlUnitScriptErrors(WebDriverFacade.java:175) [serenity-core-1.1.26-rc.3.jar:1.1.26-rc.3]
	at net.thucydides.core.webdriver.WebDriverFacade.get(WebDriverFacade.java:170) [serenity-core-1.1.26-rc.3.jar:1.1.26-rc.3]
	at net.serenitybdd.core.pages.PageObject.openPageAtUrl(PageObject.java:829) [serenity-core-1.1.26-rc.3.jar:1.1.26-rc.3]
	at net.serenitybdd.core.pages.PageObject.open(PageObject.java:739) [serenity-core-1.1.26-rc.3.jar:1.1.26-rc.3]
	at net.serenitybdd.core.pages.PageObject.open(PageObject.java:727) [serenity-core-1.1.26-rc.3.jar:1.1.26-rc.3]
	at com.bda.app.definitions.steps.DictionarySteps.isOnHomepage(DictionarySteps.java:48) [test-classes/:?]
	at com.bda.app.definitions.steps.DictionarySteps$$EnhancerByCGLIB$$c1cc29f7.CGLIB$isOnHomepage$3(<generated>) [cglib-3.1.jar:?]
	at com.bda.app.definitions.steps.DictionarySteps$$EnhancerByCGLIB$$c1cc29f7$$FastClassByCGLIB$$dbedbeb9.invoke(<generated>) [cglib-3.1.jar:?]
	at net.sf.cglib.proxy.MethodProxy.invokeSuper(MethodProxy.java:228) [cglib-3.1.jar:?]
	at net.thucydides.core.steps.StepInterceptor.invokeMethod(StepInterceptor.java:348) [serenity-core-1.1.26-rc.3.jar:1.1.26-rc.3]
	at net.thucydides.core.steps.StepInterceptor.executeTestStepMethod(StepInterceptor.java:333) [serenity-core-1.1.26-rc.3.jar:1.1.26-rc.3]
	at net.thucydides.core.steps.StepInterceptor.runTestStep(StepInterceptor.java:308) [serenity-core-1.1.26-rc.3.jar:1.1.26-rc.3]
	at net.thucydides.core.steps.StepInterceptor.testStepResult(StepInterceptor.java:130) [serenity-core-1.1.26-rc.3.jar:1.1.26-rc.3]
	at net.thucydides.core.steps.StepInterceptor.intercept(StepInterceptor.java:57) [serenity-core-1.1.26-rc.3.jar:1.1.26-rc.3]
	at com.bda.app.definitions.steps.DictionarySteps$$EnhancerByCGLIB$$c1cc29f7.isOnHomepage(<generated>) [cglib-3.1.jar:?]
	at com.bda.app.definitions.DictionaryDefinitions.givenTheUserIsOnTheWiktionaryHomePage(DictionaryDefinitions.java:20) [test-classes/:?]
	at sun.reflect.NativeMethodAccessorImpl.invoke0(Native Method) ~[?:1.7.0_79]
	at sun.reflect.NativeMethodAccessorImpl.invoke(NativeMethodAccessorImpl.java:57) ~[?:1.7.0_79]
	at sun.reflect.DelegatingMethodAccessorImpl.invoke(DelegatingMethodAccessorImpl.java:43) ~[?:1.7.0_79]
	at java.lang.reflect.Method.invoke(Method.java:606) ~[?:1.7.0_79]
	at org.jbehave.core.steps.StepCreator$ParametrisedStep.perform(StepCreator.java:595) [jbehave-core-3.10.jar:?]
	at org.jbehave.core.embedder.StoryRunner$FineSoFar.run(StoryRunner.java:566) [jbehave-core-3.10.jar:?]
	at org.jbehave.core.embedder.StoryRunner.runStepsWhileKeepingState(StoryRunner.java:546) [jbehave-core-3.10.jar:?]
	at org.jbehave.core.embedder.StoryRunner.runScenarioSteps(StoryRunner.java:510) [jbehave-core-3.10.jar:?]
	at org.jbehave.core.embedder.StoryRunner.runStepsWithLifecycle(StoryRunner.java:476) [jbehave-core-3.10.jar:?]
	at org.jbehave.core.embedder.StoryRunner.runScenariosParametrisedByExamples(StoryRunner.java:465) [jbehave-core-3.10.jar:?]
	at org.jbehave.core.embedder.StoryRunner.runCancellable(StoryRunner.java:334) [jbehave-core-3.10.jar:?]
	at org.jbehave.core.embedder.StoryRunner.run(StoryRunner.java:239) [jbehave-core-3.10.jar:?]
	at org.jbehave.core.embedder.StoryRunner.run(StoryRunner.java:182) [jbehave-core-3.10.jar:?]
	at org.jbehave.core.embedder.StoryManager$EnqueuedStory.call(StoryManager.java:266) [jbehave-core-3.10.jar:?]
	at org.jbehave.core.embedder.StoryManager$EnqueuedStory.call(StoryManager.java:233) [jbehave-core-3.10.jar:?]
	at java.util.concurrent.FutureTask.run(FutureTask.java:262) [?:1.7.0_79]
	at java.util.concurrent.ThreadPoolExecutor.runWorker(ThreadPoolExecutor.java:1145) [?:1.7.0_79]
	at java.util.concurrent.ThreadPoolExecutor$Worker.run(ThreadPoolExecutor.java:615) [?:1.7.0_79]
	at java.lang.Thread.run(Thread.java:745) [?:1.7.0_79]
Caused by: org.openqa.selenium.remote.UnreachableBrowserException: Could not start a new session. Possible causes are invalid address of the remote server or browser start-up failure.
Build info: version: '2.50.1', revision: 'd7fc91b29de65b790abb01f3ac5f7ea2191c88a7', time: '2016-01-29 11:11:26'
System info: host: 'myDell', ip: '192.168.56.1', os.name: 'Windows 8.1', os.arch: 'amd64', os.version: '6.3', java.version: '1.7.0_79'
Driver info: driver.version: ChromeDriver
	at org.openqa.selenium.remote.RemoteWebDriver.execute(RemoteWebDriver.java:665) ~[selenium-remote-driver-2.50.1.jar:?]
	at org.openqa.selenium.remote.RemoteWebDriver.startSession(RemoteWebDriver.java:249) ~[selenium-remote-driver-2.50.1.jar:?]
	at org.openqa.selenium.remote.RemoteWebDriver.<init>(RemoteWebDriver.java:131) ~[selenium-remote-driver-2.50.1.jar:?]
	at org.openqa.selenium.remote.RemoteWebDriver.<init>(RemoteWebDriver.java:144) ~[selenium-remote-driver-2.50.1.jar:?]
	at org.openqa.selenium.chrome.ChromeDriver.<init>(ChromeDriver.java:170) ~[selenium-chrome-driver-2.50.1.jar:?]
	at org.openqa.selenium.chrome.ChromeDriver.<init>(ChromeDriver.java:138) ~[selenium-chrome-driver-2.50.1.jar:?]
	at net.thucydides.core.webdriver.WebdriverInstanceFactory.newChromeDriver(WebdriverInstanceFactory.java:65) ~[serenity-core-1.1.26-rc.3.jar:1.1.26-rc.3]
	at net.thucydides.core.webdriver.WebDriverFactory.chromeDriver(WebDriverFactory.java:498) ~[serenity-core-1.1.26-rc.3.jar:1.1.26-rc.3]
	at net.thucydides.core.webdriver.WebDriverFactory.newWebdriverInstance(WebDriverFactory.java:183) ~[serenity-core-1.1.26-rc.3.jar:1.1.26-rc.3]
	... 38 more
Caused by: org.openqa.selenium.WebDriverException: java.net.SocketException: Connection reset
Build info: version: '2.50.1', revision: 'd7fc91b29de65b790abb01f3ac5f7ea2191c88a7', time: '2016-01-29 11:11:26'
System info: host: 'myDell', ip: '192.168.56.1', os.name: 'Windows 8.1', os.arch: 'amd64', os.version: '6.3', java.version: '1.7.0_79'
Driver info: driver.version: ChromeDriver
	at org.openqa.selenium.remote.service.DriverCommandExecutor.execute(DriverCommandExecutor.java:91) ~[selenium-remote-driver-2.50.1.jar:?]
	at org.openqa.selenium.remote.RemoteWebDriver.execute(RemoteWebDriver.java:644) ~[selenium-remote-driver-2.50.1.jar:?]
	at org.openqa.selenium.remote.RemoteWebDriver.startSession(RemoteWebDriver.java:249) ~[selenium-remote-driver-2.50.1.jar:?]
	at org.openqa.selenium.remote.RemoteWebDriver.<init>(RemoteWebDriver.java:131) ~[selenium-remote-driver-2.50.1.jar:?]
	at org.openqa.selenium.remote.RemoteWebDriver.<init>(RemoteWebDriver.java:144) ~[selenium-remote-driver-2.50.1.jar:?]
	at org.openqa.selenium.chrome.ChromeDriver.<init>(ChromeDriver.java:170) ~[selenium-chrome-driver-2.50.1.jar:?]
	at org.openqa.selenium.chrome.ChromeDriver.<init>(ChromeDriver.java:138) ~[selenium-chrome-driver-2.50.1.jar:?]
	at net.thucydides.core.webdriver.WebdriverInstanceFactory.newChromeDriver(WebdriverInstanceFactory.java:65) ~[serenity-core-1.1.26-rc.3.jar:1.1.26-rc.3]
	at net.thucydides.core.webdriver.WebDriverFactory.chromeDriver(WebDriverFactory.java:498) ~[serenity-core-1.1.26-rc.3.jar:1.1.26-rc.3]
	at net.thucydides.core.webdriver.WebDriverFactory.newWebdriverInstance(WebDriverFactory.java:183) ~[serenity-core-1.1.26-rc.3.jar:1.1.26-rc.3]
	... 38 more
Caused by: java.net.SocketException: Connection reset
	at java.net.SocketInputStream.read(SocketInputStream.java:196) ~[?:1.7.0_79]
	at java.net.SocketInputStream.read(SocketInputStream.java:122) ~[?:1.7.0_79]
	at org.apache.http.impl.io.SessionInputBufferImpl.streamRead(SessionInputBufferImpl.java:139) ~[httpcore-4.4.1.jar:4.4.1]
	at org.apache.http.impl.io.SessionInputBufferImpl.fillBuffer(SessionInputBufferImpl.java:155) ~[httpcore-4.4.1.jar:4.4.1]
	at org.apache.http.impl.io.SessionInputBufferImpl.readLine(SessionInputBufferImpl.java:284) ~[httpcore-4.4.1.jar:4.4.1]
	at org.apache.http.impl.conn.DefaultHttpResponseParser.parseHead(DefaultHttpResponseParser.java:140) ~[httpclient-4.4.1.jar:4.4.1]
	at org.apache.http.impl.conn.DefaultHttpResponseParser.parseHead(DefaultHttpResponseParser.java:57) ~[httpclient-4.4.1.jar:4.4.1]
	at org.apache.http.impl.io.AbstractMessageParser.parse(AbstractMessageParser.java:261) ~[httpcore-4.4.1.jar:4.4.1]
	at org.apache.http.impl.DefaultBHttpClientConnection.receiveResponseHeader(DefaultBHttpClientConnection.java:165) ~[httpcore-4.4.1.jar:4.4.1]
	at org.apache.http.impl.conn.CPoolProxy.receiveResponseHeader(CPoolProxy.java:167) ~[httpclient-4.4.1.jar:4.4.1]
	at org.apache.http.protocol.HttpRequestExecutor.doReceiveResponse(HttpRequestExecutor.java:272) ~[httpcore-4.4.1.jar:4.4.1]
	at org.apache.http.protocol.HttpRequestExecutor.execute(HttpRequestExecutor.java:124) ~[httpcore-4.4.1.jar:4.4.1]
	at org.apache.http.impl.execchain.MainClientExec.execute(MainClientExec.java:271) ~[httpclient-4.4.1.jar:4.4.1]
	at org.apache.http.impl.execchain.ProtocolExec.execute(ProtocolExec.java:184) ~[httpclient-4.4.1.jar:4.4.1]
	at org.apache.http.impl.execchain.RetryExec.execute(RetryExec.java:88) ~[httpclient-4.4.1.jar:4.4.1]
	at org.apache.http.impl.execchain.RedirectExec.execute(RedirectExec.java:110) ~[httpclient-4.4.1.jar:4.4.1]
	at org.apache.http.impl.client.InternalHttpClient.doExecute(InternalHttpClient.java:184) ~[httpclient-4.4.1.jar:4.4.1]
	at org.apache.http.impl.client.CloseableHttpClient.execute(CloseableHttpClient.java:71) ~[httpclient-4.4.1.jar:4.4.1]
	at org.apache.http.impl.client.CloseableHttpClient.execute(CloseableHttpClient.java:55) ~[httpclient-4.4.1.jar:4.4.1]
	at org.openqa.selenium.remote.internal.ApacheHttpClient.fallBackExecute(ApacheHttpClient.java:143) ~[selenium-remote-driver-2.50.1.jar:?]
	at org.openqa.selenium.remote.internal.ApacheHttpClient.execute(ApacheHttpClient.java:89) ~[selenium-remote-driver-2.50.1.jar:?]
	at org.openqa.selenium.remote.HttpCommandExecutor.execute(HttpCommandExecutor.java:142) ~[selenium-remote-driver-2.50.1.jar:?]
	at org.openqa.selenium.remote.service.DriverCommandExecutor.execute(DriverCommandExecutor.java:82) ~[selenium-remote-driver-2.50.1.jar:?]
	at org.openqa.selenium.remote.RemoteWebDriver.execute(RemoteWebDriver.java:644) ~[selenium-remote-driver-2.50.1.jar:?]
	at org.openqa.selenium.remote.RemoteWebDriver.startSession(RemoteWebDriver.java:249) ~[selenium-remote-driver-2.50.1.jar:?]
	at org.openqa.selenium.remote.RemoteWebDriver.<init>(RemoteWebDriver.java:131) ~[selenium-remote-driver-2.50.1.jar:?]
	at org.openqa.selenium.remote.RemoteWebDriver.<init>(RemoteWebDriver.java:144) ~[selenium-remote-driver-2.50.1.jar:?]
	at org.openqa.selenium.chrome.ChromeDriver.<init>(ChromeDriver.java:170) ~[selenium-chrome-driver-2.50.1.jar:?]
	at org.openqa.selenium.chrome.ChromeDriver.<init>(ChromeDriver.java:138) ~[selenium-chrome-driver-2.50.1.jar:?]
	at net.thucydides.core.webdriver.WebdriverInstanceFactory.newChromeDriver(WebdriverInstanceFactory.java:65) ~[serenity-core-1.1.26-rc.3.jar:1.1.26-rc.3]
	at net.thucydides.core.webdriver.WebDriverFactory.chromeDriver(WebDriverFactory.java:498) ~[serenity-core-1.1.26-rc.3.jar:1.1.26-rc.3]
	at net.thucydides.core.webdriver.WebDriverFactory.newWebdriverInstance(WebDriverFactory.java:183) ~[serenity-core-1.1.26-rc.3.jar:1.1.26-rc.3]
	... 38 more
2016-12-21 03:39:34 [pool-2-thread-1] ERROR WebDriverFacade:142 - FAILED TO CREATE NEW WEBDRIVER_DRIVER INSTANCE class org.openqa.selenium.chrome.ChromeDriver: Could not instantiate class org.openqa.selenium.chrome.ChromeDriver
net.thucydides.core.webdriver.UnsupportedDriverException: Could not instantiate class org.openqa.selenium.chrome.ChromeDriver
	at net.thucydides.core.webdriver.WebDriverFactory.newWebdriverInstance(WebDriverFactory.java:201) ~[serenity-core-1.1.26-rc.3.jar:1.1.26-rc.3]
	at net.thucydides.core.webdriver.WebDriverFacade.newDriverInstance(WebDriverFacade.java:139) [serenity-core-1.1.26-rc.3.jar:1.1.26-rc.3]
	at net.thucydides.core.webdriver.WebDriverFacade.newProxyDriver(WebDriverFacade.java:130) [serenity-core-1.1.26-rc.3.jar:1.1.26-rc.3]
	at net.thucydides.core.webdriver.WebDriverFacade.getProxiedDriver(WebDriverFacade.java:102) [serenity-core-1.1.26-rc.3.jar:1.1.26-rc.3]
	at net.thucydides.core.webdriver.WebDriverFacade.openIgnoringHtmlUnitScriptErrors(WebDriverFacade.java:175) [serenity-core-1.1.26-rc.3.jar:1.1.26-rc.3]
	at net.thucydides.core.webdriver.WebDriverFacade.get(WebDriverFacade.java:170) [serenity-core-1.1.26-rc.3.jar:1.1.26-rc.3]
	at net.serenitybdd.core.pages.PageObject.openPageAtUrl(PageObject.java:829) [serenity-core-1.1.26-rc.3.jar:1.1.26-rc.3]
	at net.serenitybdd.core.pages.PageObject.open(PageObject.java:739) [serenity-core-1.1.26-rc.3.jar:1.1.26-rc.3]
	at net.serenitybdd.core.pages.PageObject.open(PageObject.java:727) [serenity-core-1.1.26-rc.3.jar:1.1.26-rc.3]
	at com.bda.app.definitions.steps.DictionarySteps.isOnHomepage(DictionarySteps.java:48) [test-classes/:?]
	at com.bda.app.definitions.steps.DictionarySteps$$EnhancerByCGLIB$$c1cc29f7.CGLIB$isOnHomepage$3(<generated>) [cglib-3.1.jar:?]
	at com.bda.app.definitions.steps.DictionarySteps$$EnhancerByCGLIB$$c1cc29f7$$FastClassByCGLIB$$dbedbeb9.invoke(<generated>) [cglib-3.1.jar:?]
	at net.sf.cglib.proxy.MethodProxy.invokeSuper(MethodProxy.java:228) [cglib-3.1.jar:?]
	at net.thucydides.core.steps.StepInterceptor.invokeMethod(StepInterceptor.java:348) [serenity-core-1.1.26-rc.3.jar:1.1.26-rc.3]
	at net.thucydides.core.steps.StepInterceptor.executeTestStepMethod(StepInterceptor.java:333) [serenity-core-1.1.26-rc.3.jar:1.1.26-rc.3]
	at net.thucydides.core.steps.StepInterceptor.runTestStep(StepInterceptor.java:308) [serenity-core-1.1.26-rc.3.jar:1.1.26-rc.3]
	at net.thucydides.core.steps.StepInterceptor.testStepResult(StepInterceptor.java:130) [serenity-core-1.1.26-rc.3.jar:1.1.26-rc.3]
	at net.thucydides.core.steps.StepInterceptor.intercept(StepInterceptor.java:57) [serenity-core-1.1.26-rc.3.jar:1.1.26-rc.3]
	at com.bda.app.definitions.steps.DictionarySteps$$EnhancerByCGLIB$$c1cc29f7.isOnHomepage(<generated>) [cglib-3.1.jar:?]
	at com.bda.app.definitions.DictionaryDefinitions.givenTheUserIsOnTheWiktionaryHomePage(DictionaryDefinitions.java:20) [test-classes/:?]
	at sun.reflect.NativeMethodAccessorImpl.invoke0(Native Method) ~[?:1.7.0_79]
	at sun.reflect.NativeMethodAccessorImpl.invoke(NativeMethodAccessorImpl.java:57) ~[?:1.7.0_79]
	at sun.reflect.DelegatingMethodAccessorImpl.invoke(DelegatingMethodAccessorImpl.java:43) ~[?:1.7.0_79]
	at java.lang.reflect.Method.invoke(Method.java:606) ~[?:1.7.0_79]
	at org.jbehave.core.steps.StepCreator$ParametrisedStep.perform(StepCreator.java:595) [jbehave-core-3.10.jar:?]
	at org.jbehave.core.embedder.StoryRunner$FineSoFar.run(StoryRunner.java:566) [jbehave-core-3.10.jar:?]
	at org.jbehave.core.embedder.StoryRunner.runStepsWhileKeepingState(StoryRunner.java:546) [jbehave-core-3.10.jar:?]
	at org.jbehave.core.embedder.StoryRunner.runScenarioSteps(StoryRunner.java:510) [jbehave-core-3.10.jar:?]
	at org.jbehave.core.embedder.StoryRunner.runStepsWithLifecycle(StoryRunner.java:476) [jbehave-core-3.10.jar:?]
	at org.jbehave.core.embedder.StoryRunner.runScenariosParametrisedByExamples(StoryRunner.java:465) [jbehave-core-3.10.jar:?]
	at org.jbehave.core.embedder.StoryRunner.runCancellable(StoryRunner.java:334) [jbehave-core-3.10.jar:?]
	at org.jbehave.core.embedder.StoryRunner.run(StoryRunner.java:239) [jbehave-core-3.10.jar:?]
	at org.jbehave.core.embedder.StoryRunner.run(StoryRunner.java:182) [jbehave-core-3.10.jar:?]
	at org.jbehave.core.embedder.StoryManager$EnqueuedStory.call(StoryManager.java:266) [jbehave-core-3.10.jar:?]
	at org.jbehave.core.embedder.StoryManager$EnqueuedStory.call(StoryManager.java:233) [jbehave-core-3.10.jar:?]
	at java.util.concurrent.FutureTask.run(FutureTask.java:262) [?:1.7.0_79]
	at java.util.concurrent.ThreadPoolExecutor.runWorker(ThreadPoolExecutor.java:1145) [?:1.7.0_79]
	at java.util.concurrent.ThreadPoolExecutor$Worker.run(ThreadPoolExecutor.java:615) [?:1.7.0_79]
	at java.lang.Thread.run(Thread.java:745) [?:1.7.0_79]
Caused by: org.openqa.selenium.remote.UnreachableBrowserException: Could not start a new session. Possible causes are invalid address of the remote server or browser start-up failure.
Build info: version: '2.50.1', revision: 'd7fc91b29de65b790abb01f3ac5f7ea2191c88a7', time: '2016-01-29 11:11:26'
System info: host: 'myDell', ip: '192.168.56.1', os.name: 'Windows 8.1', os.arch: 'amd64', os.version: '6.3', java.version: '1.7.0_79'
Driver info: driver.version: ChromeDriver
	at org.openqa.selenium.remote.RemoteWebDriver.execute(RemoteWebDriver.java:665) ~[selenium-remote-driver-2.50.1.jar:?]
	at org.openqa.selenium.remote.RemoteWebDriver.startSession(RemoteWebDriver.java:249) ~[selenium-remote-driver-2.50.1.jar:?]
	at org.openqa.selenium.remote.RemoteWebDriver.<init>(RemoteWebDriver.java:131) ~[selenium-remote-driver-2.50.1.jar:?]
	at org.openqa.selenium.remote.RemoteWebDriver.<init>(RemoteWebDriver.java:144) ~[selenium-remote-driver-2.50.1.jar:?]
	at org.openqa.selenium.chrome.ChromeDriver.<init>(ChromeDriver.java:170) ~[selenium-chrome-driver-2.50.1.jar:?]
	at org.openqa.selenium.chrome.ChromeDriver.<init>(ChromeDriver.java:138) ~[selenium-chrome-driver-2.50.1.jar:?]
	at net.thucydides.core.webdriver.WebdriverInstanceFactory.newChromeDriver(WebdriverInstanceFactory.java:65) ~[serenity-core-1.1.26-rc.3.jar:1.1.26-rc.3]
	at net.thucydides.core.webdriver.WebDriverFactory.chromeDriver(WebDriverFactory.java:498) ~[serenity-core-1.1.26-rc.3.jar:1.1.26-rc.3]
	at net.thucydides.core.webdriver.WebDriverFactory.newWebdriverInstance(WebDriverFactory.java:183) ~[serenity-core-1.1.26-rc.3.jar:1.1.26-rc.3]
	... 38 more
Caused by: org.openqa.selenium.WebDriverException: java.net.SocketException: Connection reset
Build info: version: '2.50.1', revision: 'd7fc91b29de65b790abb01f3ac5f7ea2191c88a7', time: '2016-01-29 11:11:26'
System info: host: 'myDell', ip: '192.168.56.1', os.name: 'Windows 8.1', os.arch: 'amd64', os.version: '6.3', java.version: '1.7.0_79'
Driver info: driver.version: ChromeDriver
	at org.openqa.selenium.remote.service.DriverCommandExecutor.execute(DriverCommandExecutor.java:91) ~[selenium-remote-driver-2.50.1.jar:?]
	at org.openqa.selenium.remote.RemoteWebDriver.execute(RemoteWebDriver.java:644) ~[selenium-remote-driver-2.50.1.jar:?]
	at org.openqa.selenium.remote.RemoteWebDriver.startSession(RemoteWebDriver.java:249) ~[selenium-remote-driver-2.50.1.jar:?]
	at org.openqa.selenium.remote.RemoteWebDriver.<init>(RemoteWebDriver.java:131) ~[selenium-remote-driver-2.50.1.jar:?]
	at org.openqa.selenium.remote.RemoteWebDriver.<init>(RemoteWebDriver.java:144) ~[selenium-remote-driver-2.50.1.jar:?]
	at org.openqa.selenium.chrome.ChromeDriver.<init>(ChromeDriver.java:170) ~[selenium-chrome-driver-2.50.1.jar:?]
	at org.openqa.selenium.chrome.ChromeDriver.<init>(ChromeDriver.java:138) ~[selenium-chrome-driver-2.50.1.jar:?]
	at net.thucydides.core.webdriver.WebdriverInstanceFactory.newChromeDriver(WebdriverInstanceFactory.java:65) ~[serenity-core-1.1.26-rc.3.jar:1.1.26-rc.3]
	at net.thucydides.core.webdriver.WebDriverFactory.chromeDriver(WebDriverFactory.java:498) ~[serenity-core-1.1.26-rc.3.jar:1.1.26-rc.3]
	at net.thucydides.core.webdriver.WebDriverFactory.newWebdriverInstance(WebDriverFactory.java:183) ~[serenity-core-1.1.26-rc.3.jar:1.1.26-rc.3]
	... 38 more
Caused by: java.net.SocketException: Connection reset
	at java.net.SocketInputStream.read(SocketInputStream.java:196) ~[?:1.7.0_79]
	at java.net.SocketInputStream.read(SocketInputStream.java:122) ~[?:1.7.0_79]
	at org.apache.http.impl.io.SessionInputBufferImpl.streamRead(SessionInputBufferImpl.java:139) ~[httpcore-4.4.1.jar:4.4.1]
	at org.apache.http.impl.io.SessionInputBufferImpl.fillBuffer(SessionInputBufferImpl.java:155) ~[httpcore-4.4.1.jar:4.4.1]
	at org.apache.http.impl.io.SessionInputBufferImpl.readLine(SessionInputBufferImpl.java:284) ~[httpcore-4.4.1.jar:4.4.1]
	at org.apache.http.impl.conn.DefaultHttpResponseParser.parseHead(DefaultHttpResponseParser.java:140) ~[httpclient-4.4.1.jar:4.4.1]
	at org.apache.http.impl.conn.DefaultHttpResponseParser.parseHead(DefaultHttpResponseParser.java:57) ~[httpclient-4.4.1.jar:4.4.1]
	at org.apache.http.impl.io.AbstractMessageParser.parse(AbstractMessageParser.java:261) ~[httpcore-4.4.1.jar:4.4.1]
	at org.apache.http.impl.DefaultBHttpClientConnection.receiveResponseHeader(DefaultBHttpClientConnection.java:165) ~[httpcore-4.4.1.jar:4.4.1]
	at org.apache.http.impl.conn.CPoolProxy.receiveResponseHeader(CPoolProxy.java:167) ~[httpclient-4.4.1.jar:4.4.1]
	at org.apache.http.protocol.HttpRequestExecutor.doReceiveResponse(HttpRequestExecutor.java:272) ~[httpcore-4.4.1.jar:4.4.1]
	at org.apache.http.protocol.HttpRequestExecutor.execute(HttpRequestExecutor.java:124) ~[httpcore-4.4.1.jar:4.4.1]
	at org.apache.http.impl.execchain.MainClientExec.execute(MainClientExec.java:271) ~[httpclient-4.4.1.jar:4.4.1]
	at org.apache.http.impl.execchain.ProtocolExec.execute(ProtocolExec.java:184) ~[httpclient-4.4.1.jar:4.4.1]
	at org.apache.http.impl.execchain.RetryExec.execute(RetryExec.java:88) ~[httpclient-4.4.1.jar:4.4.1]
	at org.apache.http.impl.execchain.RedirectExec.execute(RedirectExec.java:110) ~[httpclient-4.4.1.jar:4.4.1]
	at org.apache.http.impl.client.InternalHttpClient.doExecute(InternalHttpClient.java:184) ~[httpclient-4.4.1.jar:4.4.1]
	at org.apache.http.impl.client.CloseableHttpClient.execute(CloseableHttpClient.java:71) ~[httpclient-4.4.1.jar:4.4.1]
	at org.apache.http.impl.client.CloseableHttpClient.execute(CloseableHttpClient.java:55) ~[httpclient-4.4.1.jar:4.4.1]
	at org.openqa.selenium.remote.internal.ApacheHttpClient.fallBackExecute(ApacheHttpClient.java:143) ~[selenium-remote-driver-2.50.1.jar:?]
	at org.openqa.selenium.remote.internal.ApacheHttpClient.execute(ApacheHttpClient.java:89) ~[selenium-remote-driver-2.50.1.jar:?]
	at org.openqa.selenium.remote.HttpCommandExecutor.execute(HttpCommandExecutor.java:142) ~[selenium-remote-driver-2.50.1.jar:?]
	at org.openqa.selenium.remote.service.DriverCommandExecutor.execute(DriverCommandExecutor.java:82) ~[selenium-remote-driver-2.50.1.jar:?]
	at org.openqa.selenium.remote.RemoteWebDriver.execute(RemoteWebDriver.java:644) ~[selenium-remote-driver-2.50.1.jar:?]
	at org.openqa.selenium.remote.RemoteWebDriver.startSession(RemoteWebDriver.java:249) ~[selenium-remote-driver-2.50.1.jar:?]
	at org.openqa.selenium.remote.RemoteWebDriver.<init>(RemoteWebDriver.java:131) ~[selenium-remote-driver-2.50.1.jar:?]
	at org.openqa.selenium.remote.RemoteWebDriver.<init>(RemoteWebDriver.java:144) ~[selenium-remote-driver-2.50.1.jar:?]
	at org.openqa.selenium.chrome.ChromeDriver.<init>(ChromeDriver.java:170) ~[selenium-chrome-driver-2.50.1.jar:?]
	at org.openqa.selenium.chrome.ChromeDriver.<init>(ChromeDriver.java:138) ~[selenium-chrome-driver-2.50.1.jar:?]
	at net.thucydides.core.webdriver.WebdriverInstanceFactory.newChromeDriver(WebdriverInstanceFactory.java:65) ~[serenity-core-1.1.26-rc.3.jar:1.1.26-rc.3]
	at net.thucydides.core.webdriver.WebDriverFactory.chromeDriver(WebDriverFactory.java:498) ~[serenity-core-1.1.26-rc.3.jar:1.1.26-rc.3]
	at net.thucydides.core.webdriver.WebDriverFactory.newWebdriverInstance(WebDriverFactory.java:183) ~[serenity-core-1.1.26-rc.3.jar:1.1.26-rc.3]
	... 38 more
2016-12-21 03:39:38 [pool-2-thread-1] ERROR WebDriverFacade:142 - FAILED TO CREATE NEW WEBDRIVER_DRIVER INSTANCE class org.openqa.selenium.chrome.ChromeDriver: Could not instantiate class org.openqa.selenium.chrome.ChromeDriver
net.thucydides.core.webdriver.UnsupportedDriverException: Could not instantiate class org.openqa.selenium.chrome.ChromeDriver
	at net.thucydides.core.webdriver.WebDriverFactory.newWebdriverInstance(WebDriverFactory.java:201) ~[serenity-core-1.1.26-rc.3.jar:1.1.26-rc.3]
	at net.thucydides.core.webdriver.WebDriverFacade.newDriverInstance(WebDriverFacade.java:139) [serenity-core-1.1.26-rc.3.jar:1.1.26-rc.3]
	at net.thucydides.core.webdriver.WebDriverFacade.newProxyDriver(WebDriverFacade.java:130) [serenity-core-1.1.26-rc.3.jar:1.1.26-rc.3]
	at net.thucydides.core.webdriver.WebDriverFacade.getProxiedDriver(WebDriverFacade.java:102) [serenity-core-1.1.26-rc.3.jar:1.1.26-rc.3]
	at net.thucydides.core.webdriver.WebDriverFacade.openIgnoringHtmlUnitScriptErrors(WebDriverFacade.java:175) [serenity-core-1.1.26-rc.3.jar:1.1.26-rc.3]
	at net.thucydides.core.webdriver.WebDriverFacade.get(WebDriverFacade.java:170) [serenity-core-1.1.26-rc.3.jar:1.1.26-rc.3]
	at net.serenitybdd.core.pages.PageObject.openPageAtUrl(PageObject.java:829) [serenity-core-1.1.26-rc.3.jar:1.1.26-rc.3]
	at net.serenitybdd.core.pages.PageObject.open(PageObject.java:739) [serenity-core-1.1.26-rc.3.jar:1.1.26-rc.3]
	at net.serenitybdd.core.pages.PageObject.open(PageObject.java:727) [serenity-core-1.1.26-rc.3.jar:1.1.26-rc.3]
	at com.bda.app.definitions.steps.DictionarySteps.isOnHomepage(DictionarySteps.java:48) [test-classes/:?]
	at com.bda.app.definitions.steps.DictionarySteps$$EnhancerByCGLIB$$c1cc29f7.CGLIB$isOnHomepage$3(<generated>) [cglib-3.1.jar:?]
	at com.bda.app.definitions.steps.DictionarySteps$$EnhancerByCGLIB$$c1cc29f7$$FastClassByCGLIB$$dbedbeb9.invoke(<generated>) [cglib-3.1.jar:?]
	at net.sf.cglib.proxy.MethodProxy.invokeSuper(MethodProxy.java:228) [cglib-3.1.jar:?]
	at net.thucydides.core.steps.StepInterceptor.invokeMethod(StepInterceptor.java:348) [serenity-core-1.1.26-rc.3.jar:1.1.26-rc.3]
	at net.thucydides.core.steps.StepInterceptor.executeTestStepMethod(StepInterceptor.java:333) [serenity-core-1.1.26-rc.3.jar:1.1.26-rc.3]
	at net.thucydides.core.steps.StepInterceptor.runTestStep(StepInterceptor.java:308) [serenity-core-1.1.26-rc.3.jar:1.1.26-rc.3]
	at net.thucydides.core.steps.StepInterceptor.testStepResult(StepInterceptor.java:130) [serenity-core-1.1.26-rc.3.jar:1.1.26-rc.3]
	at net.thucydides.core.steps.StepInterceptor.intercept(StepInterceptor.java:57) [serenity-core-1.1.26-rc.3.jar:1.1.26-rc.3]
	at com.bda.app.definitions.steps.DictionarySteps$$EnhancerByCGLIB$$c1cc29f7.isOnHomepage(<generated>) [cglib-3.1.jar:?]
	at com.bda.app.definitions.DictionaryDefinitions.givenTheUserIsOnTheWiktionaryHomePage(DictionaryDefinitions.java:20) [test-classes/:?]
	at sun.reflect.NativeMethodAccessorImpl.invoke0(Native Method) ~[?:1.7.0_79]
	at sun.reflect.NativeMethodAccessorImpl.invoke(NativeMethodAccessorImpl.java:57) ~[?:1.7.0_79]
	at sun.reflect.DelegatingMethodAccessorImpl.invoke(DelegatingMethodAccessorImpl.java:43) ~[?:1.7.0_79]
	at java.lang.reflect.Method.invoke(Method.java:606) ~[?:1.7.0_79]
	at org.jbehave.core.steps.StepCreator$ParametrisedStep.perform(StepCreator.java:595) [jbehave-core-3.10.jar:?]
	at org.jbehave.core.embedder.StoryRunner$FineSoFar.run(StoryRunner.java:566) [jbehave-core-3.10.jar:?]
	at org.jbehave.core.embedder.StoryRunner.runStepsWhileKeepingState(StoryRunner.java:546) [jbehave-core-3.10.jar:?]
	at org.jbehave.core.embedder.StoryRunner.runScenarioSteps(StoryRunner.java:510) [jbehave-core-3.10.jar:?]
	at org.jbehave.core.embedder.StoryRunner.runStepsWithLifecycle(StoryRunner.java:476) [jbehave-core-3.10.jar:?]
	at org.jbehave.core.embedder.StoryRunner.runScenariosParametrisedByExamples(StoryRunner.java:465) [jbehave-core-3.10.jar:?]
	at org.jbehave.core.embedder.StoryRunner.runCancellable(StoryRunner.java:334) [jbehave-core-3.10.jar:?]
	at org.jbehave.core.embedder.StoryRunner.run(StoryRunner.java:239) [jbehave-core-3.10.jar:?]
	at org.jbehave.core.embedder.StoryRunner.run(StoryRunner.java:182) [jbehave-core-3.10.jar:?]
	at org.jbehave.core.embedder.StoryManager$EnqueuedStory.call(StoryManager.java:266) [jbehave-core-3.10.jar:?]
	at org.jbehave.core.embedder.StoryManager$EnqueuedStory.call(StoryManager.java:233) [jbehave-core-3.10.jar:?]
	at java.util.concurrent.FutureTask.run(FutureTask.java:262) [?:1.7.0_79]
	at java.util.concurrent.ThreadPoolExecutor.runWorker(ThreadPoolExecutor.java:1145) [?:1.7.0_79]
	at java.util.concurrent.ThreadPoolExecutor$Worker.run(ThreadPoolExecutor.java:615) [?:1.7.0_79]
	at java.lang.Thread.run(Thread.java:745) [?:1.7.0_79]
Caused by: org.openqa.selenium.SessionNotCreatedException: session not created exception
from unknown error: Runtime.executionContextCreated has invalid 'context': {"auxData":{"frameId":"7032.1","isDefault":true},"id":1,"name":"","origin":"://"}
  (Session info: chrome=55.0.2883.87)
  (Driver info: chromedriver=2.21.371459 (36d3d07f660ff2bc1bf28a75d1cdabed0983e7c4),platform=Windows NT 10.0 x86_64) (WARNING: The server did not provide any stacktrace information)
Command duration or timeout: 2.52 seconds
Build info: version: '2.50.1', revision: 'd7fc91b29de65b790abb01f3ac5f7ea2191c88a7', time: '2016-01-29 11:11:26'
System info: host: 'myDell', ip: '192.168.56.1', os.name: 'Windows 8.1', os.arch: 'amd64', os.version: '6.3', java.version: '1.7.0_79'
Driver info: org.openqa.selenium.chrome.ChromeDriver
	at sun.reflect.NativeConstructorAccessorImpl.newInstance0(Native Method) ~[?:1.7.0_79]
	at sun.reflect.NativeConstructorAccessorImpl.newInstance(NativeConstructorAccessorImpl.java:57) ~[?:1.7.0_79]
	at sun.reflect.DelegatingConstructorAccessorImpl.newInstance(DelegatingConstructorAccessorImpl.java:45) ~[?:1.7.0_79]
	at java.lang.reflect.Constructor.newInstance(Constructor.java:526) ~[?:1.7.0_79]
	at org.openqa.selenium.remote.ErrorHandler.createThrowable(ErrorHandler.java:206) ~[selenium-remote-driver-2.50.1.jar:?]
	at org.openqa.selenium.remote.ErrorHandler.throwIfResponseFailed(ErrorHandler.java:158) ~[selenium-remote-driver-2.50.1.jar:?]
	at org.openqa.selenium.remote.RemoteWebDriver.execute(RemoteWebDriver.java:678) ~[selenium-remote-driver-2.50.1.jar:?]
	at org.openqa.selenium.remote.RemoteWebDriver.startSession(RemoteWebDriver.java:249) ~[selenium-remote-driver-2.50.1.jar:?]
	at org.openqa.selenium.remote.RemoteWebDriver.<init>(RemoteWebDriver.java:131) ~[selenium-remote-driver-2.50.1.jar:?]
	at org.openqa.selenium.remote.RemoteWebDriver.<init>(RemoteWebDriver.java:144) ~[selenium-remote-driver-2.50.1.jar:?]
	at org.openqa.selenium.chrome.ChromeDriver.<init>(ChromeDriver.java:170) ~[selenium-chrome-driver-2.50.1.jar:?]
	at org.openqa.selenium.chrome.ChromeDriver.<init>(ChromeDriver.java:138) ~[selenium-chrome-driver-2.50.1.jar:?]
	at net.thucydides.core.webdriver.WebdriverInstanceFactory.newChromeDriver(WebdriverInstanceFactory.java:65) ~[serenity-core-1.1.26-rc.3.jar:1.1.26-rc.3]
	at net.thucydides.core.webdriver.WebDriverFactory.chromeDriver(WebDriverFactory.java:498) ~[serenity-core-1.1.26-rc.3.jar:1.1.26-rc.3]
	at net.thucydides.core.webdriver.WebDriverFactory.newWebdriverInstance(WebDriverFactory.java:183) ~[serenity-core-1.1.26-rc.3.jar:1.1.26-rc.3]
	... 38 more
2016-12-21 03:39:38 [pool-2-thread-1] ERROR Serenity:290 - 
           __  _____ _____ ____ _____   _____ _    ___ _     _____ ____  
  _       / / |_   _| ____/ ___|_   _| |  ___/ \  |_ _| |   | ____|  _ \ 
 (_)_____| |    | | |  _| \___ \ | |   | |_ / _ \  | || |   |  _| | | | |
  _|_____| |    | | | |___ ___) || |   |  _/ ___ \ | || |___| |___| |_| |
 (_)     | |    |_| |_____|____/ |_|   |_|/_/   \_\___|_____|_____|____/ 
          \_\                                                            

TEST FAILED WITH ERROR: TC102 - Looking up abbreviations (Multiple Test Data)
---------------------------------------------------------------------
2016-12-21 03:39:38 [pool-2-thread-1] ERROR Serenity:325 - TEST FAILED AT STEP Is on homepage
2016-12-21 03:39:38 [pool-2-thread-1] ERROR Serenity:327 - Could not instantiate class org.openqa.selenium.chrome.ChromeDriver
2016-12-21 03:45:49 [main] INFO  PropertiesFileLocalPreferences:114 - LOADING LOCAL PROPERTIES FROM C:\Users\Zeeshan\Documents\GitHub\behavior-driven-automation\serenity.properties 
2016-12-21 03:45:49 [main] INFO  PropertiesFileLocalPreferences:114 - LOADING LOCAL PROPERTIES FROM C:\Users\Zeeshan\Documents\GitHub\behavior-driven-automation\serenity.properties 
2016-12-21 03:45:49 [main] INFO  PropertiesFileLocalPreferences:114 - LOADING LOCAL PROPERTIES FROM C:\Users\Zeeshan\Documents\GitHub\behavior-driven-automation\serenity.properties 
2016-12-21 03:45:49 [main] INFO  PropertiesFileLocalPreferences:129 - webdriver.base.url=http://en.wiktionary.org/wiki/Wiktionary
2016-12-21 03:45:49 [main] INFO  PropertiesFileLocalPreferences:129 - story.timeout.in.secs=3600
2016-12-21 03:45:49 [main] INFO  PropertiesFileLocalPreferences:129 - serenity.reports.show.step.details=false
2016-12-21 03:45:49 [main] INFO  PropertiesFileLocalPreferences:129 - serenity.report.show.manual.tests=false
2016-12-21 03:45:49 [main] INFO  PropertiesFileLocalPreferences:129 - serenity.keep.unscaled.screenshots=true
2016-12-21 03:45:49 [main] INFO  PropertiesFileLocalPreferences:129 - security.enable_java=true
2016-12-21 03:45:49 [main] INFO  PropertiesFileLocalPreferences:129 - serenity.project.name=Behavior Driven Automation Framework
2016-12-21 03:45:49 [main] INFO  PropertiesFileLocalPreferences:129 - serenity.take.screenshots=AFTER_EACH_STEP
2016-12-21 03:45:49 [main] INFO  PropertiesFileLocalPreferences:129 - serenity.resized.image.width=1920
2016-12-21 03:45:49 [main] INFO  PropertiesFileLocalPreferences:129 - chrome.switches=--disable-extensions
2016-12-21 03:45:49 [main] INFO  PropertiesFileLocalPreferences:129 - serenity.requirement.types=test suite, capability, feature, story
2016-12-21 03:45:49 [main] INFO  PropertiesFileLocalPreferences:129 - serenity.maintain.session=true
2016-12-21 03:45:49 [main] INFO  PropertiesFileLocalPreferences:129 - dashboard.excluded.tag.list=test suite, story
2016-12-21 03:45:49 [main] INFO  PropertiesFileLocalPreferences:129 - webdriver.chrome.driver=drivers/chromedriver.exe
2016-12-21 03:45:49 [main] INFO  PropertiesFileLocalPreferences:129 - serenity.timeout=5000
2016-12-21 03:45:49 [main] INFO  PropertiesFileLocalPreferences:129 - webdriver.wait.for.timeout=60000
2016-12-21 03:45:49 [main] INFO  PropertiesFileLocalPreferences:129 - webdriver.timeouts.implicitlywait=10000
2016-12-21 03:45:50 [pool-2-thread-1] INFO  SystemPropertiesConfiguration:170 - project.build.directory : null
2016-12-21 03:45:50 [pool-2-thread-1] INFO  SystemPropertiesConfiguration:171 - project.reporting.OutputDirectory : null
2016-12-21 03:45:50 [pool-2-thread-1] INFO  SystemPropertiesConfiguration:144 - OutputDirectory : C:\Users\Zeeshan\Documents\GitHub\behavior-driven-automation\target\site\serenity
2016-12-21 03:45:50 [pool-2-thread-1] INFO  Serenity:193 - 

-------------------------------------------------------------------------------------
     _______. _______ .______       _______ .__   __.  __  .___________.____    ____ 
    /       ||   ____||   _  \     |   ____||  \ |  | |  | |           |\   \  /   / 
   |   (----`|  |__   |  |_)  |    |  |__   |   \|  | |  | `---|  |----` \   \/   /  
    \   \    |   __|  |      /     |   __|  |  . `  | |  |     |  |       \_    _/   
.----)   |   |  |____ |  |\  \----.|  |____ |  |\   | |  |     |  |         |  |     
|_______/    |_______|| _| `._____||_______||__| \__| |__|     |__|         |__|    
-------------------------------------------------------------------------------------

2016-12-21 03:45:50 [pool-2-thread-1] INFO  Serenity:222 - Test Suite Started: Str101- lookup a definition
2016-12-21 03:45:50 [pool-2-thread-1] INFO  Serenity:232 - 
 _____ _____ ____ _____   ____ _____  _    ____ _____ _____ ____  
|_   _| ____/ ___|_   _| / ___|_   _|/ \  |  _ \_   _| ____|  _ \ 
  | | |  _| \___ \ | |   \___ \ | | / _ \ | |_) || | |  _| | | | |
  | | | |___ ___) || |    ___) || |/ ___ \|  _ < | | | |___| |_| |
  |_| |_____|____/ |_|   |____/ |_/_/   \_\_| \_\|_| |_____|____/ 
                                                                  

TEST STARTED: TC101 - Lookup the definition of a word (Single Test Data)
-------------------------------------------------------------------
2016-12-21 03:45:50 [pool-2-thread-1] INFO  SystemPropertiesConfiguration:170 - project.build.directory : null
2016-12-21 03:45:50 [pool-2-thread-1] INFO  SystemPropertiesConfiguration:171 - project.reporting.OutputDirectory : null
2016-12-21 03:45:50 [pool-2-thread-1] INFO  SystemPropertiesConfiguration:144 - OutputDirectory : C:\Users\Zeeshan\Documents\GitHub\behavior-driven-automation\target\site\serenity
2016-12-21 03:45:50 [pool-2-thread-1] INFO  FileSystemRequirementsTagProvider:135 - Loading requirements from isExists=true path:C:\Users\Zeeshan\Documents\GitHub\behavior-driven-automation\target\test-classes\stories
2016-12-21 03:45:50 [pool-2-thread-1] INFO  FileSystemRequirementsTagProvider:135 - Loading requirements from isExists=true path:C:\Users\Zeeshan\Documents\GitHub\behavior-driven-automation\target\test-classes\stories\AcceptanceTestSuite
2016-12-21 03:45:50 [pool-2-thread-1] INFO  FileSystemRequirementsTagProvider:135 - Loading requirements from isExists=true path:C:\Users\Zeeshan\Documents\GitHub\behavior-driven-automation\target\test-classes\stories\AcceptanceTestSuite\Capability
2016-12-21 03:45:50 [pool-2-thread-1] INFO  FileSystemRequirementsTagProvider:135 - Loading requirements from isExists=true path:C:\Users\Zeeshan\Documents\GitHub\behavior-driven-automation\target\test-classes\stories\AcceptanceTestSuite\Capability\Feature
2016-12-21 03:46:21 [pool-2-thread-1] ERROR WebDriverFacade:142 - FAILED TO CREATE NEW WEBDRIVER_DRIVER INSTANCE class org.openqa.selenium.chrome.ChromeDriver: Could not instantiate class org.openqa.selenium.chrome.ChromeDriver
net.thucydides.core.webdriver.UnsupportedDriverException: Could not instantiate class org.openqa.selenium.chrome.ChromeDriver
	at net.thucydides.core.webdriver.WebDriverFactory.newWebdriverInstance(WebDriverFactory.java:201) ~[serenity-core-1.1.26-rc.3.jar:1.1.26-rc.3]
	at net.thucydides.core.webdriver.WebDriverFacade.newDriverInstance(WebDriverFacade.java:139) [serenity-core-1.1.26-rc.3.jar:1.1.26-rc.3]
	at net.thucydides.core.webdriver.WebDriverFacade.newProxyDriver(WebDriverFacade.java:130) [serenity-core-1.1.26-rc.3.jar:1.1.26-rc.3]
	at net.thucydides.core.webdriver.WebDriverFacade.getProxiedDriver(WebDriverFacade.java:102) [serenity-core-1.1.26-rc.3.jar:1.1.26-rc.3]
	at net.thucydides.core.webdriver.WebDriverFacade.openIgnoringHtmlUnitScriptErrors(WebDriverFacade.java:175) [serenity-core-1.1.26-rc.3.jar:1.1.26-rc.3]
	at net.thucydides.core.webdriver.WebDriverFacade.get(WebDriverFacade.java:170) [serenity-core-1.1.26-rc.3.jar:1.1.26-rc.3]
	at net.serenitybdd.core.pages.PageObject.openPageAtUrl(PageObject.java:829) [serenity-core-1.1.26-rc.3.jar:1.1.26-rc.3]
	at net.serenitybdd.core.pages.PageObject.open(PageObject.java:739) [serenity-core-1.1.26-rc.3.jar:1.1.26-rc.3]
	at net.serenitybdd.core.pages.PageObject.open(PageObject.java:727) [serenity-core-1.1.26-rc.3.jar:1.1.26-rc.3]
	at com.bda.app.definitions.steps.DictionarySteps.isOnHomepage(DictionarySteps.java:48) [test-classes/:?]
	at com.bda.app.definitions.steps.DictionarySteps$$EnhancerByCGLIB$$58bc85d9.CGLIB$isOnHomepage$4(<generated>) [cglib-3.1.jar:?]
	at com.bda.app.definitions.steps.DictionarySteps$$EnhancerByCGLIB$$58bc85d9$$FastClassByCGLIB$$a2111fc9.invoke(<generated>) [cglib-3.1.jar:?]
	at net.sf.cglib.proxy.MethodProxy.invokeSuper(MethodProxy.java:228) [cglib-3.1.jar:?]
	at net.thucydides.core.steps.StepInterceptor.invokeMethod(StepInterceptor.java:348) [serenity-core-1.1.26-rc.3.jar:1.1.26-rc.3]
	at net.thucydides.core.steps.StepInterceptor.executeTestStepMethod(StepInterceptor.java:333) [serenity-core-1.1.26-rc.3.jar:1.1.26-rc.3]
	at net.thucydides.core.steps.StepInterceptor.runTestStep(StepInterceptor.java:308) [serenity-core-1.1.26-rc.3.jar:1.1.26-rc.3]
	at net.thucydides.core.steps.StepInterceptor.testStepResult(StepInterceptor.java:130) [serenity-core-1.1.26-rc.3.jar:1.1.26-rc.3]
	at net.thucydides.core.steps.StepInterceptor.intercept(StepInterceptor.java:57) [serenity-core-1.1.26-rc.3.jar:1.1.26-rc.3]
	at com.bda.app.definitions.steps.DictionarySteps$$EnhancerByCGLIB$$58bc85d9.isOnHomepage(<generated>) [cglib-3.1.jar:?]
	at com.bda.app.definitions.DictionaryDefinitions.givenTheUserIsOnTheWiktionaryHomePage(DictionaryDefinitions.java:20) [test-classes/:?]
	at sun.reflect.NativeMethodAccessorImpl.invoke0(Native Method) ~[?:1.7.0_79]
	at sun.reflect.NativeMethodAccessorImpl.invoke(NativeMethodAccessorImpl.java:57) ~[?:1.7.0_79]
	at sun.reflect.DelegatingMethodAccessorImpl.invoke(DelegatingMethodAccessorImpl.java:43) ~[?:1.7.0_79]
	at java.lang.reflect.Method.invoke(Method.java:606) ~[?:1.7.0_79]
	at org.jbehave.core.steps.StepCreator$ParametrisedStep.perform(StepCreator.java:595) [jbehave-core-3.10.jar:?]
	at org.jbehave.core.embedder.StoryRunner$FineSoFar.run(StoryRunner.java:566) [jbehave-core-3.10.jar:?]
	at org.jbehave.core.embedder.StoryRunner.runStepsWhileKeepingState(StoryRunner.java:546) [jbehave-core-3.10.jar:?]
	at org.jbehave.core.embedder.StoryRunner.runScenarioSteps(StoryRunner.java:510) [jbehave-core-3.10.jar:?]
	at org.jbehave.core.embedder.StoryRunner.runStepsWithLifecycle(StoryRunner.java:476) [jbehave-core-3.10.jar:?]
	at org.jbehave.core.embedder.StoryRunner.runCancellable(StoryRunner.java:336) [jbehave-core-3.10.jar:?]
	at org.jbehave.core.embedder.StoryRunner.run(StoryRunner.java:239) [jbehave-core-3.10.jar:?]
	at org.jbehave.core.embedder.StoryRunner.run(StoryRunner.java:182) [jbehave-core-3.10.jar:?]
	at org.jbehave.core.embedder.StoryManager$EnqueuedStory.call(StoryManager.java:266) [jbehave-core-3.10.jar:?]
	at org.jbehave.core.embedder.StoryManager$EnqueuedStory.call(StoryManager.java:233) [jbehave-core-3.10.jar:?]
	at java.util.concurrent.FutureTask.run(FutureTask.java:262) [?:1.7.0_79]
	at java.util.concurrent.ThreadPoolExecutor.runWorker(ThreadPoolExecutor.java:1145) [?:1.7.0_79]
	at java.util.concurrent.ThreadPoolExecutor$Worker.run(ThreadPoolExecutor.java:615) [?:1.7.0_79]
	at java.lang.Thread.run(Thread.java:745) [?:1.7.0_79]
Caused by: org.openqa.selenium.remote.UnreachableBrowserException: Could not start a new session. Possible causes are invalid address of the remote server or browser start-up failure.
Build info: version: '2.50.1', revision: 'd7fc91b29de65b790abb01f3ac5f7ea2191c88a7', time: '2016-01-29 11:11:26'
System info: host: 'myDell', ip: '192.168.56.1', os.name: 'Windows 8.1', os.arch: 'amd64', os.version: '6.3', java.version: '1.7.0_79'
Driver info: driver.version: ChromeDriver
	at org.openqa.selenium.remote.RemoteWebDriver.execute(RemoteWebDriver.java:665) ~[selenium-remote-driver-2.50.1.jar:?]
	at org.openqa.selenium.remote.RemoteWebDriver.startSession(RemoteWebDriver.java:249) ~[selenium-remote-driver-2.50.1.jar:?]
	at org.openqa.selenium.remote.RemoteWebDriver.<init>(RemoteWebDriver.java:131) ~[selenium-remote-driver-2.50.1.jar:?]
	at org.openqa.selenium.remote.RemoteWebDriver.<init>(RemoteWebDriver.java:144) ~[selenium-remote-driver-2.50.1.jar:?]
	at org.openqa.selenium.chrome.ChromeDriver.<init>(ChromeDriver.java:170) ~[selenium-chrome-driver-2.50.1.jar:?]
	at org.openqa.selenium.chrome.ChromeDriver.<init>(ChromeDriver.java:138) ~[selenium-chrome-driver-2.50.1.jar:?]
	at net.thucydides.core.webdriver.WebdriverInstanceFactory.newChromeDriver(WebdriverInstanceFactory.java:65) ~[serenity-core-1.1.26-rc.3.jar:1.1.26-rc.3]
	at net.thucydides.core.webdriver.WebDriverFactory.chromeDriver(WebDriverFactory.java:498) ~[serenity-core-1.1.26-rc.3.jar:1.1.26-rc.3]
	at net.thucydides.core.webdriver.WebDriverFactory.newWebdriverInstance(WebDriverFactory.java:183) ~[serenity-core-1.1.26-rc.3.jar:1.1.26-rc.3]
	... 37 more
Caused by: org.openqa.selenium.WebDriverException: java.net.SocketException: Connection reset
Build info: version: '2.50.1', revision: 'd7fc91b29de65b790abb01f3ac5f7ea2191c88a7', time: '2016-01-29 11:11:26'
System info: host: 'myDell', ip: '192.168.56.1', os.name: 'Windows 8.1', os.arch: 'amd64', os.version: '6.3', java.version: '1.7.0_79'
Driver info: driver.version: ChromeDriver
	at org.openqa.selenium.remote.service.DriverCommandExecutor.execute(DriverCommandExecutor.java:91) ~[selenium-remote-driver-2.50.1.jar:?]
	at org.openqa.selenium.remote.RemoteWebDriver.execute(RemoteWebDriver.java:644) ~[selenium-remote-driver-2.50.1.jar:?]
	at org.openqa.selenium.remote.RemoteWebDriver.startSession(RemoteWebDriver.java:249) ~[selenium-remote-driver-2.50.1.jar:?]
	at org.openqa.selenium.remote.RemoteWebDriver.<init>(RemoteWebDriver.java:131) ~[selenium-remote-driver-2.50.1.jar:?]
	at org.openqa.selenium.remote.RemoteWebDriver.<init>(RemoteWebDriver.java:144) ~[selenium-remote-driver-2.50.1.jar:?]
	at org.openqa.selenium.chrome.ChromeDriver.<init>(ChromeDriver.java:170) ~[selenium-chrome-driver-2.50.1.jar:?]
	at org.openqa.selenium.chrome.ChromeDriver.<init>(ChromeDriver.java:138) ~[selenium-chrome-driver-2.50.1.jar:?]
	at net.thucydides.core.webdriver.WebdriverInstanceFactory.newChromeDriver(WebdriverInstanceFactory.java:65) ~[serenity-core-1.1.26-rc.3.jar:1.1.26-rc.3]
	at net.thucydides.core.webdriver.WebDriverFactory.chromeDriver(WebDriverFactory.java:498) ~[serenity-core-1.1.26-rc.3.jar:1.1.26-rc.3]
	at net.thucydides.core.webdriver.WebDriverFactory.newWebdriverInstance(WebDriverFactory.java:183) ~[serenity-core-1.1.26-rc.3.jar:1.1.26-rc.3]
	... 37 more
Caused by: java.net.SocketException: Connection reset
	at java.net.SocketInputStream.read(SocketInputStream.java:196) ~[?:1.7.0_79]
	at java.net.SocketInputStream.read(SocketInputStream.java:122) ~[?:1.7.0_79]
	at org.apache.http.impl.io.SessionInputBufferImpl.streamRead(SessionInputBufferImpl.java:139) ~[httpcore-4.4.1.jar:4.4.1]
	at org.apache.http.impl.io.SessionInputBufferImpl.fillBuffer(SessionInputBufferImpl.java:155) ~[httpcore-4.4.1.jar:4.4.1]
	at org.apache.http.impl.io.SessionInputBufferImpl.readLine(SessionInputBufferImpl.java:284) ~[httpcore-4.4.1.jar:4.4.1]
	at org.apache.http.impl.conn.DefaultHttpResponseParser.parseHead(DefaultHttpResponseParser.java:140) ~[httpclient-4.4.1.jar:4.4.1]
	at org.apache.http.impl.conn.DefaultHttpResponseParser.parseHead(DefaultHttpResponseParser.java:57) ~[httpclient-4.4.1.jar:4.4.1]
	at org.apache.http.impl.io.AbstractMessageParser.parse(AbstractMessageParser.java:261) ~[httpcore-4.4.1.jar:4.4.1]
	at org.apache.http.impl.DefaultBHttpClientConnection.receiveResponseHeader(DefaultBHttpClientConnection.java:165) ~[httpcore-4.4.1.jar:4.4.1]
	at org.apache.http.impl.conn.CPoolProxy.receiveResponseHeader(CPoolProxy.java:167) ~[httpclient-4.4.1.jar:4.4.1]
	at org.apache.http.protocol.HttpRequestExecutor.doReceiveResponse(HttpRequestExecutor.java:272) ~[httpcore-4.4.1.jar:4.4.1]
	at org.apache.http.protocol.HttpRequestExecutor.execute(HttpRequestExecutor.java:124) ~[httpcore-4.4.1.jar:4.4.1]
	at org.apache.http.impl.execchain.MainClientExec.execute(MainClientExec.java:271) ~[httpclient-4.4.1.jar:4.4.1]
	at org.apache.http.impl.execchain.ProtocolExec.execute(ProtocolExec.java:184) ~[httpclient-4.4.1.jar:4.4.1]
	at org.apache.http.impl.execchain.RetryExec.execute(RetryExec.java:88) ~[httpclient-4.4.1.jar:4.4.1]
	at org.apache.http.impl.execchain.RedirectExec.execute(RedirectExec.java:110) ~[httpclient-4.4.1.jar:4.4.1]
	at org.apache.http.impl.client.InternalHttpClient.doExecute(InternalHttpClient.java:184) ~[httpclient-4.4.1.jar:4.4.1]
	at org.apache.http.impl.client.CloseableHttpClient.execute(CloseableHttpClient.java:71) ~[httpclient-4.4.1.jar:4.4.1]
	at org.apache.http.impl.client.CloseableHttpClient.execute(CloseableHttpClient.java:55) ~[httpclient-4.4.1.jar:4.4.1]
	at org.openqa.selenium.remote.internal.ApacheHttpClient.fallBackExecute(ApacheHttpClient.java:143) ~[selenium-remote-driver-2.50.1.jar:?]
	at org.openqa.selenium.remote.internal.ApacheHttpClient.execute(ApacheHttpClient.java:89) ~[selenium-remote-driver-2.50.1.jar:?]
	at org.openqa.selenium.remote.HttpCommandExecutor.execute(HttpCommandExecutor.java:142) ~[selenium-remote-driver-2.50.1.jar:?]
	at org.openqa.selenium.remote.service.DriverCommandExecutor.execute(DriverCommandExecutor.java:82) ~[selenium-remote-driver-2.50.1.jar:?]
	at org.openqa.selenium.remote.RemoteWebDriver.execute(RemoteWebDriver.java:644) ~[selenium-remote-driver-2.50.1.jar:?]
	at org.openqa.selenium.remote.RemoteWebDriver.startSession(RemoteWebDriver.java:249) ~[selenium-remote-driver-2.50.1.jar:?]
	at org.openqa.selenium.remote.RemoteWebDriver.<init>(RemoteWebDriver.java:131) ~[selenium-remote-driver-2.50.1.jar:?]
	at org.openqa.selenium.remote.RemoteWebDriver.<init>(RemoteWebDriver.java:144) ~[selenium-remote-driver-2.50.1.jar:?]
	at org.openqa.selenium.chrome.ChromeDriver.<init>(ChromeDriver.java:170) ~[selenium-chrome-driver-2.50.1.jar:?]
	at org.openqa.selenium.chrome.ChromeDriver.<init>(ChromeDriver.java:138) ~[selenium-chrome-driver-2.50.1.jar:?]
	at net.thucydides.core.webdriver.WebdriverInstanceFactory.newChromeDriver(WebdriverInstanceFactory.java:65) ~[serenity-core-1.1.26-rc.3.jar:1.1.26-rc.3]
	at net.thucydides.core.webdriver.WebDriverFactory.chromeDriver(WebDriverFactory.java:498) ~[serenity-core-1.1.26-rc.3.jar:1.1.26-rc.3]
	at net.thucydides.core.webdriver.WebDriverFactory.newWebdriverInstance(WebDriverFactory.java:183) ~[serenity-core-1.1.26-rc.3.jar:1.1.26-rc.3]
	... 37 more
2016-12-21 03:46:22 [pool-2-thread-1] ERROR Serenity:290 - 
           __  _____ _____ ____ _____   _____ _    ___ _     _____ ____  
  _       / / |_   _| ____/ ___|_   _| |  ___/ \  |_ _| |   | ____|  _ \ 
 (_)_____| |    | | |  _| \___ \ | |   | |_ / _ \  | || |   |  _| | | | |
  _|_____| |    | | | |___ ___) || |   |  _/ ___ \ | || |___| |___| |_| |
 (_)     | |    |_| |_____|____/ |_|   |_|/_/   \_\___|_____|_____|____/ 
          \_\                                                            

TEST FAILED WITH ERROR: TC101 - Lookup the definition of a word (Single Test Data)
---------------------------------------------------------------------
2016-12-21 03:46:23 [pool-2-thread-1] ERROR Serenity:325 - TEST FAILED AT STEP Is on homepage
2016-12-21 03:46:23 [pool-2-thread-1] ERROR Serenity:327 - Could not instantiate class org.openqa.selenium.chrome.ChromeDriver
2016-12-21 03:46:23 [pool-2-thread-1] INFO  Serenity:232 - 
 _____ _____ ____ _____   ____ _____  _    ____ _____ _____ ____  
|_   _| ____/ ___|_   _| / ___|_   _|/ \  |  _ \_   _| ____|  _ \ 
  | | |  _| \___ \ | |   \___ \ | | / _ \ | |_) || | |  _| | | | |
  | | | |___ ___) || |    ___) || |/ ___ \|  _ < | | | |___| |_| |
  |_| |_____|____/ |_|   |____/ |_/_/   \_\_| \_\|_| |_____|____/ 
                                                                  

TEST STARTED: TC102 - Looking up abbreviations (Multiple Test Data)
-------------------------------------------------------------------
2016-12-21 03:46:29 [pool-2-thread-1] ERROR WebDriverFacade:142 - FAILED TO CREATE NEW WEBDRIVER_DRIVER INSTANCE class org.openqa.selenium.chrome.ChromeDriver: Could not instantiate class org.openqa.selenium.chrome.ChromeDriver
net.thucydides.core.webdriver.UnsupportedDriverException: Could not instantiate class org.openqa.selenium.chrome.ChromeDriver
	at net.thucydides.core.webdriver.WebDriverFactory.newWebdriverInstance(WebDriverFactory.java:201) ~[serenity-core-1.1.26-rc.3.jar:1.1.26-rc.3]
	at net.thucydides.core.webdriver.WebDriverFacade.newDriverInstance(WebDriverFacade.java:139) [serenity-core-1.1.26-rc.3.jar:1.1.26-rc.3]
	at net.thucydides.core.webdriver.WebDriverFacade.newProxyDriver(WebDriverFacade.java:130) [serenity-core-1.1.26-rc.3.jar:1.1.26-rc.3]
	at net.thucydides.core.webdriver.WebDriverFacade.getProxiedDriver(WebDriverFacade.java:102) [serenity-core-1.1.26-rc.3.jar:1.1.26-rc.3]
	at net.thucydides.core.webdriver.WebDriverFacade.openIgnoringHtmlUnitScriptErrors(WebDriverFacade.java:175) [serenity-core-1.1.26-rc.3.jar:1.1.26-rc.3]
	at net.thucydides.core.webdriver.WebDriverFacade.get(WebDriverFacade.java:170) [serenity-core-1.1.26-rc.3.jar:1.1.26-rc.3]
	at net.serenitybdd.core.pages.PageObject.openPageAtUrl(PageObject.java:829) [serenity-core-1.1.26-rc.3.jar:1.1.26-rc.3]
	at net.serenitybdd.core.pages.PageObject.open(PageObject.java:739) [serenity-core-1.1.26-rc.3.jar:1.1.26-rc.3]
	at net.serenitybdd.core.pages.PageObject.open(PageObject.java:727) [serenity-core-1.1.26-rc.3.jar:1.1.26-rc.3]
	at com.bda.app.definitions.steps.DictionarySteps.isOnHomepage(DictionarySteps.java:48) [test-classes/:?]
	at com.bda.app.definitions.steps.DictionarySteps$$EnhancerByCGLIB$$58bc85d9.CGLIB$isOnHomepage$4(<generated>) [cglib-3.1.jar:?]
	at com.bda.app.definitions.steps.DictionarySteps$$EnhancerByCGLIB$$58bc85d9$$FastClassByCGLIB$$a2111fc9.invoke(<generated>) [cglib-3.1.jar:?]
	at net.sf.cglib.proxy.MethodProxy.invokeSuper(MethodProxy.java:228) [cglib-3.1.jar:?]
	at net.thucydides.core.steps.StepInterceptor.invokeMethod(StepInterceptor.java:348) [serenity-core-1.1.26-rc.3.jar:1.1.26-rc.3]
	at net.thucydides.core.steps.StepInterceptor.executeTestStepMethod(StepInterceptor.java:333) [serenity-core-1.1.26-rc.3.jar:1.1.26-rc.3]
	at net.thucydides.core.steps.StepInterceptor.runTestStep(StepInterceptor.java:308) [serenity-core-1.1.26-rc.3.jar:1.1.26-rc.3]
	at net.thucydides.core.steps.StepInterceptor.testStepResult(StepInterceptor.java:130) [serenity-core-1.1.26-rc.3.jar:1.1.26-rc.3]
	at net.thucydides.core.steps.StepInterceptor.intercept(StepInterceptor.java:57) [serenity-core-1.1.26-rc.3.jar:1.1.26-rc.3]
	at com.bda.app.definitions.steps.DictionarySteps$$EnhancerByCGLIB$$58bc85d9.isOnHomepage(<generated>) [cglib-3.1.jar:?]
	at com.bda.app.definitions.DictionaryDefinitions.givenTheUserIsOnTheWiktionaryHomePage(DictionaryDefinitions.java:20) [test-classes/:?]
	at sun.reflect.NativeMethodAccessorImpl.invoke0(Native Method) ~[?:1.7.0_79]
	at sun.reflect.NativeMethodAccessorImpl.invoke(NativeMethodAccessorImpl.java:57) ~[?:1.7.0_79]
	at sun.reflect.DelegatingMethodAccessorImpl.invoke(DelegatingMethodAccessorImpl.java:43) ~[?:1.7.0_79]
	at java.lang.reflect.Method.invoke(Method.java:606) ~[?:1.7.0_79]
	at org.jbehave.core.steps.StepCreator$ParametrisedStep.perform(StepCreator.java:595) [jbehave-core-3.10.jar:?]
	at org.jbehave.core.embedder.StoryRunner$FineSoFar.run(StoryRunner.java:566) [jbehave-core-3.10.jar:?]
	at org.jbehave.core.embedder.StoryRunner.runStepsWhileKeepingState(StoryRunner.java:546) [jbehave-core-3.10.jar:?]
	at org.jbehave.core.embedder.StoryRunner.runScenarioSteps(StoryRunner.java:510) [jbehave-core-3.10.jar:?]
	at org.jbehave.core.embedder.StoryRunner.runStepsWithLifecycle(StoryRunner.java:476) [jbehave-core-3.10.jar:?]
	at org.jbehave.core.embedder.StoryRunner.runScenariosParametrisedByExamples(StoryRunner.java:465) [jbehave-core-3.10.jar:?]
	at org.jbehave.core.embedder.StoryRunner.runCancellable(StoryRunner.java:334) [jbehave-core-3.10.jar:?]
	at org.jbehave.core.embedder.StoryRunner.run(StoryRunner.java:239) [jbehave-core-3.10.jar:?]
	at org.jbehave.core.embedder.StoryRunner.run(StoryRunner.java:182) [jbehave-core-3.10.jar:?]
	at org.jbehave.core.embedder.StoryManager$EnqueuedStory.call(StoryManager.java:266) [jbehave-core-3.10.jar:?]
	at org.jbehave.core.embedder.StoryManager$EnqueuedStory.call(StoryManager.java:233) [jbehave-core-3.10.jar:?]
	at java.util.concurrent.FutureTask.run(FutureTask.java:262) [?:1.7.0_79]
	at java.util.concurrent.ThreadPoolExecutor.runWorker(ThreadPoolExecutor.java:1145) [?:1.7.0_79]
	at java.util.concurrent.ThreadPoolExecutor$Worker.run(ThreadPoolExecutor.java:615) [?:1.7.0_79]
	at java.lang.Thread.run(Thread.java:745) [?:1.7.0_79]
Caused by: org.openqa.selenium.SessionNotCreatedException: session not created exception
from unknown error: Runtime.executionContextCreated has invalid 'context': {"auxData":{"frameId":"5664.1","isDefault":true},"id":1,"name":"","origin":"://"}
  (Session info: chrome=55.0.2883.87)
  (Driver info: chromedriver=2.21.371459 (36d3d07f660ff2bc1bf28a75d1cdabed0983e7c4),platform=Windows NT 10.0 x86_64) (WARNING: The server did not provide any stacktrace information)
Command duration or timeout: 4.88 seconds
Build info: version: '2.50.1', revision: 'd7fc91b29de65b790abb01f3ac5f7ea2191c88a7', time: '2016-01-29 11:11:26'
System info: host: 'myDell', ip: '192.168.56.1', os.name: 'Windows 8.1', os.arch: 'amd64', os.version: '6.3', java.version: '1.7.0_79'
Driver info: org.openqa.selenium.chrome.ChromeDriver
	at sun.reflect.NativeConstructorAccessorImpl.newInstance0(Native Method) ~[?:1.7.0_79]
	at sun.reflect.NativeConstructorAccessorImpl.newInstance(NativeConstructorAccessorImpl.java:57) ~[?:1.7.0_79]
	at sun.reflect.DelegatingConstructorAccessorImpl.newInstance(DelegatingConstructorAccessorImpl.java:45) ~[?:1.7.0_79]
	at java.lang.reflect.Constructor.newInstance(Constructor.java:526) ~[?:1.7.0_79]
	at org.openqa.selenium.remote.ErrorHandler.createThrowable(ErrorHandler.java:206) ~[selenium-remote-driver-2.50.1.jar:?]
	at org.openqa.selenium.remote.ErrorHandler.throwIfResponseFailed(ErrorHandler.java:158) ~[selenium-remote-driver-2.50.1.jar:?]
	at org.openqa.selenium.remote.RemoteWebDriver.execute(RemoteWebDriver.java:678) ~[selenium-remote-driver-2.50.1.jar:?]
	at org.openqa.selenium.remote.RemoteWebDriver.startSession(RemoteWebDriver.java:249) ~[selenium-remote-driver-2.50.1.jar:?]
	at org.openqa.selenium.remote.RemoteWebDriver.<init>(RemoteWebDriver.java:131) ~[selenium-remote-driver-2.50.1.jar:?]
	at org.openqa.selenium.remote.RemoteWebDriver.<init>(RemoteWebDriver.java:144) ~[selenium-remote-driver-2.50.1.jar:?]
	at org.openqa.selenium.chrome.ChromeDriver.<init>(ChromeDriver.java:170) ~[selenium-chrome-driver-2.50.1.jar:?]
	at org.openqa.selenium.chrome.ChromeDriver.<init>(ChromeDriver.java:138) ~[selenium-chrome-driver-2.50.1.jar:?]
	at net.thucydides.core.webdriver.WebdriverInstanceFactory.newChromeDriver(WebdriverInstanceFactory.java:65) ~[serenity-core-1.1.26-rc.3.jar:1.1.26-rc.3]
	at net.thucydides.core.webdriver.WebDriverFactory.chromeDriver(WebDriverFactory.java:498) ~[serenity-core-1.1.26-rc.3.jar:1.1.26-rc.3]
	at net.thucydides.core.webdriver.WebDriverFactory.newWebdriverInstance(WebDriverFactory.java:183) ~[serenity-core-1.1.26-rc.3.jar:1.1.26-rc.3]
	... 38 more
2016-12-21 03:46:39 [pool-2-thread-1] ERROR WebDriverFacade:142 - FAILED TO CREATE NEW WEBDRIVER_DRIVER INSTANCE class org.openqa.selenium.chrome.ChromeDriver: Could not instantiate class org.openqa.selenium.chrome.ChromeDriver
net.thucydides.core.webdriver.UnsupportedDriverException: Could not instantiate class org.openqa.selenium.chrome.ChromeDriver
	at net.thucydides.core.webdriver.WebDriverFactory.newWebdriverInstance(WebDriverFactory.java:201) ~[serenity-core-1.1.26-rc.3.jar:1.1.26-rc.3]
	at net.thucydides.core.webdriver.WebDriverFacade.newDriverInstance(WebDriverFacade.java:139) [serenity-core-1.1.26-rc.3.jar:1.1.26-rc.3]
	at net.thucydides.core.webdriver.WebDriverFacade.newProxyDriver(WebDriverFacade.java:130) [serenity-core-1.1.26-rc.3.jar:1.1.26-rc.3]
	at net.thucydides.core.webdriver.WebDriverFacade.getProxiedDriver(WebDriverFacade.java:102) [serenity-core-1.1.26-rc.3.jar:1.1.26-rc.3]
	at net.thucydides.core.webdriver.WebDriverFacade.openIgnoringHtmlUnitScriptErrors(WebDriverFacade.java:175) [serenity-core-1.1.26-rc.3.jar:1.1.26-rc.3]
	at net.thucydides.core.webdriver.WebDriverFacade.get(WebDriverFacade.java:170) [serenity-core-1.1.26-rc.3.jar:1.1.26-rc.3]
	at net.serenitybdd.core.pages.PageObject.openPageAtUrl(PageObject.java:829) [serenity-core-1.1.26-rc.3.jar:1.1.26-rc.3]
	at net.serenitybdd.core.pages.PageObject.open(PageObject.java:739) [serenity-core-1.1.26-rc.3.jar:1.1.26-rc.3]
	at net.serenitybdd.core.pages.PageObject.open(PageObject.java:727) [serenity-core-1.1.26-rc.3.jar:1.1.26-rc.3]
	at com.bda.app.definitions.steps.DictionarySteps.isOnHomepage(DictionarySteps.java:48) [test-classes/:?]
	at com.bda.app.definitions.steps.DictionarySteps$$EnhancerByCGLIB$$58bc85d9.CGLIB$isOnHomepage$4(<generated>) [cglib-3.1.jar:?]
	at com.bda.app.definitions.steps.DictionarySteps$$EnhancerByCGLIB$$58bc85d9$$FastClassByCGLIB$$a2111fc9.invoke(<generated>) [cglib-3.1.jar:?]
	at net.sf.cglib.proxy.MethodProxy.invokeSuper(MethodProxy.java:228) [cglib-3.1.jar:?]
	at net.thucydides.core.steps.StepInterceptor.invokeMethod(StepInterceptor.java:348) [serenity-core-1.1.26-rc.3.jar:1.1.26-rc.3]
	at net.thucydides.core.steps.StepInterceptor.executeTestStepMethod(StepInterceptor.java:333) [serenity-core-1.1.26-rc.3.jar:1.1.26-rc.3]
	at net.thucydides.core.steps.StepInterceptor.runTestStep(StepInterceptor.java:308) [serenity-core-1.1.26-rc.3.jar:1.1.26-rc.3]
	at net.thucydides.core.steps.StepInterceptor.testStepResult(StepInterceptor.java:130) [serenity-core-1.1.26-rc.3.jar:1.1.26-rc.3]
	at net.thucydides.core.steps.StepInterceptor.intercept(StepInterceptor.java:57) [serenity-core-1.1.26-rc.3.jar:1.1.26-rc.3]
	at com.bda.app.definitions.steps.DictionarySteps$$EnhancerByCGLIB$$58bc85d9.isOnHomepage(<generated>) [cglib-3.1.jar:?]
	at com.bda.app.definitions.DictionaryDefinitions.givenTheUserIsOnTheWiktionaryHomePage(DictionaryDefinitions.java:20) [test-classes/:?]
	at sun.reflect.NativeMethodAccessorImpl.invoke0(Native Method) ~[?:1.7.0_79]
	at sun.reflect.NativeMethodAccessorImpl.invoke(NativeMethodAccessorImpl.java:57) ~[?:1.7.0_79]
	at sun.reflect.DelegatingMethodAccessorImpl.invoke(DelegatingMethodAccessorImpl.java:43) ~[?:1.7.0_79]
	at java.lang.reflect.Method.invoke(Method.java:606) ~[?:1.7.0_79]
	at org.jbehave.core.steps.StepCreator$ParametrisedStep.perform(StepCreator.java:595) [jbehave-core-3.10.jar:?]
	at org.jbehave.core.embedder.StoryRunner$FineSoFar.run(StoryRunner.java:566) [jbehave-core-3.10.jar:?]
	at org.jbehave.core.embedder.StoryRunner.runStepsWhileKeepingState(StoryRunner.java:546) [jbehave-core-3.10.jar:?]
	at org.jbehave.core.embedder.StoryRunner.runScenarioSteps(StoryRunner.java:510) [jbehave-core-3.10.jar:?]
	at org.jbehave.core.embedder.StoryRunner.runStepsWithLifecycle(StoryRunner.java:476) [jbehave-core-3.10.jar:?]
	at org.jbehave.core.embedder.StoryRunner.runScenariosParametrisedByExamples(StoryRunner.java:465) [jbehave-core-3.10.jar:?]
	at org.jbehave.core.embedder.StoryRunner.runCancellable(StoryRunner.java:334) [jbehave-core-3.10.jar:?]
	at org.jbehave.core.embedder.StoryRunner.run(StoryRunner.java:239) [jbehave-core-3.10.jar:?]
	at org.jbehave.core.embedder.StoryRunner.run(StoryRunner.java:182) [jbehave-core-3.10.jar:?]
	at org.jbehave.core.embedder.StoryManager$EnqueuedStory.call(StoryManager.java:266) [jbehave-core-3.10.jar:?]
	at org.jbehave.core.embedder.StoryManager$EnqueuedStory.call(StoryManager.java:233) [jbehave-core-3.10.jar:?]
	at java.util.concurrent.FutureTask.run(FutureTask.java:262) [?:1.7.0_79]
	at java.util.concurrent.ThreadPoolExecutor.runWorker(ThreadPoolExecutor.java:1145) [?:1.7.0_79]
	at java.util.concurrent.ThreadPoolExecutor$Worker.run(ThreadPoolExecutor.java:615) [?:1.7.0_79]
	at java.lang.Thread.run(Thread.java:745) [?:1.7.0_79]
Caused by: org.openqa.selenium.remote.UnreachableBrowserException: Could not start a new session. Possible causes are invalid address of the remote server or browser start-up failure.
Build info: version: '2.50.1', revision: 'd7fc91b29de65b790abb01f3ac5f7ea2191c88a7', time: '2016-01-29 11:11:26'
System info: host: 'myDell', ip: '192.168.56.1', os.name: 'Windows 8.1', os.arch: 'amd64', os.version: '6.3', java.version: '1.7.0_79'
Driver info: driver.version: ChromeDriver
	at org.openqa.selenium.remote.RemoteWebDriver.execute(RemoteWebDriver.java:665) ~[selenium-remote-driver-2.50.1.jar:?]
	at org.openqa.selenium.remote.RemoteWebDriver.startSession(RemoteWebDriver.java:249) ~[selenium-remote-driver-2.50.1.jar:?]
	at org.openqa.selenium.remote.RemoteWebDriver.<init>(RemoteWebDriver.java:131) ~[selenium-remote-driver-2.50.1.jar:?]
	at org.openqa.selenium.remote.RemoteWebDriver.<init>(RemoteWebDriver.java:144) ~[selenium-remote-driver-2.50.1.jar:?]
	at org.openqa.selenium.chrome.ChromeDriver.<init>(ChromeDriver.java:170) ~[selenium-chrome-driver-2.50.1.jar:?]
	at org.openqa.selenium.chrome.ChromeDriver.<init>(ChromeDriver.java:138) ~[selenium-chrome-driver-2.50.1.jar:?]
	at net.thucydides.core.webdriver.WebdriverInstanceFactory.newChromeDriver(WebdriverInstanceFactory.java:65) ~[serenity-core-1.1.26-rc.3.jar:1.1.26-rc.3]
	at net.thucydides.core.webdriver.WebDriverFactory.chromeDriver(WebDriverFactory.java:498) ~[serenity-core-1.1.26-rc.3.jar:1.1.26-rc.3]
	at net.thucydides.core.webdriver.WebDriverFactory.newWebdriverInstance(WebDriverFactory.java:183) ~[serenity-core-1.1.26-rc.3.jar:1.1.26-rc.3]
	... 38 more
Caused by: org.openqa.selenium.WebDriverException: java.net.SocketException: Connection reset
Build info: version: '2.50.1', revision: 'd7fc91b29de65b790abb01f3ac5f7ea2191c88a7', time: '2016-01-29 11:11:26'
System info: host: 'myDell', ip: '192.168.56.1', os.name: 'Windows 8.1', os.arch: 'amd64', os.version: '6.3', java.version: '1.7.0_79'
Driver info: driver.version: ChromeDriver
	at org.openqa.selenium.remote.service.DriverCommandExecutor.execute(DriverCommandExecutor.java:91) ~[selenium-remote-driver-2.50.1.jar:?]
	at org.openqa.selenium.remote.RemoteWebDriver.execute(RemoteWebDriver.java:644) ~[selenium-remote-driver-2.50.1.jar:?]
	at org.openqa.selenium.remote.RemoteWebDriver.startSession(RemoteWebDriver.java:249) ~[selenium-remote-driver-2.50.1.jar:?]
	at org.openqa.selenium.remote.RemoteWebDriver.<init>(RemoteWebDriver.java:131) ~[selenium-remote-driver-2.50.1.jar:?]
	at org.openqa.selenium.remote.RemoteWebDriver.<init>(RemoteWebDriver.java:144) ~[selenium-remote-driver-2.50.1.jar:?]
	at org.openqa.selenium.chrome.ChromeDriver.<init>(ChromeDriver.java:170) ~[selenium-chrome-driver-2.50.1.jar:?]
	at org.openqa.selenium.chrome.ChromeDriver.<init>(ChromeDriver.java:138) ~[selenium-chrome-driver-2.50.1.jar:?]
	at net.thucydides.core.webdriver.WebdriverInstanceFactory.newChromeDriver(WebdriverInstanceFactory.java:65) ~[serenity-core-1.1.26-rc.3.jar:1.1.26-rc.3]
	at net.thucydides.core.webdriver.WebDriverFactory.chromeDriver(WebDriverFactory.java:498) ~[serenity-core-1.1.26-rc.3.jar:1.1.26-rc.3]
	at net.thucydides.core.webdriver.WebDriverFactory.newWebdriverInstance(WebDriverFactory.java:183) ~[serenity-core-1.1.26-rc.3.jar:1.1.26-rc.3]
	... 38 more
Caused by: java.net.SocketException: Connection reset
	at java.net.SocketInputStream.read(SocketInputStream.java:196) ~[?:1.7.0_79]
	at java.net.SocketInputStream.read(SocketInputStream.java:122) ~[?:1.7.0_79]
	at org.apache.http.impl.io.SessionInputBufferImpl.streamRead(SessionInputBufferImpl.java:139) ~[httpcore-4.4.1.jar:4.4.1]
	at org.apache.http.impl.io.SessionInputBufferImpl.fillBuffer(SessionInputBufferImpl.java:155) ~[httpcore-4.4.1.jar:4.4.1]
	at org.apache.http.impl.io.SessionInputBufferImpl.readLine(SessionInputBufferImpl.java:284) ~[httpcore-4.4.1.jar:4.4.1]
	at org.apache.http.impl.conn.DefaultHttpResponseParser.parseHead(DefaultHttpResponseParser.java:140) ~[httpclient-4.4.1.jar:4.4.1]
	at org.apache.http.impl.conn.DefaultHttpResponseParser.parseHead(DefaultHttpResponseParser.java:57) ~[httpclient-4.4.1.jar:4.4.1]
	at org.apache.http.impl.io.AbstractMessageParser.parse(AbstractMessageParser.java:261) ~[httpcore-4.4.1.jar:4.4.1]
	at org.apache.http.impl.DefaultBHttpClientConnection.receiveResponseHeader(DefaultBHttpClientConnection.java:165) ~[httpcore-4.4.1.jar:4.4.1]
	at org.apache.http.impl.conn.CPoolProxy.receiveResponseHeader(CPoolProxy.java:167) ~[httpclient-4.4.1.jar:4.4.1]
	at org.apache.http.protocol.HttpRequestExecutor.doReceiveResponse(HttpRequestExecutor.java:272) ~[httpcore-4.4.1.jar:4.4.1]
	at org.apache.http.protocol.HttpRequestExecutor.execute(HttpRequestExecutor.java:124) ~[httpcore-4.4.1.jar:4.4.1]
	at org.apache.http.impl.execchain.MainClientExec.execute(MainClientExec.java:271) ~[httpclient-4.4.1.jar:4.4.1]
	at org.apache.http.impl.execchain.ProtocolExec.execute(ProtocolExec.java:184) ~[httpclient-4.4.1.jar:4.4.1]
	at org.apache.http.impl.execchain.RetryExec.execute(RetryExec.java:88) ~[httpclient-4.4.1.jar:4.4.1]
	at org.apache.http.impl.execchain.RedirectExec.execute(RedirectExec.java:110) ~[httpclient-4.4.1.jar:4.4.1]
	at org.apache.http.impl.client.InternalHttpClient.doExecute(InternalHttpClient.java:184) ~[httpclient-4.4.1.jar:4.4.1]
	at org.apache.http.impl.client.CloseableHttpClient.execute(CloseableHttpClient.java:71) ~[httpclient-4.4.1.jar:4.4.1]
	at org.apache.http.impl.client.CloseableHttpClient.execute(CloseableHttpClient.java:55) ~[httpclient-4.4.1.jar:4.4.1]
	at org.openqa.selenium.remote.internal.ApacheHttpClient.fallBackExecute(ApacheHttpClient.java:143) ~[selenium-remote-driver-2.50.1.jar:?]
	at org.openqa.selenium.remote.internal.ApacheHttpClient.execute(ApacheHttpClient.java:89) ~[selenium-remote-driver-2.50.1.jar:?]
	at org.openqa.selenium.remote.HttpCommandExecutor.execute(HttpCommandExecutor.java:142) ~[selenium-remote-driver-2.50.1.jar:?]
	at org.openqa.selenium.remote.service.DriverCommandExecutor.execute(DriverCommandExecutor.java:82) ~[selenium-remote-driver-2.50.1.jar:?]
	at org.openqa.selenium.remote.RemoteWebDriver.execute(RemoteWebDriver.java:644) ~[selenium-remote-driver-2.50.1.jar:?]
	at org.openqa.selenium.remote.RemoteWebDriver.startSession(RemoteWebDriver.java:249) ~[selenium-remote-driver-2.50.1.jar:?]
	at org.openqa.selenium.remote.RemoteWebDriver.<init>(RemoteWebDriver.java:131) ~[selenium-remote-driver-2.50.1.jar:?]
	at org.openqa.selenium.remote.RemoteWebDriver.<init>(RemoteWebDriver.java:144) ~[selenium-remote-driver-2.50.1.jar:?]
	at org.openqa.selenium.chrome.ChromeDriver.<init>(ChromeDriver.java:170) ~[selenium-chrome-driver-2.50.1.jar:?]
	at org.openqa.selenium.chrome.ChromeDriver.<init>(ChromeDriver.java:138) ~[selenium-chrome-driver-2.50.1.jar:?]
	at net.thucydides.core.webdriver.WebdriverInstanceFactory.newChromeDriver(WebdriverInstanceFactory.java:65) ~[serenity-core-1.1.26-rc.3.jar:1.1.26-rc.3]
	at net.thucydides.core.webdriver.WebDriverFactory.chromeDriver(WebDriverFactory.java:498) ~[serenity-core-1.1.26-rc.3.jar:1.1.26-rc.3]
	at net.thucydides.core.webdriver.WebDriverFactory.newWebdriverInstance(WebDriverFactory.java:183) ~[serenity-core-1.1.26-rc.3.jar:1.1.26-rc.3]
	... 38 more
2016-12-21 03:46:54 [pool-2-thread-1] ERROR WebDriverFacade:142 - FAILED TO CREATE NEW WEBDRIVER_DRIVER INSTANCE class org.openqa.selenium.chrome.ChromeDriver: Could not instantiate class org.openqa.selenium.chrome.ChromeDriver
net.thucydides.core.webdriver.UnsupportedDriverException: Could not instantiate class org.openqa.selenium.chrome.ChromeDriver
	at net.thucydides.core.webdriver.WebDriverFactory.newWebdriverInstance(WebDriverFactory.java:201) ~[serenity-core-1.1.26-rc.3.jar:1.1.26-rc.3]
	at net.thucydides.core.webdriver.WebDriverFacade.newDriverInstance(WebDriverFacade.java:139) [serenity-core-1.1.26-rc.3.jar:1.1.26-rc.3]
	at net.thucydides.core.webdriver.WebDriverFacade.newProxyDriver(WebDriverFacade.java:130) [serenity-core-1.1.26-rc.3.jar:1.1.26-rc.3]
	at net.thucydides.core.webdriver.WebDriverFacade.getProxiedDriver(WebDriverFacade.java:102) [serenity-core-1.1.26-rc.3.jar:1.1.26-rc.3]
	at net.thucydides.core.webdriver.WebDriverFacade.openIgnoringHtmlUnitScriptErrors(WebDriverFacade.java:175) [serenity-core-1.1.26-rc.3.jar:1.1.26-rc.3]
	at net.thucydides.core.webdriver.WebDriverFacade.get(WebDriverFacade.java:170) [serenity-core-1.1.26-rc.3.jar:1.1.26-rc.3]
	at net.serenitybdd.core.pages.PageObject.openPageAtUrl(PageObject.java:829) [serenity-core-1.1.26-rc.3.jar:1.1.26-rc.3]
	at net.serenitybdd.core.pages.PageObject.open(PageObject.java:739) [serenity-core-1.1.26-rc.3.jar:1.1.26-rc.3]
	at net.serenitybdd.core.pages.PageObject.open(PageObject.java:727) [serenity-core-1.1.26-rc.3.jar:1.1.26-rc.3]
	at com.bda.app.definitions.steps.DictionarySteps.isOnHomepage(DictionarySteps.java:48) [test-classes/:?]
	at com.bda.app.definitions.steps.DictionarySteps$$EnhancerByCGLIB$$58bc85d9.CGLIB$isOnHomepage$4(<generated>) [cglib-3.1.jar:?]
	at com.bda.app.definitions.steps.DictionarySteps$$EnhancerByCGLIB$$58bc85d9$$FastClassByCGLIB$$a2111fc9.invoke(<generated>) [cglib-3.1.jar:?]
	at net.sf.cglib.proxy.MethodProxy.invokeSuper(MethodProxy.java:228) [cglib-3.1.jar:?]
	at net.thucydides.core.steps.StepInterceptor.invokeMethod(StepInterceptor.java:348) [serenity-core-1.1.26-rc.3.jar:1.1.26-rc.3]
	at net.thucydides.core.steps.StepInterceptor.executeTestStepMethod(StepInterceptor.java:333) [serenity-core-1.1.26-rc.3.jar:1.1.26-rc.3]
	at net.thucydides.core.steps.StepInterceptor.runTestStep(StepInterceptor.java:308) [serenity-core-1.1.26-rc.3.jar:1.1.26-rc.3]
	at net.thucydides.core.steps.StepInterceptor.testStepResult(StepInterceptor.java:130) [serenity-core-1.1.26-rc.3.jar:1.1.26-rc.3]
	at net.thucydides.core.steps.StepInterceptor.intercept(StepInterceptor.java:57) [serenity-core-1.1.26-rc.3.jar:1.1.26-rc.3]
	at com.bda.app.definitions.steps.DictionarySteps$$EnhancerByCGLIB$$58bc85d9.isOnHomepage(<generated>) [cglib-3.1.jar:?]
	at com.bda.app.definitions.DictionaryDefinitions.givenTheUserIsOnTheWiktionaryHomePage(DictionaryDefinitions.java:20) [test-classes/:?]
	at sun.reflect.NativeMethodAccessorImpl.invoke0(Native Method) ~[?:1.7.0_79]
	at sun.reflect.NativeMethodAccessorImpl.invoke(NativeMethodAccessorImpl.java:57) ~[?:1.7.0_79]
	at sun.reflect.DelegatingMethodAccessorImpl.invoke(DelegatingMethodAccessorImpl.java:43) ~[?:1.7.0_79]
	at java.lang.reflect.Method.invoke(Method.java:606) ~[?:1.7.0_79]
	at org.jbehave.core.steps.StepCreator$ParametrisedStep.perform(StepCreator.java:595) [jbehave-core-3.10.jar:?]
	at org.jbehave.core.embedder.StoryRunner$FineSoFar.run(StoryRunner.java:566) [jbehave-core-3.10.jar:?]
	at org.jbehave.core.embedder.StoryRunner.runStepsWhileKeepingState(StoryRunner.java:546) [jbehave-core-3.10.jar:?]
	at org.jbehave.core.embedder.StoryRunner.runScenarioSteps(StoryRunner.java:510) [jbehave-core-3.10.jar:?]
	at org.jbehave.core.embedder.StoryRunner.runStepsWithLifecycle(StoryRunner.java:476) [jbehave-core-3.10.jar:?]
	at org.jbehave.core.embedder.StoryRunner.runScenariosParametrisedByExamples(StoryRunner.java:465) [jbehave-core-3.10.jar:?]
	at org.jbehave.core.embedder.StoryRunner.runCancellable(StoryRunner.java:334) [jbehave-core-3.10.jar:?]
	at org.jbehave.core.embedder.StoryRunner.run(StoryRunner.java:239) [jbehave-core-3.10.jar:?]
	at org.jbehave.core.embedder.StoryRunner.run(StoryRunner.java:182) [jbehave-core-3.10.jar:?]
	at org.jbehave.core.embedder.StoryManager$EnqueuedStory.call(StoryManager.java:266) [jbehave-core-3.10.jar:?]
	at org.jbehave.core.embedder.StoryManager$EnqueuedStory.call(StoryManager.java:233) [jbehave-core-3.10.jar:?]
	at java.util.concurrent.FutureTask.run(FutureTask.java:262) [?:1.7.0_79]
	at java.util.concurrent.ThreadPoolExecutor.runWorker(ThreadPoolExecutor.java:1145) [?:1.7.0_79]
	at java.util.concurrent.ThreadPoolExecutor$Worker.run(ThreadPoolExecutor.java:615) [?:1.7.0_79]
	at java.lang.Thread.run(Thread.java:745) [?:1.7.0_79]
Caused by: org.openqa.selenium.remote.UnreachableBrowserException: Could not start a new session. Possible causes are invalid address of the remote server or browser start-up failure.
Build info: version: '2.50.1', revision: 'd7fc91b29de65b790abb01f3ac5f7ea2191c88a7', time: '2016-01-29 11:11:26'
System info: host: 'myDell', ip: '192.168.56.1', os.name: 'Windows 8.1', os.arch: 'amd64', os.version: '6.3', java.version: '1.7.0_79'
Driver info: driver.version: ChromeDriver
	at org.openqa.selenium.remote.RemoteWebDriver.execute(RemoteWebDriver.java:665) ~[selenium-remote-driver-2.50.1.jar:?]
	at org.openqa.selenium.remote.RemoteWebDriver.startSession(RemoteWebDriver.java:249) ~[selenium-remote-driver-2.50.1.jar:?]
	at org.openqa.selenium.remote.RemoteWebDriver.<init>(RemoteWebDriver.java:131) ~[selenium-remote-driver-2.50.1.jar:?]
	at org.openqa.selenium.remote.RemoteWebDriver.<init>(RemoteWebDriver.java:144) ~[selenium-remote-driver-2.50.1.jar:?]
	at org.openqa.selenium.chrome.ChromeDriver.<init>(ChromeDriver.java:170) ~[selenium-chrome-driver-2.50.1.jar:?]
	at org.openqa.selenium.chrome.ChromeDriver.<init>(ChromeDriver.java:138) ~[selenium-chrome-driver-2.50.1.jar:?]
	at net.thucydides.core.webdriver.WebdriverInstanceFactory.newChromeDriver(WebdriverInstanceFactory.java:65) ~[serenity-core-1.1.26-rc.3.jar:1.1.26-rc.3]
	at net.thucydides.core.webdriver.WebDriverFactory.chromeDriver(WebDriverFactory.java:498) ~[serenity-core-1.1.26-rc.3.jar:1.1.26-rc.3]
	at net.thucydides.core.webdriver.WebDriverFactory.newWebdriverInstance(WebDriverFactory.java:183) ~[serenity-core-1.1.26-rc.3.jar:1.1.26-rc.3]
	... 38 more
Caused by: org.openqa.selenium.WebDriverException: java.net.SocketException: Connection reset
Build info: version: '2.50.1', revision: 'd7fc91b29de65b790abb01f3ac5f7ea2191c88a7', time: '2016-01-29 11:11:26'
System info: host: 'myDell', ip: '192.168.56.1', os.name: 'Windows 8.1', os.arch: 'amd64', os.version: '6.3', java.version: '1.7.0_79'
Driver info: driver.version: ChromeDriver
	at org.openqa.selenium.remote.service.DriverCommandExecutor.execute(DriverCommandExecutor.java:91) ~[selenium-remote-driver-2.50.1.jar:?]
	at org.openqa.selenium.remote.RemoteWebDriver.execute(RemoteWebDriver.java:644) ~[selenium-remote-driver-2.50.1.jar:?]
	at org.openqa.selenium.remote.RemoteWebDriver.startSession(RemoteWebDriver.java:249) ~[selenium-remote-driver-2.50.1.jar:?]
	at org.openqa.selenium.remote.RemoteWebDriver.<init>(RemoteWebDriver.java:131) ~[selenium-remote-driver-2.50.1.jar:?]
	at org.openqa.selenium.remote.RemoteWebDriver.<init>(RemoteWebDriver.java:144) ~[selenium-remote-driver-2.50.1.jar:?]
	at org.openqa.selenium.chrome.ChromeDriver.<init>(ChromeDriver.java:170) ~[selenium-chrome-driver-2.50.1.jar:?]
	at org.openqa.selenium.chrome.ChromeDriver.<init>(ChromeDriver.java:138) ~[selenium-chrome-driver-2.50.1.jar:?]
	at net.thucydides.core.webdriver.WebdriverInstanceFactory.newChromeDriver(WebdriverInstanceFactory.java:65) ~[serenity-core-1.1.26-rc.3.jar:1.1.26-rc.3]
	at net.thucydides.core.webdriver.WebDriverFactory.chromeDriver(WebDriverFactory.java:498) ~[serenity-core-1.1.26-rc.3.jar:1.1.26-rc.3]
	at net.thucydides.core.webdriver.WebDriverFactory.newWebdriverInstance(WebDriverFactory.java:183) ~[serenity-core-1.1.26-rc.3.jar:1.1.26-rc.3]
	... 38 more
Caused by: java.net.SocketException: Connection reset
	at java.net.SocketInputStream.read(SocketInputStream.java:196) ~[?:1.7.0_79]
	at java.net.SocketInputStream.read(SocketInputStream.java:122) ~[?:1.7.0_79]
	at org.apache.http.impl.io.SessionInputBufferImpl.streamRead(SessionInputBufferImpl.java:139) ~[httpcore-4.4.1.jar:4.4.1]
	at org.apache.http.impl.io.SessionInputBufferImpl.fillBuffer(SessionInputBufferImpl.java:155) ~[httpcore-4.4.1.jar:4.4.1]
	at org.apache.http.impl.io.SessionInputBufferImpl.readLine(SessionInputBufferImpl.java:284) ~[httpcore-4.4.1.jar:4.4.1]
	at org.apache.http.impl.conn.DefaultHttpResponseParser.parseHead(DefaultHttpResponseParser.java:140) ~[httpclient-4.4.1.jar:4.4.1]
	at org.apache.http.impl.conn.DefaultHttpResponseParser.parseHead(DefaultHttpResponseParser.java:57) ~[httpclient-4.4.1.jar:4.4.1]
	at org.apache.http.impl.io.AbstractMessageParser.parse(AbstractMessageParser.java:261) ~[httpcore-4.4.1.jar:4.4.1]
	at org.apache.http.impl.DefaultBHttpClientConnection.receiveResponseHeader(DefaultBHttpClientConnection.java:165) ~[httpcore-4.4.1.jar:4.4.1]
	at org.apache.http.impl.conn.CPoolProxy.receiveResponseHeader(CPoolProxy.java:167) ~[httpclient-4.4.1.jar:4.4.1]
	at org.apache.http.protocol.HttpRequestExecutor.doReceiveResponse(HttpRequestExecutor.java:272) ~[httpcore-4.4.1.jar:4.4.1]
	at org.apache.http.protocol.HttpRequestExecutor.execute(HttpRequestExecutor.java:124) ~[httpcore-4.4.1.jar:4.4.1]
	at org.apache.http.impl.execchain.MainClientExec.execute(MainClientExec.java:271) ~[httpclient-4.4.1.jar:4.4.1]
	at org.apache.http.impl.execchain.ProtocolExec.execute(ProtocolExec.java:184) ~[httpclient-4.4.1.jar:4.4.1]
	at org.apache.http.impl.execchain.RetryExec.execute(RetryExec.java:88) ~[httpclient-4.4.1.jar:4.4.1]
	at org.apache.http.impl.execchain.RedirectExec.execute(RedirectExec.java:110) ~[httpclient-4.4.1.jar:4.4.1]
	at org.apache.http.impl.client.InternalHttpClient.doExecute(InternalHttpClient.java:184) ~[httpclient-4.4.1.jar:4.4.1]
	at org.apache.http.impl.client.CloseableHttpClient.execute(CloseableHttpClient.java:71) ~[httpclient-4.4.1.jar:4.4.1]
	at org.apache.http.impl.client.CloseableHttpClient.execute(CloseableHttpClient.java:55) ~[httpclient-4.4.1.jar:4.4.1]
	at org.openqa.selenium.remote.internal.ApacheHttpClient.fallBackExecute(ApacheHttpClient.java:143) ~[selenium-remote-driver-2.50.1.jar:?]
	at org.openqa.selenium.remote.internal.ApacheHttpClient.execute(ApacheHttpClient.java:89) ~[selenium-remote-driver-2.50.1.jar:?]
	at org.openqa.selenium.remote.HttpCommandExecutor.execute(HttpCommandExecutor.java:142) ~[selenium-remote-driver-2.50.1.jar:?]
	at org.openqa.selenium.remote.service.DriverCommandExecutor.execute(DriverCommandExecutor.java:82) ~[selenium-remote-driver-2.50.1.jar:?]
	at org.openqa.selenium.remote.RemoteWebDriver.execute(RemoteWebDriver.java:644) ~[selenium-remote-driver-2.50.1.jar:?]
	at org.openqa.selenium.remote.RemoteWebDriver.startSession(RemoteWebDriver.java:249) ~[selenium-remote-driver-2.50.1.jar:?]
	at org.openqa.selenium.remote.RemoteWebDriver.<init>(RemoteWebDriver.java:131) ~[selenium-remote-driver-2.50.1.jar:?]
	at org.openqa.selenium.remote.RemoteWebDriver.<init>(RemoteWebDriver.java:144) ~[selenium-remote-driver-2.50.1.jar:?]
	at org.openqa.selenium.chrome.ChromeDriver.<init>(ChromeDriver.java:170) ~[selenium-chrome-driver-2.50.1.jar:?]
	at org.openqa.selenium.chrome.ChromeDriver.<init>(ChromeDriver.java:138) ~[selenium-chrome-driver-2.50.1.jar:?]
	at net.thucydides.core.webdriver.WebdriverInstanceFactory.newChromeDriver(WebdriverInstanceFactory.java:65) ~[serenity-core-1.1.26-rc.3.jar:1.1.26-rc.3]
	at net.thucydides.core.webdriver.WebDriverFactory.chromeDriver(WebDriverFactory.java:498) ~[serenity-core-1.1.26-rc.3.jar:1.1.26-rc.3]
	at net.thucydides.core.webdriver.WebDriverFactory.newWebdriverInstance(WebDriverFactory.java:183) ~[serenity-core-1.1.26-rc.3.jar:1.1.26-rc.3]
	... 38 more
2016-12-21 03:46:54 [pool-2-thread-1] ERROR Serenity:290 - 
           __  _____ _____ ____ _____   _____ _    ___ _     _____ ____  
  _       / / |_   _| ____/ ___|_   _| |  ___/ \  |_ _| |   | ____|  _ \ 
 (_)_____| |    | | |  _| \___ \ | |   | |_ / _ \  | || |   |  _| | | | |
  _|_____| |    | | | |___ ___) || |   |  _/ ___ \ | || |___| |___| |_| |
 (_)     | |    |_| |_____|____/ |_|   |_|/_/   \_\___|_____|_____|____/ 
          \_\                                                            

TEST FAILED WITH ERROR: TC102 - Looking up abbreviations (Multiple Test Data)
---------------------------------------------------------------------
2016-12-21 03:46:54 [pool-2-thread-1] ERROR Serenity:325 - TEST FAILED AT STEP Is on homepage
2016-12-21 03:46:54 [pool-2-thread-1] ERROR Serenity:327 - Could not instantiate class org.openqa.selenium.chrome.ChromeDriver
2016-12-21 04:42:27 [main] INFO  PropertiesFileLocalPreferences:129 - webdriver.base.url=http://en.wiktionary.org/wiki/Wiktionary
2016-12-21 04:42:27 [main] INFO  PropertiesFileLocalPreferences:129 - story.timeout.in.secs=3600
2016-12-21 04:42:27 [main] INFO  PropertiesFileLocalPreferences:129 - serenity.reports.show.step.details=false
2016-12-21 04:42:27 [main] INFO  PropertiesFileLocalPreferences:129 - serenity.report.show.manual.tests=false
2016-12-21 04:42:27 [main] INFO  PropertiesFileLocalPreferences:129 - serenity.keep.unscaled.screenshots=true
2016-12-21 04:42:27 [main] INFO  PropertiesFileLocalPreferences:129 - security.enable_java=true
2016-12-21 04:42:27 [main] INFO  PropertiesFileLocalPreferences:129 - serenity.project.name=Behavior Driven Automation Framework
2016-12-21 04:42:27 [main] INFO  PropertiesFileLocalPreferences:129 - serenity.take.screenshots=AFTER_EACH_STEP
2016-12-21 04:42:27 [main] INFO  PropertiesFileLocalPreferences:129 - serenity.resized.image.width=1920
2016-12-21 04:42:27 [main] INFO  PropertiesFileLocalPreferences:129 - chrome.switches=--disable-extensions
2016-12-21 04:42:27 [main] INFO  PropertiesFileLocalPreferences:129 - serenity.requirement.types=test suite, capability, feature, story
2016-12-21 04:42:27 [main] INFO  PropertiesFileLocalPreferences:129 - serenity.maintain.session=true
2016-12-21 04:42:27 [main] INFO  PropertiesFileLocalPreferences:129 - dashboard.excluded.tag.list=test suite, story
2016-12-21 04:42:27 [main] INFO  PropertiesFileLocalPreferences:129 - webdriver.chrome.driver=drivers/chromedriver.exe
2016-12-21 04:42:27 [main] INFO  PropertiesFileLocalPreferences:129 - serenity.timeout=5000
2016-12-21 04:42:27 [main] INFO  PropertiesFileLocalPreferences:129 - webdriver.wait.for.timeout=60000
2016-12-21 04:42:27 [main] INFO  PropertiesFileLocalPreferences:129 - webdriver.timeouts.implicitlywait=10000
2016-12-21 04:42:30 [pool-2-thread-1] INFO  ReportingEmbedderMonitor:173 - 1016654944story running with path stories/AcceptanceTestSuite/Capability/Feature/STR101-LookupADefinition.story
2016-12-21 04:42:31 [pool-2-thread-1] INFO  Serenity:193 - 

-------------------------------------------------------------------------------------
     _______. _______ .______       _______ .__   __.  __  .___________.____    ____ 
    /       ||   ____||   _  \     |   ____||  \ |  | |  | |           |\   \  /   / 
   |   (----`|  |__   |  |_)  |    |  |__   |   \|  | |  | `---|  |----` \   \/   /  
    \   \    |   __|  |      /     |   __|  |  . `  | |  |     |  |       \_    _/   
.----)   |   |  |____ |  |\  \----.|  |____ |  |\   | |  |     |  |         |  |     
|_______/    |_______|| _| `._____||_______||__| \__| |__|     |__|         |__|    
-------------------------------------------------------------------------------------

2016-12-21 04:42:31 [pool-2-thread-1] INFO  Serenity:222 - Test Suite Started: Lookup a definition
2016-12-21 04:42:32 [pool-2-thread-1] INFO  Serenity:232 - 
 _____ _____ ____ _____   ____ _____  _    ____ _____ _____ ____  
|_   _| ____/ ___|_   _| / ___|_   _|/ \  |  _ \_   _| ____|  _ \ 
  | | |  _| \___ \ | |   \___ \ | | / _ \ | |_) || | |  _| | | | |
  | | | |___ ___) || |    ___) || |/ ___ \|  _ < | | | |___| |_| |
  |_| |_____|____/ |_|   |____/ |_/_/   \_\_| \_\|_| |_____|____/ 
                                                                  

TEST STARTED: TC101 - Lookup the definition of a word (Single Test Data)
-------------------------------------------------------------------
2016-12-21 04:44:10 [pool-2-thread-1] ERROR WebDriverFacade:145 - FAILED TO CREATE NEW WEBDRIVER_DRIVER INSTANCE class org.openqa.selenium.chrome.ChromeDriver: Could not instantiate class org.openqa.selenium.chrome.ChromeDriver
net.thucydides.core.webdriver.UnsupportedDriverException: Could not instantiate class org.openqa.selenium.chrome.ChromeDriver
	at net.thucydides.core.webdriver.WebDriverFactory.newWebdriverInstance(WebDriverFactory.java:128) ~[serenity-core-1.1.42.jar:1.1.42]
	at net.thucydides.core.webdriver.WebDriverFacade.newDriverInstance(WebDriverFacade.java:142) [serenity-core-1.1.42.jar:1.1.42]
	at net.thucydides.core.webdriver.WebDriverFacade.newProxyDriver(WebDriverFacade.java:133) [serenity-core-1.1.42.jar:1.1.42]
	at net.thucydides.core.webdriver.WebDriverFacade.getProxiedDriver(WebDriverFacade.java:103) [serenity-core-1.1.42.jar:1.1.42]
	at net.thucydides.core.webdriver.WebDriverFacade.openIgnoringHtmlUnitScriptErrors(WebDriverFacade.java:178) [serenity-core-1.1.42.jar:1.1.42]
	at net.thucydides.core.webdriver.WebDriverFacade.get(WebDriverFacade.java:173) [serenity-core-1.1.42.jar:1.1.42]
	at net.serenitybdd.core.pages.PageObject.openPageAtUrl(PageObject.java:831) [serenity-core-1.1.42.jar:1.1.42]
	at net.serenitybdd.core.pages.PageObject.open(PageObject.java:741) [serenity-core-1.1.42.jar:1.1.42]
	at net.serenitybdd.core.pages.PageObject.open(PageObject.java:729) [serenity-core-1.1.42.jar:1.1.42]
	at com.bda.app.definitions.steps.DictionarySteps.isOnHomepage(DictionarySteps.java:48) [test-classes/:?]
	at com.bda.app.definitions.steps.DictionarySteps$$EnhancerByCGLIB$$745ce23.CGLIB$isOnHomepage$4(<generated>) [cglib-3.1.jar:?]
	at com.bda.app.definitions.steps.DictionarySteps$$EnhancerByCGLIB$$745ce23$$FastClassByCGLIB$$8f044928.invoke(<generated>) [cglib-3.1.jar:?]
	at net.sf.cglib.proxy.MethodProxy.invokeSuper(MethodProxy.java:228) [cglib-3.1.jar:?]
	at net.thucydides.core.steps.StepInterceptor.invokeMethod(StepInterceptor.java:372) [serenity-core-1.1.42.jar:1.1.42]
	at net.thucydides.core.steps.StepInterceptor.executeTestStepMethod(StepInterceptor.java:357) [serenity-core-1.1.42.jar:1.1.42]
	at net.thucydides.core.steps.StepInterceptor.runTestStep(StepInterceptor.java:332) [serenity-core-1.1.42.jar:1.1.42]
	at net.thucydides.core.steps.StepInterceptor.testStepResult(StepInterceptor.java:134) [serenity-core-1.1.42.jar:1.1.42]
	at net.thucydides.core.steps.StepInterceptor.intercept(StepInterceptor.java:61) [serenity-core-1.1.42.jar:1.1.42]
	at com.bda.app.definitions.steps.DictionarySteps$$EnhancerByCGLIB$$745ce23.isOnHomepage(<generated>) [cglib-3.1.jar:?]
	at com.bda.app.definitions.DictionaryDefinitions.givenTheUserIsOnTheWiktionaryHomePage(DictionaryDefinitions.java:20) [test-classes/:?]
	at sun.reflect.NativeMethodAccessorImpl.invoke0(Native Method) ~[?:1.7.0_79]
	at sun.reflect.NativeMethodAccessorImpl.invoke(NativeMethodAccessorImpl.java:57) ~[?:1.7.0_79]
	at sun.reflect.DelegatingMethodAccessorImpl.invoke(DelegatingMethodAccessorImpl.java:43) ~[?:1.7.0_79]
	at java.lang.reflect.Method.invoke(Method.java:606) ~[?:1.7.0_79]
	at org.jbehave.core.steps.StepCreator$ParametrisedStep.perform(StepCreator.java:599) [jbehave-core-4.0.5.jar:?]
	at org.jbehave.core.embedder.PerformableTree$FineSoFar.run(PerformableTree.java:340) [jbehave-core-4.0.5.jar:?]
	at org.jbehave.core.embedder.PerformableTree$PerformableSteps.perform(PerformableTree.java:1072) [jbehave-core-4.0.5.jar:?]
	at org.jbehave.core.embedder.PerformableTree$AbstractPerformableScenario.performRestartableSteps(PerformableTree.java:938) [jbehave-core-4.0.5.jar:?]
	at org.jbehave.core.embedder.PerformableTree$NormalPerformableScenario.perform(PerformableTree.java:977) [jbehave-core-4.0.5.jar:?]
	at org.jbehave.core.embedder.PerformableTree$PerformableScenario.perform(PerformableTree.java:887) [jbehave-core-4.0.5.jar:?]
	at org.jbehave.core.embedder.PerformableTree$PerformableStory.performScenarios(PerformableTree.java:811) [jbehave-core-4.0.5.jar:?]
	at org.jbehave.core.embedder.PerformableTree$PerformableStory.perform(PerformableTree.java:784) [jbehave-core-4.0.5.jar:?]
	at org.jbehave.core.embedder.PerformableTree.performCancellable(PerformableTree.java:416) [jbehave-core-4.0.5.jar:?]
	at org.jbehave.core.embedder.PerformableTree.perform(PerformableTree.java:387) [jbehave-core-4.0.5.jar:?]
	at org.jbehave.core.embedder.StoryManager$EnqueuedStory.call(StoryManager.java:291) [jbehave-core-4.0.5.jar:?]
	at org.jbehave.core.embedder.StoryManager$EnqueuedStory.call(StoryManager.java:265) [jbehave-core-4.0.5.jar:?]
	at java.util.concurrent.FutureTask.run(FutureTask.java:262) [?:1.7.0_79]
	at java.util.concurrent.ThreadPoolExecutor.runWorker(ThreadPoolExecutor.java:1145) [?:1.7.0_79]
	at java.util.concurrent.ThreadPoolExecutor$Worker.run(ThreadPoolExecutor.java:615) [?:1.7.0_79]
	at java.lang.Thread.run(Thread.java:745) [?:1.7.0_79]
Caused by: org.openqa.selenium.remote.UnreachableBrowserException: Could not start a new session. Possible causes are invalid address of the remote server or browser start-up failure.
Build info: version: '2.53.1', revision: 'a36b8b1cd5757287168e54b817830adce9b0158d', time: '2016-06-30 19:26:09'
System info: host: 'myDell', ip: '192.168.56.1', os.name: 'Windows 8.1', os.arch: 'amd64', os.version: '6.3', java.version: '1.7.0_79'
Driver info: driver.version: RemoteWebDriver
	at org.openqa.selenium.remote.RemoteWebDriver.execute(RemoteWebDriver.java:665) ~[selenium-remote-driver-2.53.1.jar:?]
	at org.openqa.selenium.remote.RemoteWebDriver.startSession(RemoteWebDriver.java:249) ~[selenium-remote-driver-2.53.1.jar:?]
	at org.openqa.selenium.remote.RemoteWebDriver.<init>(RemoteWebDriver.java:131) ~[selenium-remote-driver-2.53.1.jar:?]
	at org.openqa.selenium.remote.RemoteWebDriver.<init>(RemoteWebDriver.java:158) ~[selenium-remote-driver-2.53.1.jar:?]
	at net.serenitybdd.core.support.ManagedDriverService.newDriver(ManagedDriverService.java:35) ~[serenity-core-1.1.42.jar:1.1.42]
	at net.thucydides.core.webdriver.strategies.ChromeDriverBuilder.newInstance(ChromeDriverBuilder.java:55) ~[serenity-core-1.1.42.jar:1.1.42]
	at net.thucydides.core.webdriver.WebDriverFactory.newWebdriverInstance(WebDriverFactory.java:116) ~[serenity-core-1.1.42.jar:1.1.42]
	... 39 more
Caused by: java.net.SocketException: Connection reset
	at java.net.SocketInputStream.read(SocketInputStream.java:196) ~[?:1.7.0_79]
	at java.net.SocketInputStream.read(SocketInputStream.java:122) ~[?:1.7.0_79]
	at org.apache.http.impl.io.SessionInputBufferImpl.streamRead(SessionInputBufferImpl.java:139) ~[httpcore-4.4.4.jar:4.4.4]
	at org.apache.http.impl.io.SessionInputBufferImpl.fillBuffer(SessionInputBufferImpl.java:155) ~[httpcore-4.4.4.jar:4.4.4]
	at org.apache.http.impl.io.SessionInputBufferImpl.readLine(SessionInputBufferImpl.java:284) ~[httpcore-4.4.4.jar:4.4.4]
	at org.apache.http.impl.conn.DefaultHttpResponseParser.parseHead(DefaultHttpResponseParser.java:140) ~[httpclient-4.5.2.jar:4.5.2]
	at org.apache.http.impl.conn.DefaultHttpResponseParser.parseHead(DefaultHttpResponseParser.java:57) ~[httpclient-4.5.2.jar:4.5.2]
	at org.apache.http.impl.io.AbstractMessageParser.parse(AbstractMessageParser.java:261) ~[httpcore-4.4.4.jar:4.4.4]
	at org.apache.http.impl.DefaultBHttpClientConnection.receiveResponseHeader(DefaultBHttpClientConnection.java:165) ~[httpcore-4.4.4.jar:4.4.4]
	at org.apache.http.impl.conn.CPoolProxy.receiveResponseHeader(CPoolProxy.java:167) ~[httpclient-4.5.2.jar:4.5.2]
	at org.apache.http.protocol.HttpRequestExecutor.doReceiveResponse(HttpRequestExecutor.java:272) ~[httpcore-4.4.4.jar:4.4.4]
	at org.apache.http.protocol.HttpRequestExecutor.execute(HttpRequestExecutor.java:124) ~[httpcore-4.4.4.jar:4.4.4]
	at org.apache.http.impl.execchain.MainClientExec.execute(MainClientExec.java:271) ~[httpclient-4.5.2.jar:4.5.2]
	at org.apache.http.impl.execchain.ProtocolExec.execute(ProtocolExec.java:184) ~[httpclient-4.5.2.jar:4.5.2]
	at org.apache.http.impl.execchain.RetryExec.execute(RetryExec.java:88) ~[httpclient-4.5.2.jar:4.5.2]
	at org.apache.http.impl.execchain.RedirectExec.execute(RedirectExec.java:110) ~[httpclient-4.5.2.jar:4.5.2]
	at org.apache.http.impl.client.InternalHttpClient.doExecute(InternalHttpClient.java:184) ~[httpclient-4.5.2.jar:4.5.2]
	at org.apache.http.impl.client.CloseableHttpClient.execute(CloseableHttpClient.java:71) ~[httpclient-4.5.2.jar:4.5.2]
	at org.apache.http.impl.client.CloseableHttpClient.execute(CloseableHttpClient.java:55) ~[httpclient-4.5.2.jar:4.5.2]
	at org.openqa.selenium.remote.internal.ApacheHttpClient.fallBackExecute(ApacheHttpClient.java:144) ~[selenium-remote-driver-2.53.1.jar:?]
	at org.openqa.selenium.remote.internal.ApacheHttpClient.execute(ApacheHttpClient.java:90) ~[selenium-remote-driver-2.53.1.jar:?]
	at org.openqa.selenium.remote.HttpCommandExecutor.execute(HttpCommandExecutor.java:142) ~[selenium-remote-driver-2.53.1.jar:?]
	at org.openqa.selenium.remote.RemoteWebDriver.execute(RemoteWebDriver.java:644) ~[selenium-remote-driver-2.53.1.jar:?]
	at org.openqa.selenium.remote.RemoteWebDriver.startSession(RemoteWebDriver.java:249) ~[selenium-remote-driver-2.53.1.jar:?]
	at org.openqa.selenium.remote.RemoteWebDriver.<init>(RemoteWebDriver.java:131) ~[selenium-remote-driver-2.53.1.jar:?]
	at org.openqa.selenium.remote.RemoteWebDriver.<init>(RemoteWebDriver.java:158) ~[selenium-remote-driver-2.53.1.jar:?]
	at net.serenitybdd.core.support.ManagedDriverService.newDriver(ManagedDriverService.java:35) ~[serenity-core-1.1.42.jar:1.1.42]
	at net.thucydides.core.webdriver.strategies.ChromeDriverBuilder.newInstance(ChromeDriverBuilder.java:55) ~[serenity-core-1.1.42.jar:1.1.42]
	at net.thucydides.core.webdriver.WebDriverFactory.newWebdriverInstance(WebDriverFactory.java:116) ~[serenity-core-1.1.42.jar:1.1.42]
	... 39 more
2016-12-21 04:44:11 [pool-2-thread-1] ERROR Serenity:290 - 
           __  _____ _____ ____ _____   _____ _    ___ _     _____ ____  
  _       / / |_   _| ____/ ___|_   _| |  ___/ \  |_ _| |   | ____|  _ \ 
 (_)_____| |    | | |  _| \___ \ | |   | |_ / _ \  | || |   |  _| | | | |
  _|_____| |    | | | |___ ___) || |   |  _/ ___ \ | || |___| |___| |_| |
 (_)     | |    |_| |_____|____/ |_|   |_|/_/   \_\___|_____|_____|____/ 
          \_\                                                            

TEST FAILED WITH ERROR: TC101 - Lookup the definition of a word (Single Test Data)
---------------------------------------------------------------------
2016-12-21 04:44:12 [pool-2-thread-1] ERROR Serenity:325 - TEST FAILED AT STEP Is on homepage
2016-12-21 04:44:12 [pool-2-thread-1] ERROR Serenity:327 - Could not instantiate class org.openqa.selenium.chrome.ChromeDriver
2016-12-21 04:44:12 [pool-2-thread-1] INFO  Serenity:232 - 
 _____ _____ ____ _____   ____ _____  _    ____ _____ _____ ____  
|_   _| ____/ ___|_   _| / ___|_   _|/ \  |  _ \_   _| ____|  _ \ 
  | | |  _| \___ \ | |   \___ \ | | / _ \ | |_) || | |  _| | | | |
  | | | |___ ___) || |    ___) || |/ ___ \|  _ < | | | |___| |_| |
  |_| |_____|____/ |_|   |____/ |_/_/   \_\_| \_\|_| |_____|____/ 
                                                                  

TEST STARTED: TC102 - Looking up abbreviations (Multiple Test Data)
-------------------------------------------------------------------
2016-12-21 04:44:17 [pool-2-thread-1] ERROR WebDriverFacade:145 - FAILED TO CREATE NEW WEBDRIVER_DRIVER INSTANCE class org.openqa.selenium.chrome.ChromeDriver: Could not instantiate class org.openqa.selenium.chrome.ChromeDriver
net.thucydides.core.webdriver.UnsupportedDriverException: Could not instantiate class org.openqa.selenium.chrome.ChromeDriver
	at net.thucydides.core.webdriver.WebDriverFactory.newWebdriverInstance(WebDriverFactory.java:128) ~[serenity-core-1.1.42.jar:1.1.42]
	at net.thucydides.core.webdriver.WebDriverFacade.newDriverInstance(WebDriverFacade.java:142) [serenity-core-1.1.42.jar:1.1.42]
	at net.thucydides.core.webdriver.WebDriverFacade.newProxyDriver(WebDriverFacade.java:133) [serenity-core-1.1.42.jar:1.1.42]
	at net.thucydides.core.webdriver.WebDriverFacade.getProxiedDriver(WebDriverFacade.java:103) [serenity-core-1.1.42.jar:1.1.42]
	at net.thucydides.core.webdriver.WebDriverFacade.openIgnoringHtmlUnitScriptErrors(WebDriverFacade.java:178) [serenity-core-1.1.42.jar:1.1.42]
	at net.thucydides.core.webdriver.WebDriverFacade.get(WebDriverFacade.java:173) [serenity-core-1.1.42.jar:1.1.42]
	at net.serenitybdd.core.pages.PageObject.openPageAtUrl(PageObject.java:831) [serenity-core-1.1.42.jar:1.1.42]
	at net.serenitybdd.core.pages.PageObject.open(PageObject.java:741) [serenity-core-1.1.42.jar:1.1.42]
	at net.serenitybdd.core.pages.PageObject.open(PageObject.java:729) [serenity-core-1.1.42.jar:1.1.42]
	at com.bda.app.definitions.steps.DictionarySteps.isOnHomepage(DictionarySteps.java:48) [test-classes/:?]
	at com.bda.app.definitions.steps.DictionarySteps$$EnhancerByCGLIB$$745ce23.CGLIB$isOnHomepage$4(<generated>) [cglib-3.1.jar:?]
	at com.bda.app.definitions.steps.DictionarySteps$$EnhancerByCGLIB$$745ce23$$FastClassByCGLIB$$8f044928.invoke(<generated>) [cglib-3.1.jar:?]
	at net.sf.cglib.proxy.MethodProxy.invokeSuper(MethodProxy.java:228) [cglib-3.1.jar:?]
	at net.thucydides.core.steps.StepInterceptor.invokeMethod(StepInterceptor.java:372) [serenity-core-1.1.42.jar:1.1.42]
	at net.thucydides.core.steps.StepInterceptor.executeTestStepMethod(StepInterceptor.java:357) [serenity-core-1.1.42.jar:1.1.42]
	at net.thucydides.core.steps.StepInterceptor.runTestStep(StepInterceptor.java:332) [serenity-core-1.1.42.jar:1.1.42]
	at net.thucydides.core.steps.StepInterceptor.testStepResult(StepInterceptor.java:134) [serenity-core-1.1.42.jar:1.1.42]
	at net.thucydides.core.steps.StepInterceptor.intercept(StepInterceptor.java:61) [serenity-core-1.1.42.jar:1.1.42]
	at com.bda.app.definitions.steps.DictionarySteps$$EnhancerByCGLIB$$745ce23.isOnHomepage(<generated>) [cglib-3.1.jar:?]
	at com.bda.app.definitions.DictionaryDefinitions.givenTheUserIsOnTheWiktionaryHomePage(DictionaryDefinitions.java:20) [test-classes/:?]
	at sun.reflect.NativeMethodAccessorImpl.invoke0(Native Method) ~[?:1.7.0_79]
	at sun.reflect.NativeMethodAccessorImpl.invoke(NativeMethodAccessorImpl.java:57) ~[?:1.7.0_79]
	at sun.reflect.DelegatingMethodAccessorImpl.invoke(DelegatingMethodAccessorImpl.java:43) ~[?:1.7.0_79]
	at java.lang.reflect.Method.invoke(Method.java:606) ~[?:1.7.0_79]
	at org.jbehave.core.steps.StepCreator$ParametrisedStep.perform(StepCreator.java:599) [jbehave-core-4.0.5.jar:?]
	at org.jbehave.core.embedder.PerformableTree$FineSoFar.run(PerformableTree.java:340) [jbehave-core-4.0.5.jar:?]
	at org.jbehave.core.embedder.PerformableTree$PerformableSteps.perform(PerformableTree.java:1072) [jbehave-core-4.0.5.jar:?]
	at org.jbehave.core.embedder.PerformableTree$AbstractPerformableScenario.performRestartableSteps(PerformableTree.java:938) [jbehave-core-4.0.5.jar:?]
	at org.jbehave.core.embedder.PerformableTree$ExamplePerformableScenario.perform(PerformableTree.java:1011) [jbehave-core-4.0.5.jar:?]
	at org.jbehave.core.embedder.PerformableTree$PerformableScenario.perform(PerformableTree.java:883) [jbehave-core-4.0.5.jar:?]
	at org.jbehave.core.embedder.PerformableTree$PerformableStory.performScenarios(PerformableTree.java:811) [jbehave-core-4.0.5.jar:?]
	at org.jbehave.core.embedder.PerformableTree$PerformableStory.perform(PerformableTree.java:784) [jbehave-core-4.0.5.jar:?]
	at org.jbehave.core.embedder.PerformableTree.performCancellable(PerformableTree.java:416) [jbehave-core-4.0.5.jar:?]
	at org.jbehave.core.embedder.PerformableTree.perform(PerformableTree.java:387) [jbehave-core-4.0.5.jar:?]
	at org.jbehave.core.embedder.StoryManager$EnqueuedStory.call(StoryManager.java:291) [jbehave-core-4.0.5.jar:?]
	at org.jbehave.core.embedder.StoryManager$EnqueuedStory.call(StoryManager.java:265) [jbehave-core-4.0.5.jar:?]
	at java.util.concurrent.FutureTask.run(FutureTask.java:262) [?:1.7.0_79]
	at java.util.concurrent.ThreadPoolExecutor.runWorker(ThreadPoolExecutor.java:1145) [?:1.7.0_79]
	at java.util.concurrent.ThreadPoolExecutor$Worker.run(ThreadPoolExecutor.java:615) [?:1.7.0_79]
	at java.lang.Thread.run(Thread.java:745) [?:1.7.0_79]
Caused by: org.openqa.selenium.remote.UnreachableBrowserException: Could not start a new session. Possible causes are invalid address of the remote server or browser start-up failure.
Build info: version: '2.53.1', revision: 'a36b8b1cd5757287168e54b817830adce9b0158d', time: '2016-06-30 19:26:09'
System info: host: 'myDell', ip: '192.168.56.1', os.name: 'Windows 8.1', os.arch: 'amd64', os.version: '6.3', java.version: '1.7.0_79'
Driver info: driver.version: RemoteWebDriver
	at org.openqa.selenium.remote.RemoteWebDriver.execute(RemoteWebDriver.java:665) ~[selenium-remote-driver-2.53.1.jar:?]
	at org.openqa.selenium.remote.RemoteWebDriver.startSession(RemoteWebDriver.java:249) ~[selenium-remote-driver-2.53.1.jar:?]
	at org.openqa.selenium.remote.RemoteWebDriver.<init>(RemoteWebDriver.java:131) ~[selenium-remote-driver-2.53.1.jar:?]
	at org.openqa.selenium.remote.RemoteWebDriver.<init>(RemoteWebDriver.java:158) ~[selenium-remote-driver-2.53.1.jar:?]
	at net.serenitybdd.core.support.ManagedDriverService.newDriver(ManagedDriverService.java:35) ~[serenity-core-1.1.42.jar:1.1.42]
	at net.thucydides.core.webdriver.strategies.ChromeDriverBuilder.newInstance(ChromeDriverBuilder.java:55) ~[serenity-core-1.1.42.jar:1.1.42]
	at net.thucydides.core.webdriver.WebDriverFactory.newWebdriverInstance(WebDriverFactory.java:116) ~[serenity-core-1.1.42.jar:1.1.42]
	... 39 more
Caused by: java.net.SocketException: Connection reset
	at java.net.SocketInputStream.read(SocketInputStream.java:196) ~[?:1.7.0_79]
	at java.net.SocketInputStream.read(SocketInputStream.java:122) ~[?:1.7.0_79]
	at org.apache.http.impl.io.SessionInputBufferImpl.streamRead(SessionInputBufferImpl.java:139) ~[httpcore-4.4.4.jar:4.4.4]
	at org.apache.http.impl.io.SessionInputBufferImpl.fillBuffer(SessionInputBufferImpl.java:155) ~[httpcore-4.4.4.jar:4.4.4]
	at org.apache.http.impl.io.SessionInputBufferImpl.readLine(SessionInputBufferImpl.java:284) ~[httpcore-4.4.4.jar:4.4.4]
	at org.apache.http.impl.conn.DefaultHttpResponseParser.parseHead(DefaultHttpResponseParser.java:140) ~[httpclient-4.5.2.jar:4.5.2]
	at org.apache.http.impl.conn.DefaultHttpResponseParser.parseHead(DefaultHttpResponseParser.java:57) ~[httpclient-4.5.2.jar:4.5.2]
	at org.apache.http.impl.io.AbstractMessageParser.parse(AbstractMessageParser.java:261) ~[httpcore-4.4.4.jar:4.4.4]
	at org.apache.http.impl.DefaultBHttpClientConnection.receiveResponseHeader(DefaultBHttpClientConnection.java:165) ~[httpcore-4.4.4.jar:4.4.4]
	at org.apache.http.impl.conn.CPoolProxy.receiveResponseHeader(CPoolProxy.java:167) ~[httpclient-4.5.2.jar:4.5.2]
	at org.apache.http.protocol.HttpRequestExecutor.doReceiveResponse(HttpRequestExecutor.java:272) ~[httpcore-4.4.4.jar:4.4.4]
	at org.apache.http.protocol.HttpRequestExecutor.execute(HttpRequestExecutor.java:124) ~[httpcore-4.4.4.jar:4.4.4]
	at org.apache.http.impl.execchain.MainClientExec.execute(MainClientExec.java:271) ~[httpclient-4.5.2.jar:4.5.2]
	at org.apache.http.impl.execchain.ProtocolExec.execute(ProtocolExec.java:184) ~[httpclient-4.5.2.jar:4.5.2]
	at org.apache.http.impl.execchain.RetryExec.execute(RetryExec.java:88) ~[httpclient-4.5.2.jar:4.5.2]
	at org.apache.http.impl.execchain.RedirectExec.execute(RedirectExec.java:110) ~[httpclient-4.5.2.jar:4.5.2]
	at org.apache.http.impl.client.InternalHttpClient.doExecute(InternalHttpClient.java:184) ~[httpclient-4.5.2.jar:4.5.2]
	at org.apache.http.impl.client.CloseableHttpClient.execute(CloseableHttpClient.java:71) ~[httpclient-4.5.2.jar:4.5.2]
	at org.apache.http.impl.client.CloseableHttpClient.execute(CloseableHttpClient.java:55) ~[httpclient-4.5.2.jar:4.5.2]
	at org.openqa.selenium.remote.internal.ApacheHttpClient.fallBackExecute(ApacheHttpClient.java:144) ~[selenium-remote-driver-2.53.1.jar:?]
	at org.openqa.selenium.remote.internal.ApacheHttpClient.execute(ApacheHttpClient.java:90) ~[selenium-remote-driver-2.53.1.jar:?]
	at org.openqa.selenium.remote.HttpCommandExecutor.execute(HttpCommandExecutor.java:142) ~[selenium-remote-driver-2.53.1.jar:?]
	at org.openqa.selenium.remote.RemoteWebDriver.execute(RemoteWebDriver.java:644) ~[selenium-remote-driver-2.53.1.jar:?]
	at org.openqa.selenium.remote.RemoteWebDriver.startSession(RemoteWebDriver.java:249) ~[selenium-remote-driver-2.53.1.jar:?]
	at org.openqa.selenium.remote.RemoteWebDriver.<init>(RemoteWebDriver.java:131) ~[selenium-remote-driver-2.53.1.jar:?]
	at org.openqa.selenium.remote.RemoteWebDriver.<init>(RemoteWebDriver.java:158) ~[selenium-remote-driver-2.53.1.jar:?]
	at net.serenitybdd.core.support.ManagedDriverService.newDriver(ManagedDriverService.java:35) ~[serenity-core-1.1.42.jar:1.1.42]
	at net.thucydides.core.webdriver.strategies.ChromeDriverBuilder.newInstance(ChromeDriverBuilder.java:55) ~[serenity-core-1.1.42.jar:1.1.42]
	at net.thucydides.core.webdriver.WebDriverFactory.newWebdriverInstance(WebDriverFactory.java:116) ~[serenity-core-1.1.42.jar:1.1.42]
	... 39 more
2016-12-21 04:44:59 [main] INFO  PropertiesFileLocalPreferences:129 - webdriver.base.url=http://en.wiktionary.org/wiki/Wiktionary
2016-12-21 04:44:59 [main] INFO  PropertiesFileLocalPreferences:129 - story.timeout.in.secs=3600
2016-12-21 04:44:59 [main] INFO  PropertiesFileLocalPreferences:129 - serenity.reports.show.step.details=false
2016-12-21 04:44:59 [main] INFO  PropertiesFileLocalPreferences:129 - serenity.report.show.manual.tests=false
2016-12-21 04:44:59 [main] INFO  PropertiesFileLocalPreferences:129 - serenity.keep.unscaled.screenshots=true
2016-12-21 04:44:59 [main] INFO  PropertiesFileLocalPreferences:129 - security.enable_java=true
2016-12-21 04:44:59 [main] INFO  PropertiesFileLocalPreferences:129 - serenity.project.name=Behavior Driven Automation Framework
2016-12-21 04:44:59 [main] INFO  PropertiesFileLocalPreferences:129 - serenity.take.screenshots=AFTER_EACH_STEP
2016-12-21 04:44:59 [main] INFO  PropertiesFileLocalPreferences:129 - serenity.resized.image.width=1920
2016-12-21 04:44:59 [main] INFO  PropertiesFileLocalPreferences:129 - chrome.switches=--disable-extensions
2016-12-21 04:44:59 [main] INFO  PropertiesFileLocalPreferences:129 - serenity.requirement.types=test suite, capability, feature, story
2016-12-21 04:44:59 [main] INFO  PropertiesFileLocalPreferences:129 - serenity.maintain.session=true
2016-12-21 04:44:59 [main] INFO  PropertiesFileLocalPreferences:129 - dashboard.excluded.tag.list=test suite, story
2016-12-21 04:44:59 [main] INFO  PropertiesFileLocalPreferences:129 - webdriver.chrome.driver=drivers/chromedriver.exe
2016-12-21 04:44:59 [main] INFO  PropertiesFileLocalPreferences:129 - serenity.timeout=5000
2016-12-21 04:44:59 [main] INFO  PropertiesFileLocalPreferences:129 - webdriver.wait.for.timeout=60000
2016-12-21 04:44:59 [main] INFO  PropertiesFileLocalPreferences:129 - webdriver.timeouts.implicitlywait=10000
2016-12-21 04:45:00 [pool-2-thread-1] INFO  ReportingEmbedderMonitor:173 - 1617852084story running with path stories/AcceptanceTestSuite/Capability/Feature/STR101-LookupADefinition.story
2016-12-21 04:45:00 [pool-2-thread-1] INFO  Serenity:193 - 

-------------------------------------------------------------------------------------
     _______. _______ .______       _______ .__   __.  __  .___________.____    ____ 
    /       ||   ____||   _  \     |   ____||  \ |  | |  | |           |\   \  /   / 
   |   (----`|  |__   |  |_)  |    |  |__   |   \|  | |  | `---|  |----` \   \/   /  
    \   \    |   __|  |      /     |   __|  |  . `  | |  |     |  |       \_    _/   
.----)   |   |  |____ |  |\  \----.|  |____ |  |\   | |  |     |  |         |  |     
|_______/    |_______|| _| `._____||_______||__| \__| |__|     |__|         |__|    
-------------------------------------------------------------------------------------

2016-12-21 04:45:00 [pool-2-thread-1] INFO  Serenity:222 - Test Suite Started: Lookup a definition
2016-12-21 04:45:00 [pool-2-thread-1] INFO  Serenity:232 - 
 _____ _____ ____ _____   ____ _____  _    ____ _____ _____ ____  
|_   _| ____/ ___|_   _| / ___|_   _|/ \  |  _ \_   _| ____|  _ \ 
  | | |  _| \___ \ | |   \___ \ | | / _ \ | |_) || | |  _| | | | |
  | | | |___ ___) || |    ___) || |/ ___ \|  _ < | | | |___| |_| |
  |_| |_____|____/ |_|   |____/ |_/_/   \_\_| \_\|_| |_____|____/ 
                                                                  

TEST STARTED: TC101 - Lookup the definition of a word (Single Test Data)
-------------------------------------------------------------------
2016-12-21 04:45:06 [pool-2-thread-1] ERROR WebDriverFacade:145 - FAILED TO CREATE NEW WEBDRIVER_DRIVER INSTANCE class org.openqa.selenium.chrome.ChromeDriver: Could not instantiate class org.openqa.selenium.chrome.ChromeDriver
net.thucydides.core.webdriver.UnsupportedDriverException: Could not instantiate class org.openqa.selenium.chrome.ChromeDriver
	at net.thucydides.core.webdriver.WebDriverFactory.newWebdriverInstance(WebDriverFactory.java:128) ~[serenity-core-1.1.42.jar:1.1.42]
	at net.thucydides.core.webdriver.WebDriverFacade.newDriverInstance(WebDriverFacade.java:142) [serenity-core-1.1.42.jar:1.1.42]
	at net.thucydides.core.webdriver.WebDriverFacade.newProxyDriver(WebDriverFacade.java:133) [serenity-core-1.1.42.jar:1.1.42]
	at net.thucydides.core.webdriver.WebDriverFacade.getProxiedDriver(WebDriverFacade.java:103) [serenity-core-1.1.42.jar:1.1.42]
	at net.thucydides.core.webdriver.WebDriverFacade.openIgnoringHtmlUnitScriptErrors(WebDriverFacade.java:178) [serenity-core-1.1.42.jar:1.1.42]
	at net.thucydides.core.webdriver.WebDriverFacade.get(WebDriverFacade.java:173) [serenity-core-1.1.42.jar:1.1.42]
	at net.serenitybdd.core.pages.PageObject.openPageAtUrl(PageObject.java:831) [serenity-core-1.1.42.jar:1.1.42]
	at net.serenitybdd.core.pages.PageObject.open(PageObject.java:741) [serenity-core-1.1.42.jar:1.1.42]
	at net.serenitybdd.core.pages.PageObject.open(PageObject.java:729) [serenity-core-1.1.42.jar:1.1.42]
	at com.bda.app.definitions.steps.DictionarySteps.isOnHomepage(DictionarySteps.java:48) [test-classes/:?]
	at com.bda.app.definitions.steps.DictionarySteps$$EnhancerByCGLIB$$17898a21.CGLIB$isOnHomepage$0(<generated>) [cglib-3.1.jar:?]
	at com.bda.app.definitions.steps.DictionarySteps$$EnhancerByCGLIB$$17898a21$$FastClassByCGLIB$$83ab6ae2.invoke(<generated>) [cglib-3.1.jar:?]
	at net.sf.cglib.proxy.MethodProxy.invokeSuper(MethodProxy.java:228) [cglib-3.1.jar:?]
	at net.thucydides.core.steps.StepInterceptor.invokeMethod(StepInterceptor.java:372) [serenity-core-1.1.42.jar:1.1.42]
	at net.thucydides.core.steps.StepInterceptor.executeTestStepMethod(StepInterceptor.java:357) [serenity-core-1.1.42.jar:1.1.42]
	at net.thucydides.core.steps.StepInterceptor.runTestStep(StepInterceptor.java:332) [serenity-core-1.1.42.jar:1.1.42]
	at net.thucydides.core.steps.StepInterceptor.testStepResult(StepInterceptor.java:134) [serenity-core-1.1.42.jar:1.1.42]
	at net.thucydides.core.steps.StepInterceptor.intercept(StepInterceptor.java:61) [serenity-core-1.1.42.jar:1.1.42]
	at com.bda.app.definitions.steps.DictionarySteps$$EnhancerByCGLIB$$17898a21.isOnHomepage(<generated>) [cglib-3.1.jar:?]
	at com.bda.app.definitions.DictionaryDefinitions.givenTheUserIsOnTheWiktionaryHomePage(DictionaryDefinitions.java:20) [test-classes/:?]
	at sun.reflect.NativeMethodAccessorImpl.invoke0(Native Method) ~[?:1.7.0_79]
	at sun.reflect.NativeMethodAccessorImpl.invoke(NativeMethodAccessorImpl.java:57) ~[?:1.7.0_79]
	at sun.reflect.DelegatingMethodAccessorImpl.invoke(DelegatingMethodAccessorImpl.java:43) ~[?:1.7.0_79]
	at java.lang.reflect.Method.invoke(Method.java:606) ~[?:1.7.0_79]
	at org.jbehave.core.steps.StepCreator$ParametrisedStep.perform(StepCreator.java:599) [jbehave-core-4.0.5.jar:?]
	at org.jbehave.core.embedder.PerformableTree$FineSoFar.run(PerformableTree.java:340) [jbehave-core-4.0.5.jar:?]
	at org.jbehave.core.embedder.PerformableTree$PerformableSteps.perform(PerformableTree.java:1072) [jbehave-core-4.0.5.jar:?]
	at org.jbehave.core.embedder.PerformableTree$AbstractPerformableScenario.performRestartableSteps(PerformableTree.java:938) [jbehave-core-4.0.5.jar:?]
	at org.jbehave.core.embedder.PerformableTree$NormalPerformableScenario.perform(PerformableTree.java:977) [jbehave-core-4.0.5.jar:?]
	at org.jbehave.core.embedder.PerformableTree$PerformableScenario.perform(PerformableTree.java:887) [jbehave-core-4.0.5.jar:?]
	at org.jbehave.core.embedder.PerformableTree$PerformableStory.performScenarios(PerformableTree.java:811) [jbehave-core-4.0.5.jar:?]
	at org.jbehave.core.embedder.PerformableTree$PerformableStory.perform(PerformableTree.java:784) [jbehave-core-4.0.5.jar:?]
	at org.jbehave.core.embedder.PerformableTree.performCancellable(PerformableTree.java:416) [jbehave-core-4.0.5.jar:?]
	at org.jbehave.core.embedder.PerformableTree.perform(PerformableTree.java:387) [jbehave-core-4.0.5.jar:?]
	at org.jbehave.core.embedder.StoryManager$EnqueuedStory.call(StoryManager.java:291) [jbehave-core-4.0.5.jar:?]
	at org.jbehave.core.embedder.StoryManager$EnqueuedStory.call(StoryManager.java:265) [jbehave-core-4.0.5.jar:?]
	at java.util.concurrent.FutureTask.run(FutureTask.java:262) [?:1.7.0_79]
	at java.util.concurrent.ThreadPoolExecutor.runWorker(ThreadPoolExecutor.java:1145) [?:1.7.0_79]
	at java.util.concurrent.ThreadPoolExecutor$Worker.run(ThreadPoolExecutor.java:615) [?:1.7.0_79]
	at java.lang.Thread.run(Thread.java:745) [?:1.7.0_79]
Caused by: org.openqa.selenium.remote.UnreachableBrowserException: Could not start a new session. Possible causes are invalid address of the remote server or browser start-up failure.
Build info: version: '2.53.1', revision: 'a36b8b1cd5757287168e54b817830adce9b0158d', time: '2016-06-30 19:26:09'
System info: host: 'myDell', ip: '192.168.56.1', os.name: 'Windows 8.1', os.arch: 'amd64', os.version: '6.3', java.version: '1.7.0_79'
Driver info: driver.version: RemoteWebDriver
	at org.openqa.selenium.remote.RemoteWebDriver.execute(RemoteWebDriver.java:665) ~[selenium-remote-driver-2.53.1.jar:?]
	at org.openqa.selenium.remote.RemoteWebDriver.startSession(RemoteWebDriver.java:249) ~[selenium-remote-driver-2.53.1.jar:?]
	at org.openqa.selenium.remote.RemoteWebDriver.<init>(RemoteWebDriver.java:131) ~[selenium-remote-driver-2.53.1.jar:?]
	at org.openqa.selenium.remote.RemoteWebDriver.<init>(RemoteWebDriver.java:158) ~[selenium-remote-driver-2.53.1.jar:?]
	at net.serenitybdd.core.support.ManagedDriverService.newDriver(ManagedDriverService.java:35) ~[serenity-core-1.1.42.jar:1.1.42]
	at net.thucydides.core.webdriver.strategies.ChromeDriverBuilder.newInstance(ChromeDriverBuilder.java:55) ~[serenity-core-1.1.42.jar:1.1.42]
	at net.thucydides.core.webdriver.WebDriverFactory.newWebdriverInstance(WebDriverFactory.java:116) ~[serenity-core-1.1.42.jar:1.1.42]
	... 39 more
Caused by: java.net.SocketException: Connection reset
	at java.net.SocketInputStream.read(SocketInputStream.java:196) ~[?:1.7.0_79]
	at java.net.SocketInputStream.read(SocketInputStream.java:122) ~[?:1.7.0_79]
	at org.apache.http.impl.io.SessionInputBufferImpl.streamRead(SessionInputBufferImpl.java:139) ~[httpcore-4.4.4.jar:4.4.4]
	at org.apache.http.impl.io.SessionInputBufferImpl.fillBuffer(SessionInputBufferImpl.java:155) ~[httpcore-4.4.4.jar:4.4.4]
	at org.apache.http.impl.io.SessionInputBufferImpl.readLine(SessionInputBufferImpl.java:284) ~[httpcore-4.4.4.jar:4.4.4]
	at org.apache.http.impl.conn.DefaultHttpResponseParser.parseHead(DefaultHttpResponseParser.java:140) ~[httpclient-4.5.2.jar:4.5.2]
	at org.apache.http.impl.conn.DefaultHttpResponseParser.parseHead(DefaultHttpResponseParser.java:57) ~[httpclient-4.5.2.jar:4.5.2]
	at org.apache.http.impl.io.AbstractMessageParser.parse(AbstractMessageParser.java:261) ~[httpcore-4.4.4.jar:4.4.4]
	at org.apache.http.impl.DefaultBHttpClientConnection.receiveResponseHeader(DefaultBHttpClientConnection.java:165) ~[httpcore-4.4.4.jar:4.4.4]
	at org.apache.http.impl.conn.CPoolProxy.receiveResponseHeader(CPoolProxy.java:167) ~[httpclient-4.5.2.jar:4.5.2]
	at org.apache.http.protocol.HttpRequestExecutor.doReceiveResponse(HttpRequestExecutor.java:272) ~[httpcore-4.4.4.jar:4.4.4]
	at org.apache.http.protocol.HttpRequestExecutor.execute(HttpRequestExecutor.java:124) ~[httpcore-4.4.4.jar:4.4.4]
	at org.apache.http.impl.execchain.MainClientExec.execute(MainClientExec.java:271) ~[httpclient-4.5.2.jar:4.5.2]
	at org.apache.http.impl.execchain.ProtocolExec.execute(ProtocolExec.java:184) ~[httpclient-4.5.2.jar:4.5.2]
	at org.apache.http.impl.execchain.RetryExec.execute(RetryExec.java:88) ~[httpclient-4.5.2.jar:4.5.2]
	at org.apache.http.impl.execchain.RedirectExec.execute(RedirectExec.java:110) ~[httpclient-4.5.2.jar:4.5.2]
	at org.apache.http.impl.client.InternalHttpClient.doExecute(InternalHttpClient.java:184) ~[httpclient-4.5.2.jar:4.5.2]
	at org.apache.http.impl.client.CloseableHttpClient.execute(CloseableHttpClient.java:71) ~[httpclient-4.5.2.jar:4.5.2]
	at org.apache.http.impl.client.CloseableHttpClient.execute(CloseableHttpClient.java:55) ~[httpclient-4.5.2.jar:4.5.2]
	at org.openqa.selenium.remote.internal.ApacheHttpClient.fallBackExecute(ApacheHttpClient.java:144) ~[selenium-remote-driver-2.53.1.jar:?]
	at org.openqa.selenium.remote.internal.ApacheHttpClient.execute(ApacheHttpClient.java:90) ~[selenium-remote-driver-2.53.1.jar:?]
	at org.openqa.selenium.remote.HttpCommandExecutor.execute(HttpCommandExecutor.java:142) ~[selenium-remote-driver-2.53.1.jar:?]
	at org.openqa.selenium.remote.RemoteWebDriver.execute(RemoteWebDriver.java:644) ~[selenium-remote-driver-2.53.1.jar:?]
	at org.openqa.selenium.remote.RemoteWebDriver.startSession(RemoteWebDriver.java:249) ~[selenium-remote-driver-2.53.1.jar:?]
	at org.openqa.selenium.remote.RemoteWebDriver.<init>(RemoteWebDriver.java:131) ~[selenium-remote-driver-2.53.1.jar:?]
	at org.openqa.selenium.remote.RemoteWebDriver.<init>(RemoteWebDriver.java:158) ~[selenium-remote-driver-2.53.1.jar:?]
	at net.serenitybdd.core.support.ManagedDriverService.newDriver(ManagedDriverService.java:35) ~[serenity-core-1.1.42.jar:1.1.42]
	at net.thucydides.core.webdriver.strategies.ChromeDriverBuilder.newInstance(ChromeDriverBuilder.java:55) ~[serenity-core-1.1.42.jar:1.1.42]
	at net.thucydides.core.webdriver.WebDriverFactory.newWebdriverInstance(WebDriverFactory.java:116) ~[serenity-core-1.1.42.jar:1.1.42]
	... 39 more
2016-12-21 04:45:06 [pool-2-thread-1] ERROR Serenity:290 - 
           __  _____ _____ ____ _____   _____ _    ___ _     _____ ____  
  _       / / |_   _| ____/ ___|_   _| |  ___/ \  |_ _| |   | ____|  _ \ 
 (_)_____| |    | | |  _| \___ \ | |   | |_ / _ \  | || |   |  _| | | | |
  _|_____| |    | | | |___ ___) || |   |  _/ ___ \ | || |___| |___| |_| |
 (_)     | |    |_| |_____|____/ |_|   |_|/_/   \_\___|_____|_____|____/ 
          \_\                                                            

TEST FAILED WITH ERROR: TC101 - Lookup the definition of a word (Single Test Data)
---------------------------------------------------------------------
2016-12-21 04:45:06 [pool-2-thread-1] ERROR Serenity:325 - TEST FAILED AT STEP Is on homepage
2016-12-21 04:45:06 [pool-2-thread-1] ERROR Serenity:327 - Could not instantiate class org.openqa.selenium.chrome.ChromeDriver
2016-12-21 04:45:06 [pool-2-thread-1] INFO  Serenity:232 - 
 _____ _____ ____ _____   ____ _____  _    ____ _____ _____ ____  
|_   _| ____/ ___|_   _| / ___|_   _|/ \  |  _ \_   _| ____|  _ \ 
  | | |  _| \___ \ | |   \___ \ | | / _ \ | |_) || | |  _| | | | |
  | | | |___ ___) || |    ___) || |/ ___ \|  _ < | | | |___| |_| |
  |_| |_____|____/ |_|   |____/ |_/_/   \_\_| \_\|_| |_____|____/ 
                                                                  

TEST STARTED: TC102 - Looking up abbreviations (Multiple Test Data)
-------------------------------------------------------------------
2016-12-21 04:45:10 [pool-2-thread-1] ERROR WebDriverFacade:145 - FAILED TO CREATE NEW WEBDRIVER_DRIVER INSTANCE class org.openqa.selenium.chrome.ChromeDriver: Could not instantiate class org.openqa.selenium.chrome.ChromeDriver
net.thucydides.core.webdriver.UnsupportedDriverException: Could not instantiate class org.openqa.selenium.chrome.ChromeDriver
	at net.thucydides.core.webdriver.WebDriverFactory.newWebdriverInstance(WebDriverFactory.java:128) ~[serenity-core-1.1.42.jar:1.1.42]
	at net.thucydides.core.webdriver.WebDriverFacade.newDriverInstance(WebDriverFacade.java:142) [serenity-core-1.1.42.jar:1.1.42]
	at net.thucydides.core.webdriver.WebDriverFacade.newProxyDriver(WebDriverFacade.java:133) [serenity-core-1.1.42.jar:1.1.42]
	at net.thucydides.core.webdriver.WebDriverFacade.getProxiedDriver(WebDriverFacade.java:103) [serenity-core-1.1.42.jar:1.1.42]
	at net.thucydides.core.webdriver.WebDriverFacade.openIgnoringHtmlUnitScriptErrors(WebDriverFacade.java:178) [serenity-core-1.1.42.jar:1.1.42]
	at net.thucydides.core.webdriver.WebDriverFacade.get(WebDriverFacade.java:173) [serenity-core-1.1.42.jar:1.1.42]
	at net.serenitybdd.core.pages.PageObject.openPageAtUrl(PageObject.java:831) [serenity-core-1.1.42.jar:1.1.42]
	at net.serenitybdd.core.pages.PageObject.open(PageObject.java:741) [serenity-core-1.1.42.jar:1.1.42]
	at net.serenitybdd.core.pages.PageObject.open(PageObject.java:729) [serenity-core-1.1.42.jar:1.1.42]
	at com.bda.app.definitions.steps.DictionarySteps.isOnHomepage(DictionarySteps.java:48) [test-classes/:?]
	at com.bda.app.definitions.steps.DictionarySteps$$EnhancerByCGLIB$$17898a21.CGLIB$isOnHomepage$0(<generated>) [cglib-3.1.jar:?]
	at com.bda.app.definitions.steps.DictionarySteps$$EnhancerByCGLIB$$17898a21$$FastClassByCGLIB$$83ab6ae2.invoke(<generated>) [cglib-3.1.jar:?]
	at net.sf.cglib.proxy.MethodProxy.invokeSuper(MethodProxy.java:228) [cglib-3.1.jar:?]
	at net.thucydides.core.steps.StepInterceptor.invokeMethod(StepInterceptor.java:372) [serenity-core-1.1.42.jar:1.1.42]
	at net.thucydides.core.steps.StepInterceptor.executeTestStepMethod(StepInterceptor.java:357) [serenity-core-1.1.42.jar:1.1.42]
	at net.thucydides.core.steps.StepInterceptor.runTestStep(StepInterceptor.java:332) [serenity-core-1.1.42.jar:1.1.42]
	at net.thucydides.core.steps.StepInterceptor.testStepResult(StepInterceptor.java:134) [serenity-core-1.1.42.jar:1.1.42]
	at net.thucydides.core.steps.StepInterceptor.intercept(StepInterceptor.java:61) [serenity-core-1.1.42.jar:1.1.42]
	at com.bda.app.definitions.steps.DictionarySteps$$EnhancerByCGLIB$$17898a21.isOnHomepage(<generated>) [cglib-3.1.jar:?]
	at com.bda.app.definitions.DictionaryDefinitions.givenTheUserIsOnTheWiktionaryHomePage(DictionaryDefinitions.java:20) [test-classes/:?]
	at sun.reflect.NativeMethodAccessorImpl.invoke0(Native Method) ~[?:1.7.0_79]
	at sun.reflect.NativeMethodAccessorImpl.invoke(NativeMethodAccessorImpl.java:57) ~[?:1.7.0_79]
	at sun.reflect.DelegatingMethodAccessorImpl.invoke(DelegatingMethodAccessorImpl.java:43) ~[?:1.7.0_79]
	at java.lang.reflect.Method.invoke(Method.java:606) ~[?:1.7.0_79]
	at org.jbehave.core.steps.StepCreator$ParametrisedStep.perform(StepCreator.java:599) [jbehave-core-4.0.5.jar:?]
	at org.jbehave.core.embedder.PerformableTree$FineSoFar.run(PerformableTree.java:340) [jbehave-core-4.0.5.jar:?]
	at org.jbehave.core.embedder.PerformableTree$PerformableSteps.perform(PerformableTree.java:1072) [jbehave-core-4.0.5.jar:?]
	at org.jbehave.core.embedder.PerformableTree$AbstractPerformableScenario.performRestartableSteps(PerformableTree.java:938) [jbehave-core-4.0.5.jar:?]
	at org.jbehave.core.embedder.PerformableTree$ExamplePerformableScenario.perform(PerformableTree.java:1011) [jbehave-core-4.0.5.jar:?]
	at org.jbehave.core.embedder.PerformableTree$PerformableScenario.perform(PerformableTree.java:883) [jbehave-core-4.0.5.jar:?]
	at org.jbehave.core.embedder.PerformableTree$PerformableStory.performScenarios(PerformableTree.java:811) [jbehave-core-4.0.5.jar:?]
	at org.jbehave.core.embedder.PerformableTree$PerformableStory.perform(PerformableTree.java:784) [jbehave-core-4.0.5.jar:?]
	at org.jbehave.core.embedder.PerformableTree.performCancellable(PerformableTree.java:416) [jbehave-core-4.0.5.jar:?]
	at org.jbehave.core.embedder.PerformableTree.perform(PerformableTree.java:387) [jbehave-core-4.0.5.jar:?]
	at org.jbehave.core.embedder.StoryManager$EnqueuedStory.call(StoryManager.java:291) [jbehave-core-4.0.5.jar:?]
	at org.jbehave.core.embedder.StoryManager$EnqueuedStory.call(StoryManager.java:265) [jbehave-core-4.0.5.jar:?]
	at java.util.concurrent.FutureTask.run(FutureTask.java:262) [?:1.7.0_79]
	at java.util.concurrent.ThreadPoolExecutor.runWorker(ThreadPoolExecutor.java:1145) [?:1.7.0_79]
	at java.util.concurrent.ThreadPoolExecutor$Worker.run(ThreadPoolExecutor.java:615) [?:1.7.0_79]
	at java.lang.Thread.run(Thread.java:745) [?:1.7.0_79]
Caused by: org.openqa.selenium.remote.UnreachableBrowserException: Could not start a new session. Possible causes are invalid address of the remote server or browser start-up failure.
Build info: version: '2.53.1', revision: 'a36b8b1cd5757287168e54b817830adce9b0158d', time: '2016-06-30 19:26:09'
System info: host: 'myDell', ip: '192.168.56.1', os.name: 'Windows 8.1', os.arch: 'amd64', os.version: '6.3', java.version: '1.7.0_79'
Driver info: driver.version: RemoteWebDriver
	at org.openqa.selenium.remote.RemoteWebDriver.execute(RemoteWebDriver.java:665) ~[selenium-remote-driver-2.53.1.jar:?]
	at org.openqa.selenium.remote.RemoteWebDriver.startSession(RemoteWebDriver.java:249) ~[selenium-remote-driver-2.53.1.jar:?]
	at org.openqa.selenium.remote.RemoteWebDriver.<init>(RemoteWebDriver.java:131) ~[selenium-remote-driver-2.53.1.jar:?]
	at org.openqa.selenium.remote.RemoteWebDriver.<init>(RemoteWebDriver.java:158) ~[selenium-remote-driver-2.53.1.jar:?]
	at net.serenitybdd.core.support.ManagedDriverService.newDriver(ManagedDriverService.java:35) ~[serenity-core-1.1.42.jar:1.1.42]
	at net.thucydides.core.webdriver.strategies.ChromeDriverBuilder.newInstance(ChromeDriverBuilder.java:55) ~[serenity-core-1.1.42.jar:1.1.42]
	at net.thucydides.core.webdriver.WebDriverFactory.newWebdriverInstance(WebDriverFactory.java:116) ~[serenity-core-1.1.42.jar:1.1.42]
	... 39 more
Caused by: java.net.SocketException: Connection reset
	at java.net.SocketInputStream.read(SocketInputStream.java:196) ~[?:1.7.0_79]
	at java.net.SocketInputStream.read(SocketInputStream.java:122) ~[?:1.7.0_79]
	at org.apache.http.impl.io.SessionInputBufferImpl.streamRead(SessionInputBufferImpl.java:139) ~[httpcore-4.4.4.jar:4.4.4]
	at org.apache.http.impl.io.SessionInputBufferImpl.fillBuffer(SessionInputBufferImpl.java:155) ~[httpcore-4.4.4.jar:4.4.4]
	at org.apache.http.impl.io.SessionInputBufferImpl.readLine(SessionInputBufferImpl.java:284) ~[httpcore-4.4.4.jar:4.4.4]
	at org.apache.http.impl.conn.DefaultHttpResponseParser.parseHead(DefaultHttpResponseParser.java:140) ~[httpclient-4.5.2.jar:4.5.2]
	at org.apache.http.impl.conn.DefaultHttpResponseParser.parseHead(DefaultHttpResponseParser.java:57) ~[httpclient-4.5.2.jar:4.5.2]
	at org.apache.http.impl.io.AbstractMessageParser.parse(AbstractMessageParser.java:261) ~[httpcore-4.4.4.jar:4.4.4]
	at org.apache.http.impl.DefaultBHttpClientConnection.receiveResponseHeader(DefaultBHttpClientConnection.java:165) ~[httpcore-4.4.4.jar:4.4.4]
	at org.apache.http.impl.conn.CPoolProxy.receiveResponseHeader(CPoolProxy.java:167) ~[httpclient-4.5.2.jar:4.5.2]
	at org.apache.http.protocol.HttpRequestExecutor.doReceiveResponse(HttpRequestExecutor.java:272) ~[httpcore-4.4.4.jar:4.4.4]
	at org.apache.http.protocol.HttpRequestExecutor.execute(HttpRequestExecutor.java:124) ~[httpcore-4.4.4.jar:4.4.4]
	at org.apache.http.impl.execchain.MainClientExec.execute(MainClientExec.java:271) ~[httpclient-4.5.2.jar:4.5.2]
	at org.apache.http.impl.execchain.ProtocolExec.execute(ProtocolExec.java:184) ~[httpclient-4.5.2.jar:4.5.2]
	at org.apache.http.impl.execchain.RetryExec.execute(RetryExec.java:88) ~[httpclient-4.5.2.jar:4.5.2]
	at org.apache.http.impl.execchain.RedirectExec.execute(RedirectExec.java:110) ~[httpclient-4.5.2.jar:4.5.2]
	at org.apache.http.impl.client.InternalHttpClient.doExecute(InternalHttpClient.java:184) ~[httpclient-4.5.2.jar:4.5.2]
	at org.apache.http.impl.client.CloseableHttpClient.execute(CloseableHttpClient.java:71) ~[httpclient-4.5.2.jar:4.5.2]
	at org.apache.http.impl.client.CloseableHttpClient.execute(CloseableHttpClient.java:55) ~[httpclient-4.5.2.jar:4.5.2]
	at org.openqa.selenium.remote.internal.ApacheHttpClient.fallBackExecute(ApacheHttpClient.java:144) ~[selenium-remote-driver-2.53.1.jar:?]
	at org.openqa.selenium.remote.internal.ApacheHttpClient.execute(ApacheHttpClient.java:90) ~[selenium-remote-driver-2.53.1.jar:?]
	at org.openqa.selenium.remote.HttpCommandExecutor.execute(HttpCommandExecutor.java:142) ~[selenium-remote-driver-2.53.1.jar:?]
	at org.openqa.selenium.remote.RemoteWebDriver.execute(RemoteWebDriver.java:644) ~[selenium-remote-driver-2.53.1.jar:?]
	at org.openqa.selenium.remote.RemoteWebDriver.startSession(RemoteWebDriver.java:249) ~[selenium-remote-driver-2.53.1.jar:?]
	at org.openqa.selenium.remote.RemoteWebDriver.<init>(RemoteWebDriver.java:131) ~[selenium-remote-driver-2.53.1.jar:?]
	at org.openqa.selenium.remote.RemoteWebDriver.<init>(RemoteWebDriver.java:158) ~[selenium-remote-driver-2.53.1.jar:?]
	at net.serenitybdd.core.support.ManagedDriverService.newDriver(ManagedDriverService.java:35) ~[serenity-core-1.1.42.jar:1.1.42]
	at net.thucydides.core.webdriver.strategies.ChromeDriverBuilder.newInstance(ChromeDriverBuilder.java:55) ~[serenity-core-1.1.42.jar:1.1.42]
	at net.thucydides.core.webdriver.WebDriverFactory.newWebdriverInstance(WebDriverFactory.java:116) ~[serenity-core-1.1.42.jar:1.1.42]
	... 39 more
2016-12-21 04:45:14 [pool-2-thread-1] ERROR WebDriverFacade:145 - FAILED TO CREATE NEW WEBDRIVER_DRIVER INSTANCE class org.openqa.selenium.chrome.ChromeDriver: Could not instantiate class org.openqa.selenium.chrome.ChromeDriver
net.thucydides.core.webdriver.UnsupportedDriverException: Could not instantiate class org.openqa.selenium.chrome.ChromeDriver
	at net.thucydides.core.webdriver.WebDriverFactory.newWebdriverInstance(WebDriverFactory.java:128) ~[serenity-core-1.1.42.jar:1.1.42]
	at net.thucydides.core.webdriver.WebDriverFacade.newDriverInstance(WebDriverFacade.java:142) [serenity-core-1.1.42.jar:1.1.42]
	at net.thucydides.core.webdriver.WebDriverFacade.newProxyDriver(WebDriverFacade.java:133) [serenity-core-1.1.42.jar:1.1.42]
	at net.thucydides.core.webdriver.WebDriverFacade.getProxiedDriver(WebDriverFacade.java:103) [serenity-core-1.1.42.jar:1.1.42]
	at net.thucydides.core.webdriver.WebDriverFacade.openIgnoringHtmlUnitScriptErrors(WebDriverFacade.java:178) [serenity-core-1.1.42.jar:1.1.42]
	at net.thucydides.core.webdriver.WebDriverFacade.get(WebDriverFacade.java:173) [serenity-core-1.1.42.jar:1.1.42]
	at net.serenitybdd.core.pages.PageObject.openPageAtUrl(PageObject.java:831) [serenity-core-1.1.42.jar:1.1.42]
	at net.serenitybdd.core.pages.PageObject.open(PageObject.java:741) [serenity-core-1.1.42.jar:1.1.42]
	at net.serenitybdd.core.pages.PageObject.open(PageObject.java:729) [serenity-core-1.1.42.jar:1.1.42]
	at com.bda.app.definitions.steps.DictionarySteps.isOnHomepage(DictionarySteps.java:48) [test-classes/:?]
	at com.bda.app.definitions.steps.DictionarySteps$$EnhancerByCGLIB$$17898a21.CGLIB$isOnHomepage$0(<generated>) [cglib-3.1.jar:?]
	at com.bda.app.definitions.steps.DictionarySteps$$EnhancerByCGLIB$$17898a21$$FastClassByCGLIB$$83ab6ae2.invoke(<generated>) [cglib-3.1.jar:?]
	at net.sf.cglib.proxy.MethodProxy.invokeSuper(MethodProxy.java:228) [cglib-3.1.jar:?]
	at net.thucydides.core.steps.StepInterceptor.invokeMethod(StepInterceptor.java:372) [serenity-core-1.1.42.jar:1.1.42]
	at net.thucydides.core.steps.StepInterceptor.executeTestStepMethod(StepInterceptor.java:357) [serenity-core-1.1.42.jar:1.1.42]
	at net.thucydides.core.steps.StepInterceptor.runTestStep(StepInterceptor.java:332) [serenity-core-1.1.42.jar:1.1.42]
	at net.thucydides.core.steps.StepInterceptor.testStepResult(StepInterceptor.java:134) [serenity-core-1.1.42.jar:1.1.42]
	at net.thucydides.core.steps.StepInterceptor.intercept(StepInterceptor.java:61) [serenity-core-1.1.42.jar:1.1.42]
	at com.bda.app.definitions.steps.DictionarySteps$$EnhancerByCGLIB$$17898a21.isOnHomepage(<generated>) [cglib-3.1.jar:?]
	at com.bda.app.definitions.DictionaryDefinitions.givenTheUserIsOnTheWiktionaryHomePage(DictionaryDefinitions.java:20) [test-classes/:?]
	at sun.reflect.NativeMethodAccessorImpl.invoke0(Native Method) ~[?:1.7.0_79]
	at sun.reflect.NativeMethodAccessorImpl.invoke(NativeMethodAccessorImpl.java:57) ~[?:1.7.0_79]
	at sun.reflect.DelegatingMethodAccessorImpl.invoke(DelegatingMethodAccessorImpl.java:43) ~[?:1.7.0_79]
	at java.lang.reflect.Method.invoke(Method.java:606) ~[?:1.7.0_79]
	at org.jbehave.core.steps.StepCreator$ParametrisedStep.perform(StepCreator.java:599) [jbehave-core-4.0.5.jar:?]
	at org.jbehave.core.embedder.PerformableTree$FineSoFar.run(PerformableTree.java:340) [jbehave-core-4.0.5.jar:?]
	at org.jbehave.core.embedder.PerformableTree$PerformableSteps.perform(PerformableTree.java:1072) [jbehave-core-4.0.5.jar:?]
	at org.jbehave.core.embedder.PerformableTree$AbstractPerformableScenario.performRestartableSteps(PerformableTree.java:938) [jbehave-core-4.0.5.jar:?]
	at org.jbehave.core.embedder.PerformableTree$ExamplePerformableScenario.perform(PerformableTree.java:1011) [jbehave-core-4.0.5.jar:?]
	at org.jbehave.core.embedder.PerformableTree$PerformableScenario.perform(PerformableTree.java:883) [jbehave-core-4.0.5.jar:?]
	at org.jbehave.core.embedder.PerformableTree$PerformableStory.performScenarios(PerformableTree.java:811) [jbehave-core-4.0.5.jar:?]
	at org.jbehave.core.embedder.PerformableTree$PerformableStory.perform(PerformableTree.java:784) [jbehave-core-4.0.5.jar:?]
	at org.jbehave.core.embedder.PerformableTree.performCancellable(PerformableTree.java:416) [jbehave-core-4.0.5.jar:?]
	at org.jbehave.core.embedder.PerformableTree.perform(PerformableTree.java:387) [jbehave-core-4.0.5.jar:?]
	at org.jbehave.core.embedder.StoryManager$EnqueuedStory.call(StoryManager.java:291) [jbehave-core-4.0.5.jar:?]
	at org.jbehave.core.embedder.StoryManager$EnqueuedStory.call(StoryManager.java:265) [jbehave-core-4.0.5.jar:?]
	at java.util.concurrent.FutureTask.run(FutureTask.java:262) [?:1.7.0_79]
	at java.util.concurrent.ThreadPoolExecutor.runWorker(ThreadPoolExecutor.java:1145) [?:1.7.0_79]
	at java.util.concurrent.ThreadPoolExecutor$Worker.run(ThreadPoolExecutor.java:615) [?:1.7.0_79]
	at java.lang.Thread.run(Thread.java:745) [?:1.7.0_79]
Caused by: org.openqa.selenium.SessionNotCreatedException: session not created exception
from unknown error: Runtime.executionContextCreated has invalid 'context': {"auxData":{"frameId":"1348.1","isDefault":true},"id":1,"name":"","origin":"://"}
  (Session info: chrome=55.0.2883.87)
  (Driver info: chromedriver=2.21.371459 (36d3d07f660ff2bc1bf28a75d1cdabed0983e7c4),platform=Windows NT 10.0 x86_64) (WARNING: The server did not provide any stacktrace information)
Command duration or timeout: 2.56 seconds
Build info: version: '2.53.1', revision: 'a36b8b1cd5757287168e54b817830adce9b0158d', time: '2016-06-30 19:26:09'
System info: host: 'myDell', ip: '192.168.56.1', os.name: 'Windows 8.1', os.arch: 'amd64', os.version: '6.3', java.version: '1.7.0_79'
Driver info: org.openqa.selenium.remote.RemoteWebDriver
	at sun.reflect.NativeConstructorAccessorImpl.newInstance0(Native Method) ~[?:1.7.0_79]
	at sun.reflect.NativeConstructorAccessorImpl.newInstance(NativeConstructorAccessorImpl.java:57) ~[?:1.7.0_79]
	at sun.reflect.DelegatingConstructorAccessorImpl.newInstance(DelegatingConstructorAccessorImpl.java:45) ~[?:1.7.0_79]
	at java.lang.reflect.Constructor.newInstance(Constructor.java:526) ~[?:1.7.0_79]
	at org.openqa.selenium.remote.ErrorHandler.createThrowable(ErrorHandler.java:206) ~[selenium-remote-driver-2.53.1.jar:?]
	at org.openqa.selenium.remote.ErrorHandler.throwIfResponseFailed(ErrorHandler.java:158) ~[selenium-remote-driver-2.53.1.jar:?]
	at org.openqa.selenium.remote.RemoteWebDriver.execute(RemoteWebDriver.java:678) ~[selenium-remote-driver-2.53.1.jar:?]
	at org.openqa.selenium.remote.RemoteWebDriver.startSession(RemoteWebDriver.java:249) ~[selenium-remote-driver-2.53.1.jar:?]
	at org.openqa.selenium.remote.RemoteWebDriver.<init>(RemoteWebDriver.java:131) ~[selenium-remote-driver-2.53.1.jar:?]
	at org.openqa.selenium.remote.RemoteWebDriver.<init>(RemoteWebDriver.java:158) ~[selenium-remote-driver-2.53.1.jar:?]
	at net.serenitybdd.core.support.ManagedDriverService.newDriver(ManagedDriverService.java:35) ~[serenity-core-1.1.42.jar:1.1.42]
	at net.thucydides.core.webdriver.strategies.ChromeDriverBuilder.newInstance(ChromeDriverBuilder.java:55) ~[serenity-core-1.1.42.jar:1.1.42]
	at net.thucydides.core.webdriver.WebDriverFactory.newWebdriverInstance(WebDriverFactory.java:116) ~[serenity-core-1.1.42.jar:1.1.42]
	... 39 more
2016-12-21 04:45:15 [pool-2-thread-1] ERROR WebDriverFacade:145 - FAILED TO CREATE NEW WEBDRIVER_DRIVER INSTANCE class org.openqa.selenium.chrome.ChromeDriver: Could not instantiate class org.openqa.selenium.chrome.ChromeDriver
net.thucydides.core.webdriver.UnsupportedDriverException: Could not instantiate class org.openqa.selenium.chrome.ChromeDriver
	at net.thucydides.core.webdriver.WebDriverFactory.newWebdriverInstance(WebDriverFactory.java:128) ~[serenity-core-1.1.42.jar:1.1.42]
	at net.thucydides.core.webdriver.WebDriverFacade.newDriverInstance(WebDriverFacade.java:142) [serenity-core-1.1.42.jar:1.1.42]
	at net.thucydides.core.webdriver.WebDriverFacade.newProxyDriver(WebDriverFacade.java:133) [serenity-core-1.1.42.jar:1.1.42]
	at net.thucydides.core.webdriver.WebDriverFacade.getProxiedDriver(WebDriverFacade.java:103) [serenity-core-1.1.42.jar:1.1.42]
	at net.thucydides.core.webdriver.WebDriverFacade.openIgnoringHtmlUnitScriptErrors(WebDriverFacade.java:178) [serenity-core-1.1.42.jar:1.1.42]
	at net.thucydides.core.webdriver.WebDriverFacade.get(WebDriverFacade.java:173) [serenity-core-1.1.42.jar:1.1.42]
	at net.serenitybdd.core.pages.PageObject.openPageAtUrl(PageObject.java:831) [serenity-core-1.1.42.jar:1.1.42]
	at net.serenitybdd.core.pages.PageObject.open(PageObject.java:741) [serenity-core-1.1.42.jar:1.1.42]
	at net.serenitybdd.core.pages.PageObject.open(PageObject.java:729) [serenity-core-1.1.42.jar:1.1.42]
	at com.bda.app.definitions.steps.DictionarySteps.isOnHomepage(DictionarySteps.java:48) [test-classes/:?]
	at com.bda.app.definitions.steps.DictionarySteps$$EnhancerByCGLIB$$17898a21.CGLIB$isOnHomepage$0(<generated>) [cglib-3.1.jar:?]
	at com.bda.app.definitions.steps.DictionarySteps$$EnhancerByCGLIB$$17898a21$$FastClassByCGLIB$$83ab6ae2.invoke(<generated>) [cglib-3.1.jar:?]
	at net.sf.cglib.proxy.MethodProxy.invokeSuper(MethodProxy.java:228) [cglib-3.1.jar:?]
	at net.thucydides.core.steps.StepInterceptor.invokeMethod(StepInterceptor.java:372) [serenity-core-1.1.42.jar:1.1.42]
	at net.thucydides.core.steps.StepInterceptor.executeTestStepMethod(StepInterceptor.java:357) [serenity-core-1.1.42.jar:1.1.42]
	at net.thucydides.core.steps.StepInterceptor.runTestStep(StepInterceptor.java:332) [serenity-core-1.1.42.jar:1.1.42]
	at net.thucydides.core.steps.StepInterceptor.testStepResult(StepInterceptor.java:134) [serenity-core-1.1.42.jar:1.1.42]
	at net.thucydides.core.steps.StepInterceptor.intercept(StepInterceptor.java:61) [serenity-core-1.1.42.jar:1.1.42]
	at com.bda.app.definitions.steps.DictionarySteps$$EnhancerByCGLIB$$17898a21.isOnHomepage(<generated>) [cglib-3.1.jar:?]
	at com.bda.app.definitions.DictionaryDefinitions.givenTheUserIsOnTheWiktionaryHomePage(DictionaryDefinitions.java:20) [test-classes/:?]
	at sun.reflect.NativeMethodAccessorImpl.invoke0(Native Method) ~[?:1.7.0_79]
	at sun.reflect.NativeMethodAccessorImpl.invoke(NativeMethodAccessorImpl.java:57) ~[?:1.7.0_79]
	at sun.reflect.DelegatingMethodAccessorImpl.invoke(DelegatingMethodAccessorImpl.java:43) ~[?:1.7.0_79]
	at java.lang.reflect.Method.invoke(Method.java:606) ~[?:1.7.0_79]
	at org.jbehave.core.steps.StepCreator$ParametrisedStep.perform(StepCreator.java:599) [jbehave-core-4.0.5.jar:?]
	at org.jbehave.core.embedder.PerformableTree$FineSoFar.run(PerformableTree.java:340) [jbehave-core-4.0.5.jar:?]
	at org.jbehave.core.embedder.PerformableTree$PerformableSteps.perform(PerformableTree.java:1072) [jbehave-core-4.0.5.jar:?]
	at org.jbehave.core.embedder.PerformableTree$AbstractPerformableScenario.performRestartableSteps(PerformableTree.java:938) [jbehave-core-4.0.5.jar:?]
	at org.jbehave.core.embedder.PerformableTree$ExamplePerformableScenario.perform(PerformableTree.java:1011) [jbehave-core-4.0.5.jar:?]
	at org.jbehave.core.embedder.PerformableTree$PerformableScenario.perform(PerformableTree.java:883) [jbehave-core-4.0.5.jar:?]
	at org.jbehave.core.embedder.PerformableTree$PerformableStory.performScenarios(PerformableTree.java:811) [jbehave-core-4.0.5.jar:?]
	at org.jbehave.core.embedder.PerformableTree$PerformableStory.perform(PerformableTree.java:784) [jbehave-core-4.0.5.jar:?]
	at org.jbehave.core.embedder.PerformableTree.performCancellable(PerformableTree.java:416) [jbehave-core-4.0.5.jar:?]
	at org.jbehave.core.embedder.PerformableTree.perform(PerformableTree.java:387) [jbehave-core-4.0.5.jar:?]
	at org.jbehave.core.embedder.StoryManager$EnqueuedStory.call(StoryManager.java:291) [jbehave-core-4.0.5.jar:?]
	at org.jbehave.core.embedder.StoryManager$EnqueuedStory.call(StoryManager.java:265) [jbehave-core-4.0.5.jar:?]
	at java.util.concurrent.FutureTask.run(FutureTask.java:262) [?:1.7.0_79]
	at java.util.concurrent.ThreadPoolExecutor.runWorker(ThreadPoolExecutor.java:1145) [?:1.7.0_79]
	at java.util.concurrent.ThreadPoolExecutor$Worker.run(ThreadPoolExecutor.java:615) [?:1.7.0_79]
	at java.lang.Thread.run(Thread.java:745) [?:1.7.0_79]
Caused by: org.openqa.selenium.SessionNotCreatedException: session not created exception
from unknown error: Runtime.executionContextCreated has invalid 'context': {"auxData":{"frameId":"4828.1","isDefault":true},"id":1,"name":"","origin":"://"}
  (Session info: chrome=55.0.2883.87)
  (Driver info: chromedriver=2.21.371459 (36d3d07f660ff2bc1bf28a75d1cdabed0983e7c4),platform=Windows NT 10.0 x86_64) (WARNING: The server did not provide any stacktrace information)
Command duration or timeout: 840 milliseconds
Build info: version: '2.53.1', revision: 'a36b8b1cd5757287168e54b817830adce9b0158d', time: '2016-06-30 19:26:09'
System info: host: 'myDell', ip: '192.168.56.1', os.name: 'Windows 8.1', os.arch: 'amd64', os.version: '6.3', java.version: '1.7.0_79'
Driver info: org.openqa.selenium.remote.RemoteWebDriver
	at sun.reflect.NativeConstructorAccessorImpl.newInstance0(Native Method) ~[?:1.7.0_79]
	at sun.reflect.NativeConstructorAccessorImpl.newInstance(NativeConstructorAccessorImpl.java:57) ~[?:1.7.0_79]
	at sun.reflect.DelegatingConstructorAccessorImpl.newInstance(DelegatingConstructorAccessorImpl.java:45) ~[?:1.7.0_79]
	at java.lang.reflect.Constructor.newInstance(Constructor.java:526) ~[?:1.7.0_79]
	at org.openqa.selenium.remote.ErrorHandler.createThrowable(ErrorHandler.java:206) ~[selenium-remote-driver-2.53.1.jar:?]
	at org.openqa.selenium.remote.ErrorHandler.throwIfResponseFailed(ErrorHandler.java:158) ~[selenium-remote-driver-2.53.1.jar:?]
	at org.openqa.selenium.remote.RemoteWebDriver.execute(RemoteWebDriver.java:678) ~[selenium-remote-driver-2.53.1.jar:?]
	at org.openqa.selenium.remote.RemoteWebDriver.startSession(RemoteWebDriver.java:249) ~[selenium-remote-driver-2.53.1.jar:?]
	at org.openqa.selenium.remote.RemoteWebDriver.<init>(RemoteWebDriver.java:131) ~[selenium-remote-driver-2.53.1.jar:?]
	at org.openqa.selenium.remote.RemoteWebDriver.<init>(RemoteWebDriver.java:158) ~[selenium-remote-driver-2.53.1.jar:?]
	at net.serenitybdd.core.support.ManagedDriverService.newDriver(ManagedDriverService.java:35) ~[serenity-core-1.1.42.jar:1.1.42]
	at net.thucydides.core.webdriver.strategies.ChromeDriverBuilder.newInstance(ChromeDriverBuilder.java:55) ~[serenity-core-1.1.42.jar:1.1.42]
	at net.thucydides.core.webdriver.WebDriverFactory.newWebdriverInstance(WebDriverFactory.java:116) ~[serenity-core-1.1.42.jar:1.1.42]
	... 39 more
2016-12-21 04:45:15 [pool-2-thread-1] ERROR Serenity:290 - 
           __  _____ _____ ____ _____   _____ _    ___ _     _____ ____  
  _       / / |_   _| ____/ ___|_   _| |  ___/ \  |_ _| |   | ____|  _ \ 
 (_)_____| |    | | |  _| \___ \ | |   | |_ / _ \  | || |   |  _| | | | |
  _|_____| |    | | | |___ ___) || |   |  _/ ___ \ | || |___| |___| |_| |
 (_)     | |    |_| |_____|____/ |_|   |_|/_/   \_\___|_____|_____|____/ 
          \_\                                                            

TEST FAILED WITH ERROR: TC102 - Looking up abbreviations (Multiple Test Data)
---------------------------------------------------------------------
2016-12-21 04:45:15 [pool-2-thread-1] ERROR Serenity:325 - TEST FAILED AT STEP Is on homepage
2016-12-21 04:45:15 [pool-2-thread-1] ERROR Serenity:327 - Could not instantiate class org.openqa.selenium.chrome.ChromeDriver
2016-12-22 00:59:22 [main] INFO  PropertiesFileLocalPreferences:129 - webdriver.base.url=http://en.wiktionary.org/wiki/Wiktionary
2016-12-22 00:59:22 [main] INFO  PropertiesFileLocalPreferences:129 - story.timeout.in.secs=3600
2016-12-22 00:59:22 [main] INFO  PropertiesFileLocalPreferences:129 - serenity.reports.show.step.details=false
2016-12-22 00:59:22 [main] INFO  PropertiesFileLocalPreferences:129 - serenity.report.show.manual.tests=false
2016-12-22 00:59:22 [main] INFO  PropertiesFileLocalPreferences:129 - serenity.keep.unscaled.screenshots=true
2016-12-22 00:59:22 [main] INFO  PropertiesFileLocalPreferences:129 - security.enable_java=true
2016-12-22 00:59:22 [main] INFO  PropertiesFileLocalPreferences:129 - serenity.project.name=Behavior Driven Automation Framework
2016-12-22 00:59:22 [main] INFO  PropertiesFileLocalPreferences:129 - serenity.take.screenshots=AFTER_EACH_STEP
2016-12-22 00:59:22 [main] INFO  PropertiesFileLocalPreferences:129 - serenity.resized.image.width=1920
2016-12-22 00:59:22 [main] INFO  PropertiesFileLocalPreferences:129 - chrome.switches=--disable-extensions
2016-12-22 00:59:22 [main] INFO  PropertiesFileLocalPreferences:129 - serenity.requirement.types=test suite, capability, feature, story
2016-12-22 00:59:22 [main] INFO  PropertiesFileLocalPreferences:129 - serenity.maintain.session=true
2016-12-22 00:59:22 [main] INFO  PropertiesFileLocalPreferences:129 - dashboard.excluded.tag.list=test suite, story
2016-12-22 00:59:22 [main] INFO  PropertiesFileLocalPreferences:129 - webdriver.chrome.driver=drivers/chromedriver.exe
2016-12-22 00:59:22 [main] INFO  PropertiesFileLocalPreferences:129 - serenity.timeout=5000
2016-12-22 00:59:22 [main] INFO  PropertiesFileLocalPreferences:129 - webdriver.wait.for.timeout=60000
2016-12-22 00:59:22 [main] INFO  PropertiesFileLocalPreferences:129 - webdriver.timeouts.implicitlywait=10000
2016-12-22 00:59:24 [pool-2-thread-1] INFO  ReportingEmbedderMonitor:173 - 1314309137story running with path stories/AcceptanceTestSuite/Capability/Feature/STR101-LookupADefinition.story
2016-12-22 00:59:24 [pool-2-thread-1] INFO  Serenity:193 - 

-------------------------------------------------------------------------------------
     _______. _______ .______       _______ .__   __.  __  .___________.____    ____ 
    /       ||   ____||   _  \     |   ____||  \ |  | |  | |           |\   \  /   / 
   |   (----`|  |__   |  |_)  |    |  |__   |   \|  | |  | `---|  |----` \   \/   /  
    \   \    |   __|  |      /     |   __|  |  . `  | |  |     |  |       \_    _/   
.----)   |   |  |____ |  |\  \----.|  |____ |  |\   | |  |     |  |         |  |     
|_______/    |_______|| _| `._____||_______||__| \__| |__|     |__|         |__|    
-------------------------------------------------------------------------------------

2016-12-22 00:59:24 [pool-2-thread-1] INFO  Serenity:222 - Test Suite Started: Lookup a definition
2016-12-22 00:59:24 [pool-2-thread-1] INFO  Serenity:232 - 
 _____ _____ ____ _____   ____ _____  _    ____ _____ _____ ____  
|_   _| ____/ ___|_   _| / ___|_   _|/ \  |  _ \_   _| ____|  _ \ 
  | | |  _| \___ \ | |   \___ \ | | / _ \ | |_) || | |  _| | | | |
  | | | |___ ___) || |    ___) || |/ ___ \|  _ < | | | |___| |_| |
  |_| |_____|____/ |_|   |____/ |_/_/   \_\_| \_\|_| |_____|____/ 
                                                                  

TEST STARTED: TC101 - Lookup the definition of a word (Single Test Data)
-------------------------------------------------------------------
2016-12-22 00:59:51 [pool-2-thread-1] ERROR WebDriverFacade:145 - FAILED TO CREATE NEW WEBDRIVER_DRIVER INSTANCE class org.openqa.selenium.chrome.ChromeDriver: Could not instantiate class org.openqa.selenium.chrome.ChromeDriver
net.thucydides.core.webdriver.UnsupportedDriverException: Could not instantiate class org.openqa.selenium.chrome.ChromeDriver
	at net.thucydides.core.webdriver.WebDriverFactory.newWebdriverInstance(WebDriverFactory.java:128) ~[serenity-core-1.1.42.jar:1.1.42]
	at net.thucydides.core.webdriver.WebDriverFacade.newDriverInstance(WebDriverFacade.java:142) [serenity-core-1.1.42.jar:1.1.42]
	at net.thucydides.core.webdriver.WebDriverFacade.newProxyDriver(WebDriverFacade.java:133) [serenity-core-1.1.42.jar:1.1.42]
	at net.thucydides.core.webdriver.WebDriverFacade.getProxiedDriver(WebDriverFacade.java:103) [serenity-core-1.1.42.jar:1.1.42]
	at net.thucydides.core.webdriver.WebDriverFacade.openIgnoringHtmlUnitScriptErrors(WebDriverFacade.java:178) [serenity-core-1.1.42.jar:1.1.42]
	at net.thucydides.core.webdriver.WebDriverFacade.get(WebDriverFacade.java:173) [serenity-core-1.1.42.jar:1.1.42]
	at net.serenitybdd.core.pages.PageObject.openPageAtUrl(PageObject.java:831) [serenity-core-1.1.42.jar:1.1.42]
	at net.serenitybdd.core.pages.PageObject.open(PageObject.java:741) [serenity-core-1.1.42.jar:1.1.42]
	at net.serenitybdd.core.pages.PageObject.open(PageObject.java:729) [serenity-core-1.1.42.jar:1.1.42]
	at com.bda.app.definitions.steps.DictionarySteps.isOnHomepage(DictionarySteps.java:48) [test-classes/:?]
	at com.bda.app.definitions.steps.DictionarySteps$$EnhancerByCGLIB$$54d3f141.CGLIB$isOnHomepage$0(<generated>) [cglib-3.1.jar:?]
	at com.bda.app.definitions.steps.DictionarySteps$$EnhancerByCGLIB$$54d3f141$$FastClassByCGLIB$$cf525009.invoke(<generated>) [cglib-3.1.jar:?]
	at net.sf.cglib.proxy.MethodProxy.invokeSuper(MethodProxy.java:228) [cglib-3.1.jar:?]
	at net.thucydides.core.steps.StepInterceptor.invokeMethod(StepInterceptor.java:372) [serenity-core-1.1.42.jar:1.1.42]
	at net.thucydides.core.steps.StepInterceptor.executeTestStepMethod(StepInterceptor.java:357) [serenity-core-1.1.42.jar:1.1.42]
	at net.thucydides.core.steps.StepInterceptor.runTestStep(StepInterceptor.java:332) [serenity-core-1.1.42.jar:1.1.42]
	at net.thucydides.core.steps.StepInterceptor.testStepResult(StepInterceptor.java:134) [serenity-core-1.1.42.jar:1.1.42]
	at net.thucydides.core.steps.StepInterceptor.intercept(StepInterceptor.java:61) [serenity-core-1.1.42.jar:1.1.42]
	at com.bda.app.definitions.steps.DictionarySteps$$EnhancerByCGLIB$$54d3f141.isOnHomepage(<generated>) [cglib-3.1.jar:?]
	at com.bda.app.definitions.DictionaryDefinitions.givenTheUserIsOnTheWiktionaryHomePage(DictionaryDefinitions.java:20) [test-classes/:?]
	at sun.reflect.NativeMethodAccessorImpl.invoke0(Native Method) ~[?:1.7.0_79]
	at sun.reflect.NativeMethodAccessorImpl.invoke(NativeMethodAccessorImpl.java:57) ~[?:1.7.0_79]
	at sun.reflect.DelegatingMethodAccessorImpl.invoke(DelegatingMethodAccessorImpl.java:43) ~[?:1.7.0_79]
	at java.lang.reflect.Method.invoke(Method.java:606) ~[?:1.7.0_79]
	at org.jbehave.core.steps.StepCreator$ParametrisedStep.perform(StepCreator.java:599) [jbehave-core-4.0.5.jar:?]
	at org.jbehave.core.embedder.PerformableTree$FineSoFar.run(PerformableTree.java:340) [jbehave-core-4.0.5.jar:?]
	at org.jbehave.core.embedder.PerformableTree$PerformableSteps.perform(PerformableTree.java:1072) [jbehave-core-4.0.5.jar:?]
	at org.jbehave.core.embedder.PerformableTree$AbstractPerformableScenario.performRestartableSteps(PerformableTree.java:938) [jbehave-core-4.0.5.jar:?]
	at org.jbehave.core.embedder.PerformableTree$NormalPerformableScenario.perform(PerformableTree.java:977) [jbehave-core-4.0.5.jar:?]
	at org.jbehave.core.embedder.PerformableTree$PerformableScenario.perform(PerformableTree.java:887) [jbehave-core-4.0.5.jar:?]
	at org.jbehave.core.embedder.PerformableTree$PerformableStory.performScenarios(PerformableTree.java:811) [jbehave-core-4.0.5.jar:?]
	at org.jbehave.core.embedder.PerformableTree$PerformableStory.perform(PerformableTree.java:784) [jbehave-core-4.0.5.jar:?]
	at org.jbehave.core.embedder.PerformableTree.performCancellable(PerformableTree.java:416) [jbehave-core-4.0.5.jar:?]
	at org.jbehave.core.embedder.PerformableTree.perform(PerformableTree.java:387) [jbehave-core-4.0.5.jar:?]
	at org.jbehave.core.embedder.StoryManager$EnqueuedStory.call(StoryManager.java:291) [jbehave-core-4.0.5.jar:?]
	at org.jbehave.core.embedder.StoryManager$EnqueuedStory.call(StoryManager.java:265) [jbehave-core-4.0.5.jar:?]
	at java.util.concurrent.FutureTask.run(FutureTask.java:262) [?:1.7.0_79]
	at java.util.concurrent.ThreadPoolExecutor.runWorker(ThreadPoolExecutor.java:1145) [?:1.7.0_79]
	at java.util.concurrent.ThreadPoolExecutor$Worker.run(ThreadPoolExecutor.java:615) [?:1.7.0_79]
	at java.lang.Thread.run(Thread.java:745) [?:1.7.0_79]
Caused by: org.openqa.selenium.remote.UnreachableBrowserException: Could not start a new session. Possible causes are invalid address of the remote server or browser start-up failure.
Build info: version: '2.53.1', revision: 'a36b8b1cd5757287168e54b817830adce9b0158d', time: '2016-06-30 19:26:09'
System info: host: 'myDell', ip: '192.168.56.1', os.name: 'Windows 8.1', os.arch: 'amd64', os.version: '6.3', java.version: '1.7.0_79'
Driver info: driver.version: RemoteWebDriver
	at org.openqa.selenium.remote.RemoteWebDriver.execute(RemoteWebDriver.java:665) ~[selenium-remote-driver-2.53.1.jar:?]
	at org.openqa.selenium.remote.RemoteWebDriver.startSession(RemoteWebDriver.java:249) ~[selenium-remote-driver-2.53.1.jar:?]
	at org.openqa.selenium.remote.RemoteWebDriver.<init>(RemoteWebDriver.java:131) ~[selenium-remote-driver-2.53.1.jar:?]
	at org.openqa.selenium.remote.RemoteWebDriver.<init>(RemoteWebDriver.java:158) ~[selenium-remote-driver-2.53.1.jar:?]
	at net.serenitybdd.core.support.ManagedDriverService.newDriver(ManagedDriverService.java:35) ~[serenity-core-1.1.42.jar:1.1.42]
	at net.thucydides.core.webdriver.strategies.ChromeDriverBuilder.newInstance(ChromeDriverBuilder.java:55) ~[serenity-core-1.1.42.jar:1.1.42]
	at net.thucydides.core.webdriver.WebDriverFactory.newWebdriverInstance(WebDriverFactory.java:116) ~[serenity-core-1.1.42.jar:1.1.42]
	... 39 more
Caused by: java.net.SocketException: Connection reset
	at java.net.SocketInputStream.read(SocketInputStream.java:196) ~[?:1.7.0_79]
	at java.net.SocketInputStream.read(SocketInputStream.java:122) ~[?:1.7.0_79]
	at org.apache.http.impl.io.SessionInputBufferImpl.streamRead(SessionInputBufferImpl.java:139) ~[httpcore-4.4.4.jar:4.4.4]
	at org.apache.http.impl.io.SessionInputBufferImpl.fillBuffer(SessionInputBufferImpl.java:155) ~[httpcore-4.4.4.jar:4.4.4]
	at org.apache.http.impl.io.SessionInputBufferImpl.readLine(SessionInputBufferImpl.java:284) ~[httpcore-4.4.4.jar:4.4.4]
	at org.apache.http.impl.conn.DefaultHttpResponseParser.parseHead(DefaultHttpResponseParser.java:140) ~[httpclient-4.5.2.jar:4.5.2]
	at org.apache.http.impl.conn.DefaultHttpResponseParser.parseHead(DefaultHttpResponseParser.java:57) ~[httpclient-4.5.2.jar:4.5.2]
	at org.apache.http.impl.io.AbstractMessageParser.parse(AbstractMessageParser.java:261) ~[httpcore-4.4.4.jar:4.4.4]
	at org.apache.http.impl.DefaultBHttpClientConnection.receiveResponseHeader(DefaultBHttpClientConnection.java:165) ~[httpcore-4.4.4.jar:4.4.4]
	at org.apache.http.impl.conn.CPoolProxy.receiveResponseHeader(CPoolProxy.java:167) ~[httpclient-4.5.2.jar:4.5.2]
	at org.apache.http.protocol.HttpRequestExecutor.doReceiveResponse(HttpRequestExecutor.java:272) ~[httpcore-4.4.4.jar:4.4.4]
	at org.apache.http.protocol.HttpRequestExecutor.execute(HttpRequestExecutor.java:124) ~[httpcore-4.4.4.jar:4.4.4]
	at org.apache.http.impl.execchain.MainClientExec.execute(MainClientExec.java:271) ~[httpclient-4.5.2.jar:4.5.2]
	at org.apache.http.impl.execchain.ProtocolExec.execute(ProtocolExec.java:184) ~[httpclient-4.5.2.jar:4.5.2]
	at org.apache.http.impl.execchain.RetryExec.execute(RetryExec.java:88) ~[httpclient-4.5.2.jar:4.5.2]
	at org.apache.http.impl.execchain.RedirectExec.execute(RedirectExec.java:110) ~[httpclient-4.5.2.jar:4.5.2]
	at org.apache.http.impl.client.InternalHttpClient.doExecute(InternalHttpClient.java:184) ~[httpclient-4.5.2.jar:4.5.2]
	at org.apache.http.impl.client.CloseableHttpClient.execute(CloseableHttpClient.java:71) ~[httpclient-4.5.2.jar:4.5.2]
	at org.apache.http.impl.client.CloseableHttpClient.execute(CloseableHttpClient.java:55) ~[httpclient-4.5.2.jar:4.5.2]
	at org.openqa.selenium.remote.internal.ApacheHttpClient.fallBackExecute(ApacheHttpClient.java:144) ~[selenium-remote-driver-2.53.1.jar:?]
	at org.openqa.selenium.remote.internal.ApacheHttpClient.execute(ApacheHttpClient.java:90) ~[selenium-remote-driver-2.53.1.jar:?]
	at org.openqa.selenium.remote.HttpCommandExecutor.execute(HttpCommandExecutor.java:142) ~[selenium-remote-driver-2.53.1.jar:?]
	at org.openqa.selenium.remote.RemoteWebDriver.execute(RemoteWebDriver.java:644) ~[selenium-remote-driver-2.53.1.jar:?]
	at org.openqa.selenium.remote.RemoteWebDriver.startSession(RemoteWebDriver.java:249) ~[selenium-remote-driver-2.53.1.jar:?]
	at org.openqa.selenium.remote.RemoteWebDriver.<init>(RemoteWebDriver.java:131) ~[selenium-remote-driver-2.53.1.jar:?]
	at org.openqa.selenium.remote.RemoteWebDriver.<init>(RemoteWebDriver.java:158) ~[selenium-remote-driver-2.53.1.jar:?]
	at net.serenitybdd.core.support.ManagedDriverService.newDriver(ManagedDriverService.java:35) ~[serenity-core-1.1.42.jar:1.1.42]
	at net.thucydides.core.webdriver.strategies.ChromeDriverBuilder.newInstance(ChromeDriverBuilder.java:55) ~[serenity-core-1.1.42.jar:1.1.42]
	at net.thucydides.core.webdriver.WebDriverFactory.newWebdriverInstance(WebDriverFactory.java:116) ~[serenity-core-1.1.42.jar:1.1.42]
	... 39 more
2016-12-22 00:59:51 [pool-2-thread-1] ERROR Serenity:290 - 
           __  _____ _____ ____ _____   _____ _    ___ _     _____ ____  
  _       / / |_   _| ____/ ___|_   _| |  ___/ \  |_ _| |   | ____|  _ \ 
 (_)_____| |    | | |  _| \___ \ | |   | |_ / _ \  | || |   |  _| | | | |
  _|_____| |    | | | |___ ___) || |   |  _/ ___ \ | || |___| |___| |_| |
 (_)     | |    |_| |_____|____/ |_|   |_|/_/   \_\___|_____|_____|____/ 
          \_\                                                            

TEST FAILED WITH ERROR: TC101 - Lookup the definition of a word (Single Test Data)
---------------------------------------------------------------------
2016-12-22 00:59:51 [pool-2-thread-1] ERROR Serenity:325 - TEST FAILED AT STEP Is on homepage
2016-12-22 00:59:51 [pool-2-thread-1] ERROR Serenity:327 - Could not instantiate class org.openqa.selenium.chrome.ChromeDriver
2016-12-22 00:59:51 [pool-2-thread-1] INFO  Serenity:232 - 
 _____ _____ ____ _____   ____ _____  _    ____ _____ _____ ____  
|_   _| ____/ ___|_   _| / ___|_   _|/ \  |  _ \_   _| ____|  _ \ 
  | | |  _| \___ \ | |   \___ \ | | / _ \ | |_) || | |  _| | | | |
  | | | |___ ___) || |    ___) || |/ ___ \|  _ < | | | |___| |_| |
  |_| |_____|____/ |_|   |____/ |_/_/   \_\_| \_\|_| |_____|____/ 
                                                                  

TEST STARTED: TC102 - Looking up abbreviations (Multiple Test Data)
-------------------------------------------------------------------
2016-12-22 00:59:58 [pool-2-thread-1] ERROR WebDriverFacade:145 - FAILED TO CREATE NEW WEBDRIVER_DRIVER INSTANCE class org.openqa.selenium.chrome.ChromeDriver: Could not instantiate class org.openqa.selenium.chrome.ChromeDriver
net.thucydides.core.webdriver.UnsupportedDriverException: Could not instantiate class org.openqa.selenium.chrome.ChromeDriver
	at net.thucydides.core.webdriver.WebDriverFactory.newWebdriverInstance(WebDriverFactory.java:128) ~[serenity-core-1.1.42.jar:1.1.42]
	at net.thucydides.core.webdriver.WebDriverFacade.newDriverInstance(WebDriverFacade.java:142) [serenity-core-1.1.42.jar:1.1.42]
	at net.thucydides.core.webdriver.WebDriverFacade.newProxyDriver(WebDriverFacade.java:133) [serenity-core-1.1.42.jar:1.1.42]
	at net.thucydides.core.webdriver.WebDriverFacade.getProxiedDriver(WebDriverFacade.java:103) [serenity-core-1.1.42.jar:1.1.42]
	at net.thucydides.core.webdriver.WebDriverFacade.openIgnoringHtmlUnitScriptErrors(WebDriverFacade.java:178) [serenity-core-1.1.42.jar:1.1.42]
	at net.thucydides.core.webdriver.WebDriverFacade.get(WebDriverFacade.java:173) [serenity-core-1.1.42.jar:1.1.42]
	at net.serenitybdd.core.pages.PageObject.openPageAtUrl(PageObject.java:831) [serenity-core-1.1.42.jar:1.1.42]
	at net.serenitybdd.core.pages.PageObject.open(PageObject.java:741) [serenity-core-1.1.42.jar:1.1.42]
	at net.serenitybdd.core.pages.PageObject.open(PageObject.java:729) [serenity-core-1.1.42.jar:1.1.42]
	at com.bda.app.definitions.steps.DictionarySteps.isOnHomepage(DictionarySteps.java:48) [test-classes/:?]
	at com.bda.app.definitions.steps.DictionarySteps$$EnhancerByCGLIB$$54d3f141.CGLIB$isOnHomepage$0(<generated>) [cglib-3.1.jar:?]
	at com.bda.app.definitions.steps.DictionarySteps$$EnhancerByCGLIB$$54d3f141$$FastClassByCGLIB$$cf525009.invoke(<generated>) [cglib-3.1.jar:?]
	at net.sf.cglib.proxy.MethodProxy.invokeSuper(MethodProxy.java:228) [cglib-3.1.jar:?]
	at net.thucydides.core.steps.StepInterceptor.invokeMethod(StepInterceptor.java:372) [serenity-core-1.1.42.jar:1.1.42]
	at net.thucydides.core.steps.StepInterceptor.executeTestStepMethod(StepInterceptor.java:357) [serenity-core-1.1.42.jar:1.1.42]
	at net.thucydides.core.steps.StepInterceptor.runTestStep(StepInterceptor.java:332) [serenity-core-1.1.42.jar:1.1.42]
	at net.thucydides.core.steps.StepInterceptor.testStepResult(StepInterceptor.java:134) [serenity-core-1.1.42.jar:1.1.42]
	at net.thucydides.core.steps.StepInterceptor.intercept(StepInterceptor.java:61) [serenity-core-1.1.42.jar:1.1.42]
	at com.bda.app.definitions.steps.DictionarySteps$$EnhancerByCGLIB$$54d3f141.isOnHomepage(<generated>) [cglib-3.1.jar:?]
	at com.bda.app.definitions.DictionaryDefinitions.givenTheUserIsOnTheWiktionaryHomePage(DictionaryDefinitions.java:20) [test-classes/:?]
	at sun.reflect.NativeMethodAccessorImpl.invoke0(Native Method) ~[?:1.7.0_79]
	at sun.reflect.NativeMethodAccessorImpl.invoke(NativeMethodAccessorImpl.java:57) ~[?:1.7.0_79]
	at sun.reflect.DelegatingMethodAccessorImpl.invoke(DelegatingMethodAccessorImpl.java:43) ~[?:1.7.0_79]
	at java.lang.reflect.Method.invoke(Method.java:606) ~[?:1.7.0_79]
	at org.jbehave.core.steps.StepCreator$ParametrisedStep.perform(StepCreator.java:599) [jbehave-core-4.0.5.jar:?]
	at org.jbehave.core.embedder.PerformableTree$FineSoFar.run(PerformableTree.java:340) [jbehave-core-4.0.5.jar:?]
	at org.jbehave.core.embedder.PerformableTree$PerformableSteps.perform(PerformableTree.java:1072) [jbehave-core-4.0.5.jar:?]
	at org.jbehave.core.embedder.PerformableTree$AbstractPerformableScenario.performRestartableSteps(PerformableTree.java:938) [jbehave-core-4.0.5.jar:?]
	at org.jbehave.core.embedder.PerformableTree$ExamplePerformableScenario.perform(PerformableTree.java:1011) [jbehave-core-4.0.5.jar:?]
	at org.jbehave.core.embedder.PerformableTree$PerformableScenario.perform(PerformableTree.java:883) [jbehave-core-4.0.5.jar:?]
	at org.jbehave.core.embedder.PerformableTree$PerformableStory.performScenarios(PerformableTree.java:811) [jbehave-core-4.0.5.jar:?]
	at org.jbehave.core.embedder.PerformableTree$PerformableStory.perform(PerformableTree.java:784) [jbehave-core-4.0.5.jar:?]
	at org.jbehave.core.embedder.PerformableTree.performCancellable(PerformableTree.java:416) [jbehave-core-4.0.5.jar:?]
	at org.jbehave.core.embedder.PerformableTree.perform(PerformableTree.java:387) [jbehave-core-4.0.5.jar:?]
	at org.jbehave.core.embedder.StoryManager$EnqueuedStory.call(StoryManager.java:291) [jbehave-core-4.0.5.jar:?]
	at org.jbehave.core.embedder.StoryManager$EnqueuedStory.call(StoryManager.java:265) [jbehave-core-4.0.5.jar:?]
	at java.util.concurrent.FutureTask.run(FutureTask.java:262) [?:1.7.0_79]
	at java.util.concurrent.ThreadPoolExecutor.runWorker(ThreadPoolExecutor.java:1145) [?:1.7.0_79]
	at java.util.concurrent.ThreadPoolExecutor$Worker.run(ThreadPoolExecutor.java:615) [?:1.7.0_79]
	at java.lang.Thread.run(Thread.java:745) [?:1.7.0_79]
Caused by: org.openqa.selenium.remote.UnreachableBrowserException: Could not start a new session. Possible causes are invalid address of the remote server or browser start-up failure.
Build info: version: '2.53.1', revision: 'a36b8b1cd5757287168e54b817830adce9b0158d', time: '2016-06-30 19:26:09'
System info: host: 'myDell', ip: '192.168.56.1', os.name: 'Windows 8.1', os.arch: 'amd64', os.version: '6.3', java.version: '1.7.0_79'
Driver info: driver.version: RemoteWebDriver
	at org.openqa.selenium.remote.RemoteWebDriver.execute(RemoteWebDriver.java:665) ~[selenium-remote-driver-2.53.1.jar:?]
	at org.openqa.selenium.remote.RemoteWebDriver.startSession(RemoteWebDriver.java:249) ~[selenium-remote-driver-2.53.1.jar:?]
	at org.openqa.selenium.remote.RemoteWebDriver.<init>(RemoteWebDriver.java:131) ~[selenium-remote-driver-2.53.1.jar:?]
	at org.openqa.selenium.remote.RemoteWebDriver.<init>(RemoteWebDriver.java:158) ~[selenium-remote-driver-2.53.1.jar:?]
	at net.serenitybdd.core.support.ManagedDriverService.newDriver(ManagedDriverService.java:35) ~[serenity-core-1.1.42.jar:1.1.42]
	at net.thucydides.core.webdriver.strategies.ChromeDriverBuilder.newInstance(ChromeDriverBuilder.java:55) ~[serenity-core-1.1.42.jar:1.1.42]
	at net.thucydides.core.webdriver.WebDriverFactory.newWebdriverInstance(WebDriverFactory.java:116) ~[serenity-core-1.1.42.jar:1.1.42]
	... 39 more
Caused by: java.net.SocketException: Connection reset
	at java.net.SocketInputStream.read(SocketInputStream.java:196) ~[?:1.7.0_79]
	at java.net.SocketInputStream.read(SocketInputStream.java:122) ~[?:1.7.0_79]
	at org.apache.http.impl.io.SessionInputBufferImpl.streamRead(SessionInputBufferImpl.java:139) ~[httpcore-4.4.4.jar:4.4.4]
	at org.apache.http.impl.io.SessionInputBufferImpl.fillBuffer(SessionInputBufferImpl.java:155) ~[httpcore-4.4.4.jar:4.4.4]
	at org.apache.http.impl.io.SessionInputBufferImpl.readLine(SessionInputBufferImpl.java:284) ~[httpcore-4.4.4.jar:4.4.4]
	at org.apache.http.impl.conn.DefaultHttpResponseParser.parseHead(DefaultHttpResponseParser.java:140) ~[httpclient-4.5.2.jar:4.5.2]
	at org.apache.http.impl.conn.DefaultHttpResponseParser.parseHead(DefaultHttpResponseParser.java:57) ~[httpclient-4.5.2.jar:4.5.2]
	at org.apache.http.impl.io.AbstractMessageParser.parse(AbstractMessageParser.java:261) ~[httpcore-4.4.4.jar:4.4.4]
	at org.apache.http.impl.DefaultBHttpClientConnection.receiveResponseHeader(DefaultBHttpClientConnection.java:165) ~[httpcore-4.4.4.jar:4.4.4]
	at org.apache.http.impl.conn.CPoolProxy.receiveResponseHeader(CPoolProxy.java:167) ~[httpclient-4.5.2.jar:4.5.2]
	at org.apache.http.protocol.HttpRequestExecutor.doReceiveResponse(HttpRequestExecutor.java:272) ~[httpcore-4.4.4.jar:4.4.4]
	at org.apache.http.protocol.HttpRequestExecutor.execute(HttpRequestExecutor.java:124) ~[httpcore-4.4.4.jar:4.4.4]
	at org.apache.http.impl.execchain.MainClientExec.execute(MainClientExec.java:271) ~[httpclient-4.5.2.jar:4.5.2]
	at org.apache.http.impl.execchain.ProtocolExec.execute(ProtocolExec.java:184) ~[httpclient-4.5.2.jar:4.5.2]
	at org.apache.http.impl.execchain.RetryExec.execute(RetryExec.java:88) ~[httpclient-4.5.2.jar:4.5.2]
	at org.apache.http.impl.execchain.RedirectExec.execute(RedirectExec.java:110) ~[httpclient-4.5.2.jar:4.5.2]
	at org.apache.http.impl.client.InternalHttpClient.doExecute(InternalHttpClient.java:184) ~[httpclient-4.5.2.jar:4.5.2]
	at org.apache.http.impl.client.CloseableHttpClient.execute(CloseableHttpClient.java:71) ~[httpclient-4.5.2.jar:4.5.2]
	at org.apache.http.impl.client.CloseableHttpClient.execute(CloseableHttpClient.java:55) ~[httpclient-4.5.2.jar:4.5.2]
	at org.openqa.selenium.remote.internal.ApacheHttpClient.fallBackExecute(ApacheHttpClient.java:144) ~[selenium-remote-driver-2.53.1.jar:?]
	at org.openqa.selenium.remote.internal.ApacheHttpClient.execute(ApacheHttpClient.java:90) ~[selenium-remote-driver-2.53.1.jar:?]
	at org.openqa.selenium.remote.HttpCommandExecutor.execute(HttpCommandExecutor.java:142) ~[selenium-remote-driver-2.53.1.jar:?]
	at org.openqa.selenium.remote.RemoteWebDriver.execute(RemoteWebDriver.java:644) ~[selenium-remote-driver-2.53.1.jar:?]
	at org.openqa.selenium.remote.RemoteWebDriver.startSession(RemoteWebDriver.java:249) ~[selenium-remote-driver-2.53.1.jar:?]
	at org.openqa.selenium.remote.RemoteWebDriver.<init>(RemoteWebDriver.java:131) ~[selenium-remote-driver-2.53.1.jar:?]
	at org.openqa.selenium.remote.RemoteWebDriver.<init>(RemoteWebDriver.java:158) ~[selenium-remote-driver-2.53.1.jar:?]
	at net.serenitybdd.core.support.ManagedDriverService.newDriver(ManagedDriverService.java:35) ~[serenity-core-1.1.42.jar:1.1.42]
	at net.thucydides.core.webdriver.strategies.ChromeDriverBuilder.newInstance(ChromeDriverBuilder.java:55) ~[serenity-core-1.1.42.jar:1.1.42]
	at net.thucydides.core.webdriver.WebDriverFactory.newWebdriverInstance(WebDriverFactory.java:116) ~[serenity-core-1.1.42.jar:1.1.42]
	... 39 more
2016-12-22 01:00:05 [pool-2-thread-1] ERROR WebDriverFacade:145 - FAILED TO CREATE NEW WEBDRIVER_DRIVER INSTANCE class org.openqa.selenium.chrome.ChromeDriver: Could not instantiate class org.openqa.selenium.chrome.ChromeDriver
net.thucydides.core.webdriver.UnsupportedDriverException: Could not instantiate class org.openqa.selenium.chrome.ChromeDriver
	at net.thucydides.core.webdriver.WebDriverFactory.newWebdriverInstance(WebDriverFactory.java:128) ~[serenity-core-1.1.42.jar:1.1.42]
	at net.thucydides.core.webdriver.WebDriverFacade.newDriverInstance(WebDriverFacade.java:142) [serenity-core-1.1.42.jar:1.1.42]
	at net.thucydides.core.webdriver.WebDriverFacade.newProxyDriver(WebDriverFacade.java:133) [serenity-core-1.1.42.jar:1.1.42]
	at net.thucydides.core.webdriver.WebDriverFacade.getProxiedDriver(WebDriverFacade.java:103) [serenity-core-1.1.42.jar:1.1.42]
	at net.thucydides.core.webdriver.WebDriverFacade.openIgnoringHtmlUnitScriptErrors(WebDriverFacade.java:178) [serenity-core-1.1.42.jar:1.1.42]
	at net.thucydides.core.webdriver.WebDriverFacade.get(WebDriverFacade.java:173) [serenity-core-1.1.42.jar:1.1.42]
	at net.serenitybdd.core.pages.PageObject.openPageAtUrl(PageObject.java:831) [serenity-core-1.1.42.jar:1.1.42]
	at net.serenitybdd.core.pages.PageObject.open(PageObject.java:741) [serenity-core-1.1.42.jar:1.1.42]
	at net.serenitybdd.core.pages.PageObject.open(PageObject.java:729) [serenity-core-1.1.42.jar:1.1.42]
	at com.bda.app.definitions.steps.DictionarySteps.isOnHomepage(DictionarySteps.java:48) [test-classes/:?]
	at com.bda.app.definitions.steps.DictionarySteps$$EnhancerByCGLIB$$54d3f141.CGLIB$isOnHomepage$0(<generated>) [cglib-3.1.jar:?]
	at com.bda.app.definitions.steps.DictionarySteps$$EnhancerByCGLIB$$54d3f141$$FastClassByCGLIB$$cf525009.invoke(<generated>) [cglib-3.1.jar:?]
	at net.sf.cglib.proxy.MethodProxy.invokeSuper(MethodProxy.java:228) [cglib-3.1.jar:?]
	at net.thucydides.core.steps.StepInterceptor.invokeMethod(StepInterceptor.java:372) [serenity-core-1.1.42.jar:1.1.42]
	at net.thucydides.core.steps.StepInterceptor.executeTestStepMethod(StepInterceptor.java:357) [serenity-core-1.1.42.jar:1.1.42]
	at net.thucydides.core.steps.StepInterceptor.runTestStep(StepInterceptor.java:332) [serenity-core-1.1.42.jar:1.1.42]
	at net.thucydides.core.steps.StepInterceptor.testStepResult(StepInterceptor.java:134) [serenity-core-1.1.42.jar:1.1.42]
	at net.thucydides.core.steps.StepInterceptor.intercept(StepInterceptor.java:61) [serenity-core-1.1.42.jar:1.1.42]
	at com.bda.app.definitions.steps.DictionarySteps$$EnhancerByCGLIB$$54d3f141.isOnHomepage(<generated>) [cglib-3.1.jar:?]
	at com.bda.app.definitions.DictionaryDefinitions.givenTheUserIsOnTheWiktionaryHomePage(DictionaryDefinitions.java:20) [test-classes/:?]
	at sun.reflect.NativeMethodAccessorImpl.invoke0(Native Method) ~[?:1.7.0_79]
	at sun.reflect.NativeMethodAccessorImpl.invoke(NativeMethodAccessorImpl.java:57) ~[?:1.7.0_79]
	at sun.reflect.DelegatingMethodAccessorImpl.invoke(DelegatingMethodAccessorImpl.java:43) ~[?:1.7.0_79]
	at java.lang.reflect.Method.invoke(Method.java:606) ~[?:1.7.0_79]
	at org.jbehave.core.steps.StepCreator$ParametrisedStep.perform(StepCreator.java:599) [jbehave-core-4.0.5.jar:?]
	at org.jbehave.core.embedder.PerformableTree$FineSoFar.run(PerformableTree.java:340) [jbehave-core-4.0.5.jar:?]
	at org.jbehave.core.embedder.PerformableTree$PerformableSteps.perform(PerformableTree.java:1072) [jbehave-core-4.0.5.jar:?]
	at org.jbehave.core.embedder.PerformableTree$AbstractPerformableScenario.performRestartableSteps(PerformableTree.java:938) [jbehave-core-4.0.5.jar:?]
	at org.jbehave.core.embedder.PerformableTree$ExamplePerformableScenario.perform(PerformableTree.java:1011) [jbehave-core-4.0.5.jar:?]
	at org.jbehave.core.embedder.PerformableTree$PerformableScenario.perform(PerformableTree.java:883) [jbehave-core-4.0.5.jar:?]
	at org.jbehave.core.embedder.PerformableTree$PerformableStory.performScenarios(PerformableTree.java:811) [jbehave-core-4.0.5.jar:?]
	at org.jbehave.core.embedder.PerformableTree$PerformableStory.perform(PerformableTree.java:784) [jbehave-core-4.0.5.jar:?]
	at org.jbehave.core.embedder.PerformableTree.performCancellable(PerformableTree.java:416) [jbehave-core-4.0.5.jar:?]
	at org.jbehave.core.embedder.PerformableTree.perform(PerformableTree.java:387) [jbehave-core-4.0.5.jar:?]
	at org.jbehave.core.embedder.StoryManager$EnqueuedStory.call(StoryManager.java:291) [jbehave-core-4.0.5.jar:?]
	at org.jbehave.core.embedder.StoryManager$EnqueuedStory.call(StoryManager.java:265) [jbehave-core-4.0.5.jar:?]
	at java.util.concurrent.FutureTask.run(FutureTask.java:262) [?:1.7.0_79]
	at java.util.concurrent.ThreadPoolExecutor.runWorker(ThreadPoolExecutor.java:1145) [?:1.7.0_79]
	at java.util.concurrent.ThreadPoolExecutor$Worker.run(ThreadPoolExecutor.java:615) [?:1.7.0_79]
	at java.lang.Thread.run(Thread.java:745) [?:1.7.0_79]
Caused by: org.openqa.selenium.remote.UnreachableBrowserException: Could not start a new session. Possible causes are invalid address of the remote server or browser start-up failure.
Build info: version: '2.53.1', revision: 'a36b8b1cd5757287168e54b817830adce9b0158d', time: '2016-06-30 19:26:09'
System info: host: 'myDell', ip: '192.168.56.1', os.name: 'Windows 8.1', os.arch: 'amd64', os.version: '6.3', java.version: '1.7.0_79'
Driver info: driver.version: RemoteWebDriver
	at org.openqa.selenium.remote.RemoteWebDriver.execute(RemoteWebDriver.java:665) ~[selenium-remote-driver-2.53.1.jar:?]
	at org.openqa.selenium.remote.RemoteWebDriver.startSession(RemoteWebDriver.java:249) ~[selenium-remote-driver-2.53.1.jar:?]
	at org.openqa.selenium.remote.RemoteWebDriver.<init>(RemoteWebDriver.java:131) ~[selenium-remote-driver-2.53.1.jar:?]
	at org.openqa.selenium.remote.RemoteWebDriver.<init>(RemoteWebDriver.java:158) ~[selenium-remote-driver-2.53.1.jar:?]
	at net.serenitybdd.core.support.ManagedDriverService.newDriver(ManagedDriverService.java:35) ~[serenity-core-1.1.42.jar:1.1.42]
	at net.thucydides.core.webdriver.strategies.ChromeDriverBuilder.newInstance(ChromeDriverBuilder.java:55) ~[serenity-core-1.1.42.jar:1.1.42]
	at net.thucydides.core.webdriver.WebDriverFactory.newWebdriverInstance(WebDriverFactory.java:116) ~[serenity-core-1.1.42.jar:1.1.42]
	... 39 more
Caused by: java.net.SocketException: Connection reset
	at java.net.SocketInputStream.read(SocketInputStream.java:196) ~[?:1.7.0_79]
	at java.net.SocketInputStream.read(SocketInputStream.java:122) ~[?:1.7.0_79]
	at org.apache.http.impl.io.SessionInputBufferImpl.streamRead(SessionInputBufferImpl.java:139) ~[httpcore-4.4.4.jar:4.4.4]
	at org.apache.http.impl.io.SessionInputBufferImpl.fillBuffer(SessionInputBufferImpl.java:155) ~[httpcore-4.4.4.jar:4.4.4]
	at org.apache.http.impl.io.SessionInputBufferImpl.readLine(SessionInputBufferImpl.java:284) ~[httpcore-4.4.4.jar:4.4.4]
	at org.apache.http.impl.conn.DefaultHttpResponseParser.parseHead(DefaultHttpResponseParser.java:140) ~[httpclient-4.5.2.jar:4.5.2]
	at org.apache.http.impl.conn.DefaultHttpResponseParser.parseHead(DefaultHttpResponseParser.java:57) ~[httpclient-4.5.2.jar:4.5.2]
	at org.apache.http.impl.io.AbstractMessageParser.parse(AbstractMessageParser.java:261) ~[httpcore-4.4.4.jar:4.4.4]
	at org.apache.http.impl.DefaultBHttpClientConnection.receiveResponseHeader(DefaultBHttpClientConnection.java:165) ~[httpcore-4.4.4.jar:4.4.4]
	at org.apache.http.impl.conn.CPoolProxy.receiveResponseHeader(CPoolProxy.java:167) ~[httpclient-4.5.2.jar:4.5.2]
	at org.apache.http.protocol.HttpRequestExecutor.doReceiveResponse(HttpRequestExecutor.java:272) ~[httpcore-4.4.4.jar:4.4.4]
	at org.apache.http.protocol.HttpRequestExecutor.execute(HttpRequestExecutor.java:124) ~[httpcore-4.4.4.jar:4.4.4]
	at org.apache.http.impl.execchain.MainClientExec.execute(MainClientExec.java:271) ~[httpclient-4.5.2.jar:4.5.2]
	at org.apache.http.impl.execchain.ProtocolExec.execute(ProtocolExec.java:184) ~[httpclient-4.5.2.jar:4.5.2]
	at org.apache.http.impl.execchain.RetryExec.execute(RetryExec.java:88) ~[httpclient-4.5.2.jar:4.5.2]
	at org.apache.http.impl.execchain.RedirectExec.execute(RedirectExec.java:110) ~[httpclient-4.5.2.jar:4.5.2]
	at org.apache.http.impl.client.InternalHttpClient.doExecute(InternalHttpClient.java:184) ~[httpclient-4.5.2.jar:4.5.2]
	at org.apache.http.impl.client.CloseableHttpClient.execute(CloseableHttpClient.java:71) ~[httpclient-4.5.2.jar:4.5.2]
	at org.apache.http.impl.client.CloseableHttpClient.execute(CloseableHttpClient.java:55) ~[httpclient-4.5.2.jar:4.5.2]
	at org.openqa.selenium.remote.internal.ApacheHttpClient.fallBackExecute(ApacheHttpClient.java:144) ~[selenium-remote-driver-2.53.1.jar:?]
	at org.openqa.selenium.remote.internal.ApacheHttpClient.execute(ApacheHttpClient.java:90) ~[selenium-remote-driver-2.53.1.jar:?]
	at org.openqa.selenium.remote.HttpCommandExecutor.execute(HttpCommandExecutor.java:142) ~[selenium-remote-driver-2.53.1.jar:?]
	at org.openqa.selenium.remote.RemoteWebDriver.execute(RemoteWebDriver.java:644) ~[selenium-remote-driver-2.53.1.jar:?]
	at org.openqa.selenium.remote.RemoteWebDriver.startSession(RemoteWebDriver.java:249) ~[selenium-remote-driver-2.53.1.jar:?]
	at org.openqa.selenium.remote.RemoteWebDriver.<init>(RemoteWebDriver.java:131) ~[selenium-remote-driver-2.53.1.jar:?]
	at org.openqa.selenium.remote.RemoteWebDriver.<init>(RemoteWebDriver.java:158) ~[selenium-remote-driver-2.53.1.jar:?]
	at net.serenitybdd.core.support.ManagedDriverService.newDriver(ManagedDriverService.java:35) ~[serenity-core-1.1.42.jar:1.1.42]
	at net.thucydides.core.webdriver.strategies.ChromeDriverBuilder.newInstance(ChromeDriverBuilder.java:55) ~[serenity-core-1.1.42.jar:1.1.42]
	at net.thucydides.core.webdriver.WebDriverFactory.newWebdriverInstance(WebDriverFactory.java:116) ~[serenity-core-1.1.42.jar:1.1.42]
	... 39 more
2016-12-22 01:00:11 [pool-2-thread-1] ERROR WebDriverFacade:145 - FAILED TO CREATE NEW WEBDRIVER_DRIVER INSTANCE class org.openqa.selenium.chrome.ChromeDriver: Could not instantiate class org.openqa.selenium.chrome.ChromeDriver
net.thucydides.core.webdriver.UnsupportedDriverException: Could not instantiate class org.openqa.selenium.chrome.ChromeDriver
	at net.thucydides.core.webdriver.WebDriverFactory.newWebdriverInstance(WebDriverFactory.java:128) ~[serenity-core-1.1.42.jar:1.1.42]
	at net.thucydides.core.webdriver.WebDriverFacade.newDriverInstance(WebDriverFacade.java:142) [serenity-core-1.1.42.jar:1.1.42]
	at net.thucydides.core.webdriver.WebDriverFacade.newProxyDriver(WebDriverFacade.java:133) [serenity-core-1.1.42.jar:1.1.42]
	at net.thucydides.core.webdriver.WebDriverFacade.getProxiedDriver(WebDriverFacade.java:103) [serenity-core-1.1.42.jar:1.1.42]
	at net.thucydides.core.webdriver.WebDriverFacade.openIgnoringHtmlUnitScriptErrors(WebDriverFacade.java:178) [serenity-core-1.1.42.jar:1.1.42]
	at net.thucydides.core.webdriver.WebDriverFacade.get(WebDriverFacade.java:173) [serenity-core-1.1.42.jar:1.1.42]
	at net.serenitybdd.core.pages.PageObject.openPageAtUrl(PageObject.java:831) [serenity-core-1.1.42.jar:1.1.42]
	at net.serenitybdd.core.pages.PageObject.open(PageObject.java:741) [serenity-core-1.1.42.jar:1.1.42]
	at net.serenitybdd.core.pages.PageObject.open(PageObject.java:729) [serenity-core-1.1.42.jar:1.1.42]
	at com.bda.app.definitions.steps.DictionarySteps.isOnHomepage(DictionarySteps.java:48) [test-classes/:?]
	at com.bda.app.definitions.steps.DictionarySteps$$EnhancerByCGLIB$$54d3f141.CGLIB$isOnHomepage$0(<generated>) [cglib-3.1.jar:?]
	at com.bda.app.definitions.steps.DictionarySteps$$EnhancerByCGLIB$$54d3f141$$FastClassByCGLIB$$cf525009.invoke(<generated>) [cglib-3.1.jar:?]
	at net.sf.cglib.proxy.MethodProxy.invokeSuper(MethodProxy.java:228) [cglib-3.1.jar:?]
	at net.thucydides.core.steps.StepInterceptor.invokeMethod(StepInterceptor.java:372) [serenity-core-1.1.42.jar:1.1.42]
	at net.thucydides.core.steps.StepInterceptor.executeTestStepMethod(StepInterceptor.java:357) [serenity-core-1.1.42.jar:1.1.42]
	at net.thucydides.core.steps.StepInterceptor.runTestStep(StepInterceptor.java:332) [serenity-core-1.1.42.jar:1.1.42]
	at net.thucydides.core.steps.StepInterceptor.testStepResult(StepInterceptor.java:134) [serenity-core-1.1.42.jar:1.1.42]
	at net.thucydides.core.steps.StepInterceptor.intercept(StepInterceptor.java:61) [serenity-core-1.1.42.jar:1.1.42]
	at com.bda.app.definitions.steps.DictionarySteps$$EnhancerByCGLIB$$54d3f141.isOnHomepage(<generated>) [cglib-3.1.jar:?]
	at com.bda.app.definitions.DictionaryDefinitions.givenTheUserIsOnTheWiktionaryHomePage(DictionaryDefinitions.java:20) [test-classes/:?]
	at sun.reflect.NativeMethodAccessorImpl.invoke0(Native Method) ~[?:1.7.0_79]
	at sun.reflect.NativeMethodAccessorImpl.invoke(NativeMethodAccessorImpl.java:57) ~[?:1.7.0_79]
	at sun.reflect.DelegatingMethodAccessorImpl.invoke(DelegatingMethodAccessorImpl.java:43) ~[?:1.7.0_79]
	at java.lang.reflect.Method.invoke(Method.java:606) ~[?:1.7.0_79]
	at org.jbehave.core.steps.StepCreator$ParametrisedStep.perform(StepCreator.java:599) [jbehave-core-4.0.5.jar:?]
	at org.jbehave.core.embedder.PerformableTree$FineSoFar.run(PerformableTree.java:340) [jbehave-core-4.0.5.jar:?]
	at org.jbehave.core.embedder.PerformableTree$PerformableSteps.perform(PerformableTree.java:1072) [jbehave-core-4.0.5.jar:?]
	at org.jbehave.core.embedder.PerformableTree$AbstractPerformableScenario.performRestartableSteps(PerformableTree.java:938) [jbehave-core-4.0.5.jar:?]
	at org.jbehave.core.embedder.PerformableTree$ExamplePerformableScenario.perform(PerformableTree.java:1011) [jbehave-core-4.0.5.jar:?]
	at org.jbehave.core.embedder.PerformableTree$PerformableScenario.perform(PerformableTree.java:883) [jbehave-core-4.0.5.jar:?]
	at org.jbehave.core.embedder.PerformableTree$PerformableStory.performScenarios(PerformableTree.java:811) [jbehave-core-4.0.5.jar:?]
	at org.jbehave.core.embedder.PerformableTree$PerformableStory.perform(PerformableTree.java:784) [jbehave-core-4.0.5.jar:?]
	at org.jbehave.core.embedder.PerformableTree.performCancellable(PerformableTree.java:416) [jbehave-core-4.0.5.jar:?]
	at org.jbehave.core.embedder.PerformableTree.perform(PerformableTree.java:387) [jbehave-core-4.0.5.jar:?]
	at org.jbehave.core.embedder.StoryManager$EnqueuedStory.call(StoryManager.java:291) [jbehave-core-4.0.5.jar:?]
	at org.jbehave.core.embedder.StoryManager$EnqueuedStory.call(StoryManager.java:265) [jbehave-core-4.0.5.jar:?]
	at java.util.concurrent.FutureTask.run(FutureTask.java:262) [?:1.7.0_79]
	at java.util.concurrent.ThreadPoolExecutor.runWorker(ThreadPoolExecutor.java:1145) [?:1.7.0_79]
	at java.util.concurrent.ThreadPoolExecutor$Worker.run(ThreadPoolExecutor.java:615) [?:1.7.0_79]
	at java.lang.Thread.run(Thread.java:745) [?:1.7.0_79]
Caused by: org.openqa.selenium.remote.UnreachableBrowserException: Could not start a new session. Possible causes are invalid address of the remote server or browser start-up failure.
Build info: version: '2.53.1', revision: 'a36b8b1cd5757287168e54b817830adce9b0158d', time: '2016-06-30 19:26:09'
System info: host: 'myDell', ip: '192.168.56.1', os.name: 'Windows 8.1', os.arch: 'amd64', os.version: '6.3', java.version: '1.7.0_79'
Driver info: driver.version: RemoteWebDriver
	at org.openqa.selenium.remote.RemoteWebDriver.execute(RemoteWebDriver.java:665) ~[selenium-remote-driver-2.53.1.jar:?]
	at org.openqa.selenium.remote.RemoteWebDriver.startSession(RemoteWebDriver.java:249) ~[selenium-remote-driver-2.53.1.jar:?]
	at org.openqa.selenium.remote.RemoteWebDriver.<init>(RemoteWebDriver.java:131) ~[selenium-remote-driver-2.53.1.jar:?]
	at org.openqa.selenium.remote.RemoteWebDriver.<init>(RemoteWebDriver.java:158) ~[selenium-remote-driver-2.53.1.jar:?]
	at net.serenitybdd.core.support.ManagedDriverService.newDriver(ManagedDriverService.java:35) ~[serenity-core-1.1.42.jar:1.1.42]
	at net.thucydides.core.webdriver.strategies.ChromeDriverBuilder.newInstance(ChromeDriverBuilder.java:55) ~[serenity-core-1.1.42.jar:1.1.42]
	at net.thucydides.core.webdriver.WebDriverFactory.newWebdriverInstance(WebDriverFactory.java:116) ~[serenity-core-1.1.42.jar:1.1.42]
	... 39 more
Caused by: java.net.SocketException: Connection reset
	at java.net.SocketInputStream.read(SocketInputStream.java:196) ~[?:1.7.0_79]
	at java.net.SocketInputStream.read(SocketInputStream.java:122) ~[?:1.7.0_79]
	at org.apache.http.impl.io.SessionInputBufferImpl.streamRead(SessionInputBufferImpl.java:139) ~[httpcore-4.4.4.jar:4.4.4]
	at org.apache.http.impl.io.SessionInputBufferImpl.fillBuffer(SessionInputBufferImpl.java:155) ~[httpcore-4.4.4.jar:4.4.4]
	at org.apache.http.impl.io.SessionInputBufferImpl.readLine(SessionInputBufferImpl.java:284) ~[httpcore-4.4.4.jar:4.4.4]
	at org.apache.http.impl.conn.DefaultHttpResponseParser.parseHead(DefaultHttpResponseParser.java:140) ~[httpclient-4.5.2.jar:4.5.2]
	at org.apache.http.impl.conn.DefaultHttpResponseParser.parseHead(DefaultHttpResponseParser.java:57) ~[httpclient-4.5.2.jar:4.5.2]
	at org.apache.http.impl.io.AbstractMessageParser.parse(AbstractMessageParser.java:261) ~[httpcore-4.4.4.jar:4.4.4]
	at org.apache.http.impl.DefaultBHttpClientConnection.receiveResponseHeader(DefaultBHttpClientConnection.java:165) ~[httpcore-4.4.4.jar:4.4.4]
	at org.apache.http.impl.conn.CPoolProxy.receiveResponseHeader(CPoolProxy.java:167) ~[httpclient-4.5.2.jar:4.5.2]
	at org.apache.http.protocol.HttpRequestExecutor.doReceiveResponse(HttpRequestExecutor.java:272) ~[httpcore-4.4.4.jar:4.4.4]
	at org.apache.http.protocol.HttpRequestExecutor.execute(HttpRequestExecutor.java:124) ~[httpcore-4.4.4.jar:4.4.4]
	at org.apache.http.impl.execchain.MainClientExec.execute(MainClientExec.java:271) ~[httpclient-4.5.2.jar:4.5.2]
	at org.apache.http.impl.execchain.ProtocolExec.execute(ProtocolExec.java:184) ~[httpclient-4.5.2.jar:4.5.2]
	at org.apache.http.impl.execchain.RetryExec.execute(RetryExec.java:88) ~[httpclient-4.5.2.jar:4.5.2]
	at org.apache.http.impl.execchain.RedirectExec.execute(RedirectExec.java:110) ~[httpclient-4.5.2.jar:4.5.2]
	at org.apache.http.impl.client.InternalHttpClient.doExecute(InternalHttpClient.java:184) ~[httpclient-4.5.2.jar:4.5.2]
	at org.apache.http.impl.client.CloseableHttpClient.execute(CloseableHttpClient.java:71) ~[httpclient-4.5.2.jar:4.5.2]
	at org.apache.http.impl.client.CloseableHttpClient.execute(CloseableHttpClient.java:55) ~[httpclient-4.5.2.jar:4.5.2]
	at org.openqa.selenium.remote.internal.ApacheHttpClient.fallBackExecute(ApacheHttpClient.java:144) ~[selenium-remote-driver-2.53.1.jar:?]
	at org.openqa.selenium.remote.internal.ApacheHttpClient.execute(ApacheHttpClient.java:90) ~[selenium-remote-driver-2.53.1.jar:?]
	at org.openqa.selenium.remote.HttpCommandExecutor.execute(HttpCommandExecutor.java:142) ~[selenium-remote-driver-2.53.1.jar:?]
	at org.openqa.selenium.remote.RemoteWebDriver.execute(RemoteWebDriver.java:644) ~[selenium-remote-driver-2.53.1.jar:?]
	at org.openqa.selenium.remote.RemoteWebDriver.startSession(RemoteWebDriver.java:249) ~[selenium-remote-driver-2.53.1.jar:?]
	at org.openqa.selenium.remote.RemoteWebDriver.<init>(RemoteWebDriver.java:131) ~[selenium-remote-driver-2.53.1.jar:?]
	at org.openqa.selenium.remote.RemoteWebDriver.<init>(RemoteWebDriver.java:158) ~[selenium-remote-driver-2.53.1.jar:?]
	at net.serenitybdd.core.support.ManagedDriverService.newDriver(ManagedDriverService.java:35) ~[serenity-core-1.1.42.jar:1.1.42]
	at net.thucydides.core.webdriver.strategies.ChromeDriverBuilder.newInstance(ChromeDriverBuilder.java:55) ~[serenity-core-1.1.42.jar:1.1.42]
	at net.thucydides.core.webdriver.WebDriverFactory.newWebdriverInstance(WebDriverFactory.java:116) ~[serenity-core-1.1.42.jar:1.1.42]
	... 39 more
2016-12-22 01:00:11 [pool-2-thread-1] ERROR Serenity:290 - 
           __  _____ _____ ____ _____   _____ _    ___ _     _____ ____  
  _       / / |_   _| ____/ ___|_   _| |  ___/ \  |_ _| |   | ____|  _ \ 
 (_)_____| |    | | |  _| \___ \ | |   | |_ / _ \  | || |   |  _| | | | |
  _|_____| |    | | | |___ ___) || |   |  _/ ___ \ | || |___| |___| |_| |
 (_)     | |    |_| |_____|____/ |_|   |_|/_/   \_\___|_____|_____|____/ 
          \_\                                                            

TEST FAILED WITH ERROR: TC102 - Looking up abbreviations (Multiple Test Data)
---------------------------------------------------------------------
2016-12-22 01:00:11 [pool-2-thread-1] ERROR Serenity:325 - TEST FAILED AT STEP Is on homepage
2016-12-22 01:00:11 [pool-2-thread-1] ERROR Serenity:327 - Could not instantiate class org.openqa.selenium.chrome.ChromeDriver
2016-12-22 01:03:17 [main] INFO  PropertiesFileLocalPreferences:129 - webdriver.base.url=http://en.wiktionary.org/wiki/Wiktionary
2016-12-22 01:03:17 [main] INFO  PropertiesFileLocalPreferences:129 - story.timeout.in.secs=3600
2016-12-22 01:03:17 [main] INFO  PropertiesFileLocalPreferences:129 - serenity.reports.show.step.details=false
2016-12-22 01:03:17 [main] INFO  PropertiesFileLocalPreferences:129 - serenity.report.show.manual.tests=false
2016-12-22 01:03:17 [main] INFO  PropertiesFileLocalPreferences:129 - serenity.keep.unscaled.screenshots=true
2016-12-22 01:03:17 [main] INFO  PropertiesFileLocalPreferences:129 - security.enable_java=true
2016-12-22 01:03:17 [main] INFO  PropertiesFileLocalPreferences:129 - serenity.project.name=Behavior Driven Automation Framework
2016-12-22 01:03:17 [main] INFO  PropertiesFileLocalPreferences:129 - serenity.take.screenshots=AFTER_EACH_STEP
2016-12-22 01:03:17 [main] INFO  PropertiesFileLocalPreferences:129 - serenity.resized.image.width=1920
2016-12-22 01:03:17 [main] INFO  PropertiesFileLocalPreferences:129 - chrome.switches=--disable-extensions
2016-12-22 01:03:17 [main] INFO  PropertiesFileLocalPreferences:129 - serenity.requirement.types=test suite, capability, feature, story
2016-12-22 01:03:17 [main] INFO  PropertiesFileLocalPreferences:129 - serenity.maintain.session=true
2016-12-22 01:03:17 [main] INFO  PropertiesFileLocalPreferences:129 - dashboard.excluded.tag.list=test suite, story
2016-12-22 01:03:17 [main] INFO  PropertiesFileLocalPreferences:129 - webdriver.chrome.driver=drivers/chromedriver.exe
2016-12-22 01:03:17 [main] INFO  PropertiesFileLocalPreferences:129 - serenity.timeout=5000
2016-12-22 01:03:17 [main] INFO  PropertiesFileLocalPreferences:129 - webdriver.wait.for.timeout=60000
2016-12-22 01:03:17 [main] INFO  PropertiesFileLocalPreferences:129 - webdriver.timeouts.implicitlywait=10000
2016-12-22 01:03:18 [pool-2-thread-1] INFO  ReportingEmbedderMonitor:173 - 1958172823story running with path stories/AcceptanceTestSuite/Capability/Feature/STR101-LookupADefinition.story
2016-12-22 01:03:18 [pool-2-thread-1] INFO  Serenity:193 - 

-------------------------------------------------------------------------------------
     _______. _______ .______       _______ .__   __.  __  .___________.____    ____ 
    /       ||   ____||   _  \     |   ____||  \ |  | |  | |           |\   \  /   / 
   |   (----`|  |__   |  |_)  |    |  |__   |   \|  | |  | `---|  |----` \   \/   /  
    \   \    |   __|  |      /     |   __|  |  . `  | |  |     |  |       \_    _/   
.----)   |   |  |____ |  |\  \----.|  |____ |  |\   | |  |     |  |         |  |     
|_______/    |_______|| _| `._____||_______||__| \__| |__|     |__|         |__|    
-------------------------------------------------------------------------------------

2016-12-22 01:03:18 [pool-2-thread-1] INFO  Serenity:222 - Test Suite Started: Lookup a definition
2016-12-22 01:03:18 [pool-2-thread-1] INFO  Serenity:232 - 
 _____ _____ ____ _____   ____ _____  _    ____ _____ _____ ____  
|_   _| ____/ ___|_   _| / ___|_   _|/ \  |  _ \_   _| ____|  _ \ 
  | | |  _| \___ \ | |   \___ \ | | / _ \ | |_) || | |  _| | | | |
  | | | |___ ___) || |    ___) || |/ ___ \|  _ < | | | |___| |_| |
  |_| |_____|____/ |_|   |____/ |_/_/   \_\_| \_\|_| |_____|____/ 
                                                                  

TEST STARTED: TC101 - Lookup the definition of a word (Single Test Data)
-------------------------------------------------------------------
2016-12-22 01:03:38 [pool-2-thread-1] INFO  BaseElement:40 - Clicked on element located By.name: search
2016-12-22 01:03:39 [pool-2-thread-1] INFO  InputText:66 - Element located By.name: search has value: pear
2016-12-22 01:03:41 [pool-2-thread-1] INFO  BaseElement:40 - Clicked on element located By.name: go
2016-12-22 01:03:43 [pool-2-thread-1] INFO  Serenity:354 - 
        __    _____ _____ ____ _____   ____   _    ____  ____  _____ ____  
  _     \ \  |_   _| ____/ ___|_   _| |  _ \ / \  / ___|/ ___|| ____|  _ \ 
 (_)_____| |   | | |  _| \___ \ | |   | |_) / _ \ \___ \\___ \|  _| | | | |
  _|_____| |   | | | |___ ___) || |   |  __/ ___ \ ___) |___) | |___| |_| |
 (_)     | |   |_| |_____|____/ |_|   |_| /_/   \_\____/|____/|_____|____/ 
        /_/                                                                

TEST PASSED: TC101 - Lookup the definition of a word (Single Test Data)
----------------------------------------------------------------------------
2016-12-22 01:03:43 [pool-2-thread-1] INFO  Serenity:232 - 
 _____ _____ ____ _____   ____ _____  _    ____ _____ _____ ____  
|_   _| ____/ ___|_   _| / ___|_   _|/ \  |  _ \_   _| ____|  _ \ 
  | | |  _| \___ \ | |   \___ \ | | / _ \ | |_) || | |  _| | | | |
  | | | |___ ___) || |    ___) || |/ ___ \|  _ < | | | |___| |_| |
  |_| |_____|____/ |_|   |____/ |_/_/   \_\_| \_\|_| |_____|____/ 
                                                                  

TEST STARTED: TC102 - Looking up abbreviations (Multiple Test Data)
-------------------------------------------------------------------
2016-12-22 01:03:45 [pool-2-thread-1] INFO  BaseElement:40 - Clicked on element located By.name: search
2016-12-22 01:03:45 [pool-2-thread-1] INFO  InputText:66 - Element located By.name: search has value: USA
2016-12-22 01:03:47 [pool-2-thread-1] INFO  BaseElement:40 - Clicked on element located By.name: go
2016-12-22 01:03:50 [pool-2-thread-1] INFO  BaseElement:40 - Clicked on element located By.name: search
2016-12-22 01:03:50 [pool-2-thread-1] INFO  InputText:66 - Element located By.name: search has value: HTML
2016-12-22 01:03:54 [pool-2-thread-1] INFO  BaseElement:40 - Clicked on element located By.name: go
2016-12-22 01:03:57 [pool-2-thread-1] INFO  BaseElement:40 - Clicked on element located By.name: search
2016-12-22 01:03:57 [pool-2-thread-1] INFO  InputText:66 - Element located By.name: search has value: CSS
2016-12-22 01:03:59 [pool-2-thread-1] INFO  BaseElement:40 - Clicked on element located By.name: go
2016-12-22 01:04:00 [pool-2-thread-1] ERROR Serenity:278 - 
           __  _____ _____ ____ _____   _____ _    ___ _     _____ ____  
  _       / / |_   _| ____/ ___|_   _| |  ___/ \  |_ _| |   | ____|  _ \ 
 (_)_____| |    | | |  _| \___ \ | |   | |_ / _ \  | || |   |  _| | | | |
  _|_____| |    | | | |___ ___) || |   |  _/ ___ \ | || |___| |___| |_| |
 (_)     | |    |_| |_____|____/ |_|   |_|/_/   \_\___|_____|_____|____/ 
          \_\                                                            

TEST FAILED: TC102 - Looking up abbreviations (Multiple Test Data)
--------------------------------------------------------------------------
2016-12-22 01:04:00 [pool-2-thread-1] ERROR Serenity:325 - TEST FAILED AT STEP Can view definition of: Hyper Text Markup Language
2016-12-22 01:04:00 [pool-2-thread-1] ERROR Serenity:327 - Expected: a collection containing a string containing "Hyper Text Markup Language" but: was "Initialism of Hypertext Markup Language."
